<test-run id="2" testcasecount="145" result="Passed" start-time="2024-11-26 08:28:08.537562" end-time="2024-11-26 08:29:44.918456" duration="96" total="145" passed="145" failed="0" inconclusive="0" skipped="0" asserts="0" clr-version="3.9.6 (default, Oct  4 2024, 08:01:31) &#10;[Clang 16.0.0 (clang-1600.0.26.4)]" engine-version="3.6.2"><command-line>/Users/omri.mendels/Library/Caches/pypoetry/virtualenvs/presidio-evaluator-nCKHFi6i-py3.9/bin/pytest --runslow</command-line><filter /><test-suite id="tests/test_record_generator.py" name="tests/test_record_generator.py" fullname="tests/test_record_generator.py" methodname="" classname="" runstate="Runnable" type="Assembly" testcasecount="7" result="Passed" label="" start-time="2024-11-26 08:29:21.237304" end-time="2024-11-26 08:29:21.804846" duration="0.567542" asserts="0" total="7" passed="7" failed="0" warnings="0" inconclusive="0" skipped="0"><properties><property name="python_version" value="3.9.6 (default, Oct  4 2024, 08:01:31) &#10;[Clang 16.0.0 (clang-1600.0.26.4)]" /></properties><test-case id="191" name="tests/test_record_generator.py::test_record_generator[My name is {{name}} and my email is {{email}}-My name is 1 and my email is a]" fullname="tests/test_record_generator.py::test_record_generator[My name is {{name}} and my email is {{email}}-My name is 1 and my email is a]" methodname="test_record_generator[My name is {{name}} and my email is {{email}}-My name is 1 and my email is a]" classname="tests/test_record_generator.py" runstate="Runnable" seed="1" result="Passed" label="" start-time="2024-11-26 08:29:21.237304" end-time="2024-11-26 08:29:21.358937" duration="0.121633" asserts="0"><properties><property name="python-version" value="3.9.6 (default, Oct  4 2024, 08:01:31) &#10;[Clang 16.0.0 (clang-1600.0.26.4)]" /><property name="fspath" value="tests/test_record_generator.py" /></properties><environment framework-version="3.6.2" clr-version="3.9.6 (default, Oct  4 2024, 08:01:31) &#10;[Clang 16.0.0 (clang-1600.0.26.4)]" os-version="24.1.0" platform="Darwin" cwd="/Users/omri.mendels/Library/CloudStorage/OneDrive-Microsoft/Projects/presidio/code/presidio-research" machine-name="arm64" user="" user-domain="" culture="en-US" uiculture="en-US" os-architecture="64bit" /><failure><message><![CDATA[]]></message><stack-trace><![CDATA[None]]></stack-trace></failure><reason><message><![CDATA[]]></message></reason><output><![CDATA[]]></output></test-case><test-case id="192" name="tests/test_record_generator.py::test_record_generator[My name is {{name}}-My name is 1]" fullname="tests/test_record_generator.py::test_record_generator[My name is {{name}}-My name is 1]" methodname="test_record_generator[My name is {{name}}-My name is 1]" classname="tests/test_record_generator.py" runstate="Runnable" seed="1" result="Passed" label="" start-time="2024-11-26 08:29:21.359294" end-time="2024-11-26 08:29:21.429928" duration="0.070634" asserts="0"><properties><property name="python-version" value="3.9.6 (default, Oct  4 2024, 08:01:31) &#10;[Clang 16.0.0 (clang-1600.0.26.4)]" /><property name="fspath" value="tests/test_record_generator.py" /></properties><environment framework-version="3.6.2" clr-version="3.9.6 (default, Oct  4 2024, 08:01:31) &#10;[Clang 16.0.0 (clang-1600.0.26.4)]" os-version="24.1.0" platform="Darwin" cwd="/Users/omri.mendels/Library/CloudStorage/OneDrive-Microsoft/Projects/presidio/code/presidio-research" machine-name="arm64" user="" user-domain="" culture="en-US" uiculture="en-US" os-architecture="64bit" /><failure><message><![CDATA[]]></message><stack-trace><![CDATA[None]]></stack-trace></failure><reason><message><![CDATA[]]></message></reason><output><![CDATA[]]></output></test-case><test-case id="193" name="tests/test_record_generator.py::test_record_generator[My name is {{name}} {{foo}}.-My name is 1 bar.]" fullname="tests/test_record_generator.py::test_record_generator[My name is {{name}} {{foo}}.-My name is 1 bar.]" methodname="test_record_generator[My name is {{name}} {{foo}}.-My name is 1 bar.]" classname="tests/test_record_generator.py" runstate="Runnable" seed="1" result="Passed" label="" start-time="2024-11-26 08:29:21.430344" end-time="2024-11-26 08:29:21.501321" duration="0.070977" asserts="0"><properties><property name="python-version" value="3.9.6 (default, Oct  4 2024, 08:01:31) &#10;[Clang 16.0.0 (clang-1600.0.26.4)]" /><property name="fspath" value="tests/test_record_generator.py" /></properties><environment framework-version="3.6.2" clr-version="3.9.6 (default, Oct  4 2024, 08:01:31) &#10;[Clang 16.0.0 (clang-1600.0.26.4)]" os-version="24.1.0" platform="Darwin" cwd="/Users/omri.mendels/Library/CloudStorage/OneDrive-Microsoft/Projects/presidio/code/presidio-research" machine-name="arm64" user="" user-domain="" culture="en-US" uiculture="en-US" os-architecture="64bit" /><failure><message><![CDATA[]]></message><stack-trace><![CDATA[None]]></stack-trace></failure><reason><message><![CDATA[]]></message></reason><output><![CDATA[]]></output></test-case><test-case id="194" name="tests/test_record_generator.py::test_record_generator[Foo {{foo}}-Foo bar]" fullname="tests/test_record_generator.py::test_record_generator[Foo {{foo}}-Foo bar]" methodname="test_record_generator[Foo {{foo}}-Foo bar]" classname="tests/test_record_generator.py" runstate="Runnable" seed="1" result="Passed" label="" start-time="2024-11-26 08:29:21.501699" end-time="2024-11-26 08:29:21.562570" duration="0.060871" asserts="0"><properties><property name="python-version" value="3.9.6 (default, Oct  4 2024, 08:01:31) &#10;[Clang 16.0.0 (clang-1600.0.26.4)]" /><property name="fspath" value="tests/test_record_generator.py" /></properties><environment framework-version="3.6.2" clr-version="3.9.6 (default, Oct  4 2024, 08:01:31) &#10;[Clang 16.0.0 (clang-1600.0.26.4)]" os-version="24.1.0" platform="Darwin" cwd="/Users/omri.mendels/Library/CloudStorage/OneDrive-Microsoft/Projects/presidio/code/presidio-research" machine-name="arm64" user="" user-domain="" culture="en-US" uiculture="en-US" os-architecture="64bit" /><failure><message><![CDATA[]]></message><stack-trace><![CDATA[None]]></stack-trace></failure><reason><message><![CDATA[]]></message></reason><output><![CDATA[]]></output></test-case><test-case id="195" name="tests/test_record_generator.py::test_record_generator[pytesting stuff-pytesting stuff]" fullname="tests/test_record_generator.py::test_record_generator[pytesting stuff-pytesting stuff]" methodname="test_record_generator[pytesting stuff-pytesting stuff]" classname="tests/test_record_generator.py" runstate="Runnable" seed="1" result="Passed" label="" start-time="2024-11-26 08:29:21.562966" end-time="2024-11-26 08:29:21.697649" duration="0.134683" asserts="0"><properties><property name="python-version" value="3.9.6 (default, Oct  4 2024, 08:01:31) &#10;[Clang 16.0.0 (clang-1600.0.26.4)]" /><property name="fspath" value="tests/test_record_generator.py" /></properties><environment framework-version="3.6.2" clr-version="3.9.6 (default, Oct  4 2024, 08:01:31) &#10;[Clang 16.0.0 (clang-1600.0.26.4)]" os-version="24.1.0" platform="Darwin" cwd="/Users/omri.mendels/Library/CloudStorage/OneDrive-Microsoft/Projects/presidio/code/presidio-research" machine-name="arm64" user="" user-domain="" culture="en-US" uiculture="en-US" os-architecture="64bit" /><failure><message><![CDATA[]]></message><stack-trace><![CDATA[None]]></stack-trace></failure><reason><message><![CDATA[]]></message></reason><output><![CDATA[]]></output></test-case><test-case id="196" name="tests/test_record_generator.py::test_multiple_generations[add_spans0]" fullname="tests/test_record_generator.py::test_multiple_generations[add_spans0]" methodname="test_multiple_generations[add_spans0]" classname="tests/test_record_generator.py" runstate="Runnable" seed="1" result="Passed" label="" start-time="2024-11-26 08:29:21.697979" end-time="2024-11-26 08:29:21.752239" duration="0.05426" asserts="0"><properties><property name="python-version" value="3.9.6 (default, Oct  4 2024, 08:01:31) &#10;[Clang 16.0.0 (clang-1600.0.26.4)]" /><property name="fspath" value="tests/test_record_generator.py" /></properties><environment framework-version="3.6.2" clr-version="3.9.6 (default, Oct  4 2024, 08:01:31) &#10;[Clang 16.0.0 (clang-1600.0.26.4)]" os-version="24.1.0" platform="Darwin" cwd="/Users/omri.mendels/Library/CloudStorage/OneDrive-Microsoft/Projects/presidio/code/presidio-research" machine-name="arm64" user="" user-domain="" culture="en-US" uiculture="en-US" os-architecture="64bit" /><failure><message><![CDATA[]]></message><stack-trace><![CDATA[None]]></stack-trace></failure><reason><message><![CDATA[]]></message></reason><output><![CDATA[]]></output></test-case><test-case id="197" name="tests/test_record_generator.py::test_template_contains_multiple_of_same_entity[add_spans0]" fullname="tests/test_record_generator.py::test_template_contains_multiple_of_same_entity[add_spans0]" methodname="test_template_contains_multiple_of_same_entity[add_spans0]" classname="tests/test_record_generator.py" runstate="Runnable" seed="1" result="Passed" label="" start-time="2024-11-26 08:29:21.752848" end-time="2024-11-26 08:29:21.804846" duration="0.051998" asserts="0"><properties><property name="python-version" value="3.9.6 (default, Oct  4 2024, 08:01:31) &#10;[Clang 16.0.0 (clang-1600.0.26.4)]" /><property name="fspath" value="tests/test_record_generator.py" /></properties><environment framework-version="3.6.2" clr-version="3.9.6 (default, Oct  4 2024, 08:01:31) &#10;[Clang 16.0.0 (clang-1600.0.26.4)]" os-version="24.1.0" platform="Darwin" cwd="/Users/omri.mendels/Library/CloudStorage/OneDrive-Microsoft/Projects/presidio/code/presidio-research" machine-name="arm64" user="" user-domain="" culture="en-US" uiculture="en-US" os-architecture="64bit" /><failure><message><![CDATA[]]></message><stack-trace><![CDATA[None]]></stack-trace></failure><reason><message><![CDATA[]]></message></reason><output><![CDATA[]]></output></test-case><environment framework-version="3.6.2" clr-version="3.9.6 (default, Oct  4 2024, 08:01:31) &#10;[Clang 16.0.0 (clang-1600.0.26.4)]" os-version="24.1.0" platform="Darwin" cwd="/Users/omri.mendels/Library/CloudStorage/OneDrive-Microsoft/Projects/presidio/code/presidio-research" machine-name="arm64" user="" user-domain="" culture="en-US" uiculture="en-US" os-architecture="64bit" /></test-suite><test-suite id="tests/test_span_to_tag.py" name="tests/test_span_to_tag.py" fullname="tests/test_span_to_tag.py" methodname="" classname="" runstate="Runnable" type="Assembly" testcasecount="26" result="Passed" label="" start-time="2024-11-26 08:29:44.847353" end-time="2024-11-26 08:29:44.914567" duration="0.067214" asserts="0" total="26" passed="26" failed="0" warnings="0" inconclusive="0" skipped="0"><properties><property name="python_version" value="3.9.6 (default, Oct  4 2024, 08:01:31) &#10;[Clang 16.0.0 (clang-1600.0.26.4)]" /></properties><test-case id="213" name="tests/test_span_to_tag.py::test_span_to_bio_multiple_tokens" fullname="tests/test_span_to_tag.py::test_span_to_bio_multiple_tokens" methodname="test_span_to_bio_multiple_tokens" classname="tests/test_span_to_tag.py" runstate="Runnable" seed="1" result="Passed" label="" start-time="2024-11-26 08:29:44.847353" end-time="2024-11-26 08:29:44.852136" duration="0.004783" asserts="0"><properties><property name="python-version" value="3.9.6 (default, Oct  4 2024, 08:01:31) &#10;[Clang 16.0.0 (clang-1600.0.26.4)]" /><property name="fspath" value="tests/test_span_to_tag.py" /></properties><environment framework-version="3.6.2" clr-version="3.9.6 (default, Oct  4 2024, 08:01:31) &#10;[Clang 16.0.0 (clang-1600.0.26.4)]" os-version="24.1.0" platform="Darwin" cwd="/Users/omri.mendels/Library/CloudStorage/OneDrive-Microsoft/Projects/presidio/code/presidio-research" machine-name="arm64" user="" user-domain="" culture="en-US" uiculture="en-US" os-architecture="64bit" /><failure><message><![CDATA[]]></message><stack-trace><![CDATA[None]]></stack-trace></failure><reason><message><![CDATA[]]></message></reason><output><![CDATA[]]></output></test-case><test-case id="214" name="tests/test_span_to_tag.py::test_span_to_bio_single_at_end" fullname="tests/test_span_to_tag.py::test_span_to_bio_single_at_end" methodname="test_span_to_bio_single_at_end" classname="tests/test_span_to_tag.py" runstate="Runnable" seed="1" result="Passed" label="" start-time="2024-11-26 08:29:44.852358" end-time="2024-11-26 08:29:44.855188" duration="0.00283" asserts="0"><properties><property name="python-version" value="3.9.6 (default, Oct  4 2024, 08:01:31) &#10;[Clang 16.0.0 (clang-1600.0.26.4)]" /><property name="fspath" value="tests/test_span_to_tag.py" /></properties><environment framework-version="3.6.2" clr-version="3.9.6 (default, Oct  4 2024, 08:01:31) &#10;[Clang 16.0.0 (clang-1600.0.26.4)]" os-version="24.1.0" platform="Darwin" cwd="/Users/omri.mendels/Library/CloudStorage/OneDrive-Microsoft/Projects/presidio/code/presidio-research" machine-name="arm64" user="" user-domain="" culture="en-US" uiculture="en-US" os-architecture="64bit" /><failure><message><![CDATA[]]></message><stack-trace><![CDATA[None]]></stack-trace></failure><reason><message><![CDATA[]]></message></reason><output><![CDATA[]]></output></test-case><test-case id="215" name="tests/test_span_to_tag.py::test_span_to_biluo_multiple_tokens" fullname="tests/test_span_to_tag.py::test_span_to_biluo_multiple_tokens" methodname="test_span_to_biluo_multiple_tokens" classname="tests/test_span_to_tag.py" runstate="Runnable" seed="1" result="Passed" label="" start-time="2024-11-26 08:29:44.855402" end-time="2024-11-26 08:29:44.859728" duration="0.004326" asserts="0"><properties><property name="python-version" value="3.9.6 (default, Oct  4 2024, 08:01:31) &#10;[Clang 16.0.0 (clang-1600.0.26.4)]" /><property name="fspath" value="tests/test_span_to_tag.py" /></properties><environment framework-version="3.6.2" clr-version="3.9.6 (default, Oct  4 2024, 08:01:31) &#10;[Clang 16.0.0 (clang-1600.0.26.4)]" os-version="24.1.0" platform="Darwin" cwd="/Users/omri.mendels/Library/CloudStorage/OneDrive-Microsoft/Projects/presidio/code/presidio-research" machine-name="arm64" user="" user-domain="" culture="en-US" uiculture="en-US" os-architecture="64bit" /><failure><message><![CDATA[]]></message><stack-trace><![CDATA[None]]></stack-trace></failure><reason><message><![CDATA[]]></message></reason><output><![CDATA[]]></output></test-case><test-case id="216" name="tests/test_span_to_tag.py::test_span_to_biluo_adjacent_entities" fullname="tests/test_span_to_tag.py::test_span_to_biluo_adjacent_entities" methodname="test_span_to_biluo_adjacent_entities" classname="tests/test_span_to_tag.py" runstate="Runnable" seed="1" result="Passed" label="" start-time="2024-11-26 08:29:44.859941" end-time="2024-11-26 08:29:44.862724" duration="0.002783" asserts="0"><properties><property name="python-version" value="3.9.6 (default, Oct  4 2024, 08:01:31) &#10;[Clang 16.0.0 (clang-1600.0.26.4)]" /><property name="fspath" value="tests/test_span_to_tag.py" /></properties><environment framework-version="3.6.2" clr-version="3.9.6 (default, Oct  4 2024, 08:01:31) &#10;[Clang 16.0.0 (clang-1600.0.26.4)]" os-version="24.1.0" platform="Darwin" cwd="/Users/omri.mendels/Library/CloudStorage/OneDrive-Microsoft/Projects/presidio/code/presidio-research" machine-name="arm64" user="" user-domain="" culture="en-US" uiculture="en-US" os-architecture="64bit" /><failure><message><![CDATA[]]></message><stack-trace><![CDATA[None]]></stack-trace></failure><reason><message><![CDATA[]]></message></reason><output><![CDATA[]]></output></test-case><test-case id="217" name="tests/test_span_to_tag.py::test_span_to_biluo_single_at_end" fullname="tests/test_span_to_tag.py::test_span_to_biluo_single_at_end" methodname="test_span_to_biluo_single_at_end" classname="tests/test_span_to_tag.py" runstate="Runnable" seed="1" result="Passed" label="" start-time="2024-11-26 08:29:44.862968" end-time="2024-11-26 08:29:44.865803" duration="0.002835" asserts="0"><properties><property name="python-version" value="3.9.6 (default, Oct  4 2024, 08:01:31) &#10;[Clang 16.0.0 (clang-1600.0.26.4)]" /><property name="fspath" value="tests/test_span_to_tag.py" /></properties><environment framework-version="3.6.2" clr-version="3.9.6 (default, Oct  4 2024, 08:01:31) &#10;[Clang 16.0.0 (clang-1600.0.26.4)]" os-version="24.1.0" platform="Darwin" cwd="/Users/omri.mendels/Library/CloudStorage/OneDrive-Microsoft/Projects/presidio/code/presidio-research" machine-name="arm64" user="" user-domain="" culture="en-US" uiculture="en-US" os-architecture="64bit" /><failure><message><![CDATA[]]></message><stack-trace><![CDATA[None]]></stack-trace></failure><reason><message><![CDATA[]]></message></reason><output><![CDATA[]]></output></test-case><test-case id="218" name="tests/test_span_to_tag.py::test_span_to_biluo_multiple_entities" fullname="tests/test_span_to_tag.py::test_span_to_biluo_multiple_entities" methodname="test_span_to_biluo_multiple_entities" classname="tests/test_span_to_tag.py" runstate="Runnable" seed="1" result="Passed" label="" start-time="2024-11-26 08:29:44.866005" end-time="2024-11-26 08:29:44.868985" duration="0.00298" asserts="0"><properties><property name="python-version" value="3.9.6 (default, Oct  4 2024, 08:01:31) &#10;[Clang 16.0.0 (clang-1600.0.26.4)]" /><property name="fspath" value="tests/test_span_to_tag.py" /></properties><environment framework-version="3.6.2" clr-version="3.9.6 (default, Oct  4 2024, 08:01:31) &#10;[Clang 16.0.0 (clang-1600.0.26.4)]" os-version="24.1.0" platform="Darwin" cwd="/Users/omri.mendels/Library/CloudStorage/OneDrive-Microsoft/Projects/presidio/code/presidio-research" machine-name="arm64" user="" user-domain="" culture="en-US" uiculture="en-US" os-architecture="64bit" /><failure><message><![CDATA[]]></message><stack-trace><![CDATA[None]]></stack-trace></failure><reason><message><![CDATA[]]></message></reason><output><![CDATA[]]></output></test-case><test-case id="219" name="tests/test_span_to_tag.py::test_span_to_bio_multiple_entities" fullname="tests/test_span_to_tag.py::test_span_to_bio_multiple_entities" methodname="test_span_to_bio_multiple_entities" classname="tests/test_span_to_tag.py" runstate="Runnable" seed="1" result="Passed" label="" start-time="2024-11-26 08:29:44.869178" end-time="2024-11-26 08:29:44.872219" duration="0.003041" asserts="0"><properties><property name="python-version" value="3.9.6 (default, Oct  4 2024, 08:01:31) &#10;[Clang 16.0.0 (clang-1600.0.26.4)]" /><property name="fspath" value="tests/test_span_to_tag.py" /></properties><environment framework-version="3.6.2" clr-version="3.9.6 (default, Oct  4 2024, 08:01:31) &#10;[Clang 16.0.0 (clang-1600.0.26.4)]" os-version="24.1.0" platform="Darwin" cwd="/Users/omri.mendels/Library/CloudStorage/OneDrive-Microsoft/Projects/presidio/code/presidio-research" machine-name="arm64" user="" user-domain="" culture="en-US" uiculture="en-US" os-architecture="64bit" /><failure><message><![CDATA[]]></message><stack-trace><![CDATA[None]]></stack-trace></failure><reason><message><![CDATA[]]></message></reason><output><![CDATA[]]></output></test-case><test-case id="220" name="tests/test_span_to_tag.py::test_span_to_bio_specific_input" fullname="tests/test_span_to_tag.py::test_span_to_bio_specific_input" methodname="test_span_to_bio_specific_input" classname="tests/test_span_to_tag.py" runstate="Runnable" seed="1" result="Passed" label="" start-time="2024-11-26 08:29:44.872406" end-time="2024-11-26 08:29:44.877152" duration="0.004746" asserts="0"><properties><property name="python-version" value="3.9.6 (default, Oct  4 2024, 08:01:31) &#10;[Clang 16.0.0 (clang-1600.0.26.4)]" /><property name="fspath" value="tests/test_span_to_tag.py" /></properties><environment framework-version="3.6.2" clr-version="3.9.6 (default, Oct  4 2024, 08:01:31) &#10;[Clang 16.0.0 (clang-1600.0.26.4)]" os-version="24.1.0" platform="Darwin" cwd="/Users/omri.mendels/Library/CloudStorage/OneDrive-Microsoft/Projects/presidio/code/presidio-research" machine-name="arm64" user="" user-domain="" culture="en-US" uiculture="en-US" os-architecture="64bit" /><failure><message><![CDATA[]]></message><stack-trace><![CDATA[None]]></stack-trace></failure><reason><message><![CDATA[]]></message></reason><output><![CDATA[]]></output></test-case><test-case id="221" name="tests/test_span_to_tag.py::test_span_to_biluo_specific_input" fullname="tests/test_span_to_tag.py::test_span_to_biluo_specific_input" methodname="test_span_to_biluo_specific_input" classname="tests/test_span_to_tag.py" runstate="Runnable" seed="1" result="Passed" label="" start-time="2024-11-26 08:29:44.877341" end-time="2024-11-26 08:29:44.881836" duration="0.004495" asserts="0"><properties><property name="python-version" value="3.9.6 (default, Oct  4 2024, 08:01:31) &#10;[Clang 16.0.0 (clang-1600.0.26.4)]" /><property name="fspath" value="tests/test_span_to_tag.py" /></properties><environment framework-version="3.6.2" clr-version="3.9.6 (default, Oct  4 2024, 08:01:31) &#10;[Clang 16.0.0 (clang-1600.0.26.4)]" os-version="24.1.0" platform="Darwin" cwd="/Users/omri.mendels/Library/CloudStorage/OneDrive-Microsoft/Projects/presidio/code/presidio-research" machine-name="arm64" user="" user-domain="" culture="en-US" uiculture="en-US" os-architecture="64bit" /><failure><message><![CDATA[]]></message><stack-trace><![CDATA[None]]></stack-trace></failure><reason><message><![CDATA[]]></message></reason><output><![CDATA[]]></output></test-case><test-case id="222" name="tests/test_span_to_tag.py::test_span_to_biluo_adjecent_identical_entities" fullname="tests/test_span_to_tag.py::test_span_to_biluo_adjecent_identical_entities" methodname="test_span_to_biluo_adjecent_identical_entities" classname="tests/test_span_to_tag.py" runstate="Runnable" seed="1" result="Passed" label="" start-time="2024-11-26 08:29:44.882036" end-time="2024-11-26 08:29:44.885635" duration="0.003599" asserts="0"><properties><property name="python-version" value="3.9.6 (default, Oct  4 2024, 08:01:31) &#10;[Clang 16.0.0 (clang-1600.0.26.4)]" /><property name="fspath" value="tests/test_span_to_tag.py" /></properties><environment framework-version="3.6.2" clr-version="3.9.6 (default, Oct  4 2024, 08:01:31) &#10;[Clang 16.0.0 (clang-1600.0.26.4)]" os-version="24.1.0" platform="Darwin" cwd="/Users/omri.mendels/Library/CloudStorage/OneDrive-Microsoft/Projects/presidio/code/presidio-research" machine-name="arm64" user="" user-domain="" culture="en-US" uiculture="en-US" os-architecture="64bit" /><failure><message><![CDATA[]]></message><stack-trace><![CDATA[None]]></stack-trace></failure><reason><message><![CDATA[]]></message></reason><output><![CDATA[]]></output></test-case><test-case id="223" name="tests/test_span_to_tag.py::test_overlapping_entities_first_ends_in_mid_second" fullname="tests/test_span_to_tag.py::test_overlapping_entities_first_ends_in_mid_second" methodname="test_overlapping_entities_first_ends_in_mid_second" classname="tests/test_span_to_tag.py" runstate="Runnable" seed="1" result="Passed" label="" start-time="2024-11-26 08:29:44.885827" end-time="2024-11-26 08:29:44.890602" duration="0.004775" asserts="0"><properties><property name="python-version" value="3.9.6 (default, Oct  4 2024, 08:01:31) &#10;[Clang 16.0.0 (clang-1600.0.26.4)]" /><property name="fspath" value="tests/test_span_to_tag.py" /></properties><environment framework-version="3.6.2" clr-version="3.9.6 (default, Oct  4 2024, 08:01:31) &#10;[Clang 16.0.0 (clang-1600.0.26.4)]" os-version="24.1.0" platform="Darwin" cwd="/Users/omri.mendels/Library/CloudStorage/OneDrive-Microsoft/Projects/presidio/code/presidio-research" machine-name="arm64" user="" user-domain="" culture="en-US" uiculture="en-US" os-architecture="64bit" /><failure><message><![CDATA[]]></message><stack-trace><![CDATA[None]]></stack-trace></failure><reason><message><![CDATA[]]></message></reason><output><![CDATA[]]></output></test-case><test-case id="224" name="tests/test_span_to_tag.py::test_overlapping_entities_second_embedded_in_first_with_lower_score" fullname="tests/test_span_to_tag.py::test_overlapping_entities_second_embedded_in_first_with_lower_score" methodname="test_overlapping_entities_second_embedded_in_first_with_lower_score" classname="tests/test_span_to_tag.py" runstate="Runnable" seed="1" result="Passed" label="" start-time="2024-11-26 08:29:44.890802" end-time="2024-11-26 08:29:44.894806" duration="0.004004" asserts="0"><properties><property name="python-version" value="3.9.6 (default, Oct  4 2024, 08:01:31) &#10;[Clang 16.0.0 (clang-1600.0.26.4)]" /><property name="fspath" value="tests/test_span_to_tag.py" /></properties><environment framework-version="3.6.2" clr-version="3.9.6 (default, Oct  4 2024, 08:01:31) &#10;[Clang 16.0.0 (clang-1600.0.26.4)]" os-version="24.1.0" platform="Darwin" cwd="/Users/omri.mendels/Library/CloudStorage/OneDrive-Microsoft/Projects/presidio/code/presidio-research" machine-name="arm64" user="" user-domain="" culture="en-US" uiculture="en-US" os-architecture="64bit" /><failure><message><![CDATA[]]></message><stack-trace><![CDATA[None]]></stack-trace></failure><reason><message><![CDATA[]]></message></reason><output><![CDATA[]]></output></test-case><test-case id="225" name="tests/test_span_to_tag.py::test_overlapping_entities_second_embedded_in_first_has_higher_score" fullname="tests/test_span_to_tag.py::test_overlapping_entities_second_embedded_in_first_has_higher_score" methodname="test_overlapping_entities_second_embedded_in_first_has_higher_score" classname="tests/test_span_to_tag.py" runstate="Runnable" seed="1" result="Passed" label="" start-time="2024-11-26 08:29:44.894995" end-time="2024-11-26 08:29:44.898933" duration="0.003938" asserts="0"><properties><property name="python-version" value="3.9.6 (default, Oct  4 2024, 08:01:31) &#10;[Clang 16.0.0 (clang-1600.0.26.4)]" /><property name="fspath" value="tests/test_span_to_tag.py" /></properties><environment framework-version="3.6.2" clr-version="3.9.6 (default, Oct  4 2024, 08:01:31) &#10;[Clang 16.0.0 (clang-1600.0.26.4)]" os-version="24.1.0" platform="Darwin" cwd="/Users/omri.mendels/Library/CloudStorage/OneDrive-Microsoft/Projects/presidio/code/presidio-research" machine-name="arm64" user="" user-domain="" culture="en-US" uiculture="en-US" os-architecture="64bit" /><failure><message><![CDATA[]]></message><stack-trace><![CDATA[None]]></stack-trace></failure><reason><message><![CDATA[]]></message></reason><output><![CDATA[]]></output></test-case><test-case id="226" name="tests/test_span_to_tag.py::test_overlapping_entities_second_embedded_in_first_has_lower_score" fullname="tests/test_span_to_tag.py::test_overlapping_entities_second_embedded_in_first_has_lower_score" methodname="test_overlapping_entities_second_embedded_in_first_has_lower_score" classname="tests/test_span_to_tag.py" runstate="Runnable" seed="1" result="Passed" label="" start-time="2024-11-26 08:29:44.899120" end-time="2024-11-26 08:29:44.903041" duration="0.003921" asserts="0"><properties><property name="python-version" value="3.9.6 (default, Oct  4 2024, 08:01:31) &#10;[Clang 16.0.0 (clang-1600.0.26.4)]" /><property name="fspath" value="tests/test_span_to_tag.py" /></properties><environment framework-version="3.6.2" clr-version="3.9.6 (default, Oct  4 2024, 08:01:31) &#10;[Clang 16.0.0 (clang-1600.0.26.4)]" os-version="24.1.0" platform="Darwin" cwd="/Users/omri.mendels/Library/CloudStorage/OneDrive-Microsoft/Projects/presidio/code/presidio-research" machine-name="arm64" user="" user-domain="" culture="en-US" uiculture="en-US" os-architecture="64bit" /><failure><message><![CDATA[]]></message><stack-trace><![CDATA[None]]></stack-trace></failure><reason><message><![CDATA[]]></message></reason><output><![CDATA[]]></output></test-case><test-case id="227" name="tests/test_span_to_tag.py::test_overlapping_entities_pyramid" fullname="tests/test_span_to_tag.py::test_overlapping_entities_pyramid" methodname="test_overlapping_entities_pyramid" classname="tests/test_span_to_tag.py" runstate="Runnable" seed="1" result="Passed" label="" start-time="2024-11-26 08:29:44.903218" end-time="2024-11-26 08:29:44.907215" duration="0.003997" asserts="0"><properties><property name="python-version" value="3.9.6 (default, Oct  4 2024, 08:01:31) &#10;[Clang 16.0.0 (clang-1600.0.26.4)]" /><property name="fspath" value="tests/test_span_to_tag.py" /></properties><environment framework-version="3.6.2" clr-version="3.9.6 (default, Oct  4 2024, 08:01:31) &#10;[Clang 16.0.0 (clang-1600.0.26.4)]" os-version="24.1.0" platform="Darwin" cwd="/Users/omri.mendels/Library/CloudStorage/OneDrive-Microsoft/Projects/presidio/code/presidio-research" machine-name="arm64" user="" user-domain="" culture="en-US" uiculture="en-US" os-architecture="64bit" /><failure><message><![CDATA[]]></message><stack-trace><![CDATA[None]]></stack-trace></failure><reason><message><![CDATA[]]></message></reason><output><![CDATA[]]></output></test-case><test-case id="228" name="tests/test_span_to_tag.py::test_token_contains_span" fullname="tests/test_span_to_tag.py::test_token_contains_span" methodname="test_token_contains_span" classname="tests/test_span_to_tag.py" runstate="Runnable" seed="1" result="Passed" label="" start-time="2024-11-26 08:29:44.907410" end-time="2024-11-26 08:29:44.909937" duration="0.002527" asserts="0"><properties><property name="python-version" value="3.9.6 (default, Oct  4 2024, 08:01:31) &#10;[Clang 16.0.0 (clang-1600.0.26.4)]" /><property name="fspath" value="tests/test_span_to_tag.py" /></properties><environment framework-version="3.6.2" clr-version="3.9.6 (default, Oct  4 2024, 08:01:31) &#10;[Clang 16.0.0 (clang-1600.0.26.4)]" os-version="24.1.0" platform="Darwin" cwd="/Users/omri.mendels/Library/CloudStorage/OneDrive-Microsoft/Projects/presidio/code/presidio-research" machine-name="arm64" user="" user-domain="" culture="en-US" uiculture="en-US" os-architecture="64bit" /><failure><message><![CDATA[]]></message><stack-trace><![CDATA[None]]></stack-trace></failure><reason><message><![CDATA[]]></message></reason><output><![CDATA[]]></output></test-case><test-case id="229" name="tests/test_span_to_tag.py::test_io_to_scheme[tags0-expected_tags0-IO]" fullname="tests/test_span_to_tag.py::test_io_to_scheme[tags0-expected_tags0-IO]" methodname="test_io_to_scheme[tags0-expected_tags0-IO]" classname="tests/test_span_to_tag.py" runstate="Runnable" seed="1" result="Passed" label="" start-time="2024-11-26 08:29:44.910209" end-time="2024-11-26 08:29:44.910431" duration="0.000222" asserts="0"><properties><property name="python-version" value="3.9.6 (default, Oct  4 2024, 08:01:31) &#10;[Clang 16.0.0 (clang-1600.0.26.4)]" /><property name="fspath" value="tests/test_span_to_tag.py" /></properties><environment framework-version="3.6.2" clr-version="3.9.6 (default, Oct  4 2024, 08:01:31) &#10;[Clang 16.0.0 (clang-1600.0.26.4)]" os-version="24.1.0" platform="Darwin" cwd="/Users/omri.mendels/Library/CloudStorage/OneDrive-Microsoft/Projects/presidio/code/presidio-research" machine-name="arm64" user="" user-domain="" culture="en-US" uiculture="en-US" os-architecture="64bit" /><failure><message><![CDATA[]]></message><stack-trace><![CDATA[None]]></stack-trace></failure><reason><message><![CDATA[]]></message></reason><output><![CDATA[]]></output></test-case><test-case id="230" name="tests/test_span_to_tag.py::test_io_to_scheme[tags1-expected_tags1-BIO]" fullname="tests/test_span_to_tag.py::test_io_to_scheme[tags1-expected_tags1-BIO]" methodname="test_io_to_scheme[tags1-expected_tags1-BIO]" classname="tests/test_span_to_tag.py" runstate="Runnable" seed="1" result="Passed" label="" start-time="2024-11-26 08:29:44.910667" end-time="2024-11-26 08:29:44.910892" duration="0.000225" asserts="0"><properties><property name="python-version" value="3.9.6 (default, Oct  4 2024, 08:01:31) &#10;[Clang 16.0.0 (clang-1600.0.26.4)]" /><property name="fspath" value="tests/test_span_to_tag.py" /></properties><environment framework-version="3.6.2" clr-version="3.9.6 (default, Oct  4 2024, 08:01:31) &#10;[Clang 16.0.0 (clang-1600.0.26.4)]" os-version="24.1.0" platform="Darwin" cwd="/Users/omri.mendels/Library/CloudStorage/OneDrive-Microsoft/Projects/presidio/code/presidio-research" machine-name="arm64" user="" user-domain="" culture="en-US" uiculture="en-US" os-architecture="64bit" /><failure><message><![CDATA[]]></message><stack-trace><![CDATA[None]]></stack-trace></failure><reason><message><![CDATA[]]></message></reason><output><![CDATA[]]></output></test-case><test-case id="231" name="tests/test_span_to_tag.py::test_io_to_scheme[tags2-expected_tags2-BILUO]" fullname="tests/test_span_to_tag.py::test_io_to_scheme[tags2-expected_tags2-BILUO]" methodname="test_io_to_scheme[tags2-expected_tags2-BILUO]" classname="tests/test_span_to_tag.py" runstate="Runnable" seed="1" result="Passed" label="" start-time="2024-11-26 08:29:44.911127" end-time="2024-11-26 08:29:44.911360" duration="0.000233" asserts="0"><properties><property name="python-version" value="3.9.6 (default, Oct  4 2024, 08:01:31) &#10;[Clang 16.0.0 (clang-1600.0.26.4)]" /><property name="fspath" value="tests/test_span_to_tag.py" /></properties><environment framework-version="3.6.2" clr-version="3.9.6 (default, Oct  4 2024, 08:01:31) &#10;[Clang 16.0.0 (clang-1600.0.26.4)]" os-version="24.1.0" platform="Darwin" cwd="/Users/omri.mendels/Library/CloudStorage/OneDrive-Microsoft/Projects/presidio/code/presidio-research" machine-name="arm64" user="" user-domain="" culture="en-US" uiculture="en-US" os-architecture="64bit" /><failure><message><![CDATA[]]></message><stack-trace><![CDATA[None]]></stack-trace></failure><reason><message><![CDATA[]]></message></reason><output><![CDATA[]]></output></test-case><test-case id="232" name="tests/test_span_to_tag.py::test_io_to_scheme[tags3-expected_tags3-IO]" fullname="tests/test_span_to_tag.py::test_io_to_scheme[tags3-expected_tags3-IO]" methodname="test_io_to_scheme[tags3-expected_tags3-IO]" classname="tests/test_span_to_tag.py" runstate="Runnable" seed="1" result="Passed" label="" start-time="2024-11-26 08:29:44.911594" end-time="2024-11-26 08:29:44.911817" duration="0.000223" asserts="0"><properties><property name="python-version" value="3.9.6 (default, Oct  4 2024, 08:01:31) &#10;[Clang 16.0.0 (clang-1600.0.26.4)]" /><property name="fspath" value="tests/test_span_to_tag.py" /></properties><environment framework-version="3.6.2" clr-version="3.9.6 (default, Oct  4 2024, 08:01:31) &#10;[Clang 16.0.0 (clang-1600.0.26.4)]" os-version="24.1.0" platform="Darwin" cwd="/Users/omri.mendels/Library/CloudStorage/OneDrive-Microsoft/Projects/presidio/code/presidio-research" machine-name="arm64" user="" user-domain="" culture="en-US" uiculture="en-US" os-architecture="64bit" /><failure><message><![CDATA[]]></message><stack-trace><![CDATA[None]]></stack-trace></failure><reason><message><![CDATA[]]></message></reason><output><![CDATA[]]></output></test-case><test-case id="233" name="tests/test_span_to_tag.py::test_io_to_scheme[tags4-expected_tags4-BIO]" fullname="tests/test_span_to_tag.py::test_io_to_scheme[tags4-expected_tags4-BIO]" methodname="test_io_to_scheme[tags4-expected_tags4-BIO]" classname="tests/test_span_to_tag.py" runstate="Runnable" seed="1" result="Passed" label="" start-time="2024-11-26 08:29:44.912055" end-time="2024-11-26 08:29:44.912285" duration="0.00023" asserts="0"><properties><property name="python-version" value="3.9.6 (default, Oct  4 2024, 08:01:31) &#10;[Clang 16.0.0 (clang-1600.0.26.4)]" /><property name="fspath" value="tests/test_span_to_tag.py" /></properties><environment framework-version="3.6.2" clr-version="3.9.6 (default, Oct  4 2024, 08:01:31) &#10;[Clang 16.0.0 (clang-1600.0.26.4)]" os-version="24.1.0" platform="Darwin" cwd="/Users/omri.mendels/Library/CloudStorage/OneDrive-Microsoft/Projects/presidio/code/presidio-research" machine-name="arm64" user="" user-domain="" culture="en-US" uiculture="en-US" os-architecture="64bit" /><failure><message><![CDATA[]]></message><stack-trace><![CDATA[None]]></stack-trace></failure><reason><message><![CDATA[]]></message></reason><output><![CDATA[]]></output></test-case><test-case id="234" name="tests/test_span_to_tag.py::test_io_to_scheme[tags5-expected_tags5-BILUO]" fullname="tests/test_span_to_tag.py::test_io_to_scheme[tags5-expected_tags5-BILUO]" methodname="test_io_to_scheme[tags5-expected_tags5-BILUO]" classname="tests/test_span_to_tag.py" runstate="Runnable" seed="1" result="Passed" label="" start-time="2024-11-26 08:29:44.912515" end-time="2024-11-26 08:29:44.912740" duration="0.000225" asserts="0"><properties><property name="python-version" value="3.9.6 (default, Oct  4 2024, 08:01:31) &#10;[Clang 16.0.0 (clang-1600.0.26.4)]" /><property name="fspath" value="tests/test_span_to_tag.py" /></properties><environment framework-version="3.6.2" clr-version="3.9.6 (default, Oct  4 2024, 08:01:31) &#10;[Clang 16.0.0 (clang-1600.0.26.4)]" os-version="24.1.0" platform="Darwin" cwd="/Users/omri.mendels/Library/CloudStorage/OneDrive-Microsoft/Projects/presidio/code/presidio-research" machine-name="arm64" user="" user-domain="" culture="en-US" uiculture="en-US" os-architecture="64bit" /><failure><message><![CDATA[]]></message><stack-trace><![CDATA[None]]></stack-trace></failure><reason><message><![CDATA[]]></message></reason><output><![CDATA[]]></output></test-case><test-case id="235" name="tests/test_span_to_tag.py::test_io_to_scheme[tags6-expected_tags6-BILUO]" fullname="tests/test_span_to_tag.py::test_io_to_scheme[tags6-expected_tags6-BILUO]" methodname="test_io_to_scheme[tags6-expected_tags6-BILUO]" classname="tests/test_span_to_tag.py" runstate="Runnable" seed="1" result="Passed" label="" start-time="2024-11-26 08:29:44.912970" end-time="2024-11-26 08:29:44.913208" duration="0.000238" asserts="0"><properties><property name="python-version" value="3.9.6 (default, Oct  4 2024, 08:01:31) &#10;[Clang 16.0.0 (clang-1600.0.26.4)]" /><property name="fspath" value="tests/test_span_to_tag.py" /></properties><environment framework-version="3.6.2" clr-version="3.9.6 (default, Oct  4 2024, 08:01:31) &#10;[Clang 16.0.0 (clang-1600.0.26.4)]" os-version="24.1.0" platform="Darwin" cwd="/Users/omri.mendels/Library/CloudStorage/OneDrive-Microsoft/Projects/presidio/code/presidio-research" machine-name="arm64" user="" user-domain="" culture="en-US" uiculture="en-US" os-architecture="64bit" /><failure><message><![CDATA[]]></message><stack-trace><![CDATA[None]]></stack-trace></failure><reason><message><![CDATA[]]></message></reason><output><![CDATA[]]></output></test-case><test-case id="236" name="tests/test_span_to_tag.py::test_io_to_scheme[tags7-expected_tags7-BIO]" fullname="tests/test_span_to_tag.py::test_io_to_scheme[tags7-expected_tags7-BIO]" methodname="test_io_to_scheme[tags7-expected_tags7-BIO]" classname="tests/test_span_to_tag.py" runstate="Runnable" seed="1" result="Passed" label="" start-time="2024-11-26 08:29:44.913441" end-time="2024-11-26 08:29:44.913665" duration="0.000224" asserts="0"><properties><property name="python-version" value="3.9.6 (default, Oct  4 2024, 08:01:31) &#10;[Clang 16.0.0 (clang-1600.0.26.4)]" /><property name="fspath" value="tests/test_span_to_tag.py" /></properties><environment framework-version="3.6.2" clr-version="3.9.6 (default, Oct  4 2024, 08:01:31) &#10;[Clang 16.0.0 (clang-1600.0.26.4)]" os-version="24.1.0" platform="Darwin" cwd="/Users/omri.mendels/Library/CloudStorage/OneDrive-Microsoft/Projects/presidio/code/presidio-research" machine-name="arm64" user="" user-domain="" culture="en-US" uiculture="en-US" os-architecture="64bit" /><failure><message><![CDATA[]]></message><stack-trace><![CDATA[None]]></stack-trace></failure><reason><message><![CDATA[]]></message></reason><output><![CDATA[]]></output></test-case><test-case id="237" name="tests/test_span_to_tag.py::test_io_to_scheme[tags8-expected_tags8-BILUO]" fullname="tests/test_span_to_tag.py::test_io_to_scheme[tags8-expected_tags8-BILUO]" methodname="test_io_to_scheme[tags8-expected_tags8-BILUO]" classname="tests/test_span_to_tag.py" runstate="Runnable" seed="1" result="Passed" label="" start-time="2024-11-26 08:29:44.913886" end-time="2024-11-26 08:29:44.914103" duration="0.000217" asserts="0"><properties><property name="python-version" value="3.9.6 (default, Oct  4 2024, 08:01:31) &#10;[Clang 16.0.0 (clang-1600.0.26.4)]" /><property name="fspath" value="tests/test_span_to_tag.py" /></properties><environment framework-version="3.6.2" clr-version="3.9.6 (default, Oct  4 2024, 08:01:31) &#10;[Clang 16.0.0 (clang-1600.0.26.4)]" os-version="24.1.0" platform="Darwin" cwd="/Users/omri.mendels/Library/CloudStorage/OneDrive-Microsoft/Projects/presidio/code/presidio-research" machine-name="arm64" user="" user-domain="" culture="en-US" uiculture="en-US" os-architecture="64bit" /><failure><message><![CDATA[]]></message><stack-trace><![CDATA[None]]></stack-trace></failure><reason><message><![CDATA[]]></message></reason><output><![CDATA[]]></output></test-case><test-case id="238" name="tests/test_span_to_tag.py::test_io_to_scheme[tags9-expected_tags9-BILOU]" fullname="tests/test_span_to_tag.py::test_io_to_scheme[tags9-expected_tags9-BILOU]" methodname="test_io_to_scheme[tags9-expected_tags9-BILOU]" classname="tests/test_span_to_tag.py" runstate="Runnable" seed="1" result="Passed" label="" start-time="2024-11-26 08:29:44.914336" end-time="2024-11-26 08:29:44.914567" duration="0.000231" asserts="0"><properties><property name="python-version" value="3.9.6 (default, Oct  4 2024, 08:01:31) &#10;[Clang 16.0.0 (clang-1600.0.26.4)]" /><property name="fspath" value="tests/test_span_to_tag.py" /></properties><environment framework-version="3.6.2" clr-version="3.9.6 (default, Oct  4 2024, 08:01:31) &#10;[Clang 16.0.0 (clang-1600.0.26.4)]" os-version="24.1.0" platform="Darwin" cwd="/Users/omri.mendels/Library/CloudStorage/OneDrive-Microsoft/Projects/presidio/code/presidio-research" machine-name="arm64" user="" user-domain="" culture="en-US" uiculture="en-US" os-architecture="64bit" /><failure><message><![CDATA[]]></message><stack-trace><![CDATA[None]]></stack-trace></failure><reason><message><![CDATA[]]></message></reason><output><![CDATA[]]></output></test-case><environment framework-version="3.6.2" clr-version="3.9.6 (default, Oct  4 2024, 08:01:31) &#10;[Clang 16.0.0 (clang-1600.0.26.4)]" os-version="24.1.0" platform="Darwin" cwd="/Users/omri.mendels/Library/CloudStorage/OneDrive-Microsoft/Projects/presidio/code/presidio-research" machine-name="arm64" user="" user-domain="" culture="en-US" uiculture="en-US" os-architecture="64bit" /></test-suite><test-suite id="tests/test_base_model.py" name="tests/test_base_model.py" fullname="tests/test_base_model.py" methodname="" classname="" runstate="Runnable" type="Assembly" testcasecount="12" result="Passed" label="" start-time="2024-11-26 08:28:08.841361" end-time="2024-11-26 08:28:08.846989" duration="0.005628" asserts="0" total="12" passed="12" failed="0" warnings="0" inconclusive="0" skipped="0"><properties><property name="python_version" value="3.9.6 (default, Oct  4 2024, 08:01:31) &#10;[Clang 16.0.0 (clang-1600.0.26.4)]" /></properties><test-case id="100" name="tests/test_base_model.py::test_align_entity_types" fullname="tests/test_base_model.py::test_align_entity_types" methodname="test_align_entity_types" classname="tests/test_base_model.py" runstate="Runnable" seed="1" result="Passed" label="" start-time="2024-11-26 08:28:08.841361" end-time="2024-11-26 08:28:08.841689" duration="0.000328" asserts="0"><properties><property name="python-version" value="3.9.6 (default, Oct  4 2024, 08:01:31) &#10;[Clang 16.0.0 (clang-1600.0.26.4)]" /><property name="fspath" value="tests/test_base_model.py" /></properties><environment framework-version="3.6.2" clr-version="3.9.6 (default, Oct  4 2024, 08:01:31) &#10;[Clang 16.0.0 (clang-1600.0.26.4)]" os-version="24.1.0" platform="Darwin" cwd="/Users/omri.mendels/Library/CloudStorage/OneDrive-Microsoft/Projects/presidio/code/presidio-research" machine-name="arm64" user="" user-domain="" culture="en-US" uiculture="en-US" os-architecture="64bit" /><failure><message><![CDATA[]]></message><stack-trace><![CDATA[None]]></stack-trace></failure><reason><message><![CDATA[]]></message></reason><output><![CDATA[]]></output></test-case><test-case id="101" name="tests/test_base_model.py::test_align_prediction[tags0-expected_tags0-True]" fullname="tests/test_base_model.py::test_align_prediction[tags0-expected_tags0-True]" methodname="test_align_prediction[tags0-expected_tags0-True]" classname="tests/test_base_model.py" runstate="Runnable" seed="1" result="Passed" label="" start-time="2024-11-26 08:28:08.842019" end-time="2024-11-26 08:28:08.842270" duration="0.000251" asserts="0"><properties><property name="python-version" value="3.9.6 (default, Oct  4 2024, 08:01:31) &#10;[Clang 16.0.0 (clang-1600.0.26.4)]" /><property name="fspath" value="tests/test_base_model.py" /></properties><environment framework-version="3.6.2" clr-version="3.9.6 (default, Oct  4 2024, 08:01:31) &#10;[Clang 16.0.0 (clang-1600.0.26.4)]" os-version="24.1.0" platform="Darwin" cwd="/Users/omri.mendels/Library/CloudStorage/OneDrive-Microsoft/Projects/presidio/code/presidio-research" machine-name="arm64" user="" user-domain="" culture="en-US" uiculture="en-US" os-architecture="64bit" /><failure><message><![CDATA[]]></message><stack-trace><![CDATA[None]]></stack-trace></failure><reason><message><![CDATA[]]></message></reason><output><![CDATA[]]></output></test-case><test-case id="102" name="tests/test_base_model.py::test_align_prediction[tags1-expected_tags1-True]" fullname="tests/test_base_model.py::test_align_prediction[tags1-expected_tags1-True]" methodname="test_align_prediction[tags1-expected_tags1-True]" classname="tests/test_base_model.py" runstate="Runnable" seed="1" result="Passed" label="" start-time="2024-11-26 08:28:08.842532" end-time="2024-11-26 08:28:08.842765" duration="0.000233" asserts="0"><properties><property name="python-version" value="3.9.6 (default, Oct  4 2024, 08:01:31) &#10;[Clang 16.0.0 (clang-1600.0.26.4)]" /><property name="fspath" value="tests/test_base_model.py" /></properties><environment framework-version="3.6.2" clr-version="3.9.6 (default, Oct  4 2024, 08:01:31) &#10;[Clang 16.0.0 (clang-1600.0.26.4)]" os-version="24.1.0" platform="Darwin" cwd="/Users/omri.mendels/Library/CloudStorage/OneDrive-Microsoft/Projects/presidio/code/presidio-research" machine-name="arm64" user="" user-domain="" culture="en-US" uiculture="en-US" os-architecture="64bit" /><failure><message><![CDATA[]]></message><stack-trace><![CDATA[None]]></stack-trace></failure><reason><message><![CDATA[]]></message></reason><output><![CDATA[]]></output></test-case><test-case id="103" name="tests/test_base_model.py::test_align_prediction[tags2-expected_tags2-True]" fullname="tests/test_base_model.py::test_align_prediction[tags2-expected_tags2-True]" methodname="test_align_prediction[tags2-expected_tags2-True]" classname="tests/test_base_model.py" runstate="Runnable" seed="1" result="Passed" label="" start-time="2024-11-26 08:28:08.843007" end-time="2024-11-26 08:28:08.843228" duration="0.000221" asserts="0"><properties><property name="python-version" value="3.9.6 (default, Oct  4 2024, 08:01:31) &#10;[Clang 16.0.0 (clang-1600.0.26.4)]" /><property name="fspath" value="tests/test_base_model.py" /></properties><environment framework-version="3.6.2" clr-version="3.9.6 (default, Oct  4 2024, 08:01:31) &#10;[Clang 16.0.0 (clang-1600.0.26.4)]" os-version="24.1.0" platform="Darwin" cwd="/Users/omri.mendels/Library/CloudStorage/OneDrive-Microsoft/Projects/presidio/code/presidio-research" machine-name="arm64" user="" user-domain="" culture="en-US" uiculture="en-US" os-architecture="64bit" /><failure><message><![CDATA[]]></message><stack-trace><![CDATA[None]]></stack-trace></failure><reason><message><![CDATA[]]></message></reason><output><![CDATA[]]></output></test-case><test-case id="104" name="tests/test_base_model.py::test_align_prediction[tags3-expected_tags3-False]" fullname="tests/test_base_model.py::test_align_prediction[tags3-expected_tags3-False]" methodname="test_align_prediction[tags3-expected_tags3-False]" classname="tests/test_base_model.py" runstate="Runnable" seed="1" result="Passed" label="" start-time="2024-11-26 08:28:08.843467" end-time="2024-11-26 08:28:08.843790" duration="0.000323" asserts="0"><properties><property name="python-version" value="3.9.6 (default, Oct  4 2024, 08:01:31) &#10;[Clang 16.0.0 (clang-1600.0.26.4)]" /><property name="fspath" value="tests/test_base_model.py" /></properties><environment framework-version="3.6.2" clr-version="3.9.6 (default, Oct  4 2024, 08:01:31) &#10;[Clang 16.0.0 (clang-1600.0.26.4)]" os-version="24.1.0" platform="Darwin" cwd="/Users/omri.mendels/Library/CloudStorage/OneDrive-Microsoft/Projects/presidio/code/presidio-research" machine-name="arm64" user="" user-domain="" culture="en-US" uiculture="en-US" os-architecture="64bit" /><failure><message><![CDATA[]]></message><stack-trace><![CDATA[None]]></stack-trace></failure><reason><message><![CDATA[]]></message></reason><output><![CDATA[]]></output></test-case><test-case id="105" name="tests/test_base_model.py::test_filter_tags_in_supported_entities[tags0-expected_tags0]" fullname="tests/test_base_model.py::test_filter_tags_in_supported_entities[tags0-expected_tags0]" methodname="test_filter_tags_in_supported_entities[tags0-expected_tags0]" classname="tests/test_base_model.py" runstate="Runnable" seed="1" result="Passed" label="" start-time="2024-11-26 08:28:08.844062" end-time="2024-11-26 08:28:08.844302" duration="0.00024" asserts="0"><properties><property name="python-version" value="3.9.6 (default, Oct  4 2024, 08:01:31) &#10;[Clang 16.0.0 (clang-1600.0.26.4)]" /><property name="fspath" value="tests/test_base_model.py" /></properties><environment framework-version="3.6.2" clr-version="3.9.6 (default, Oct  4 2024, 08:01:31) &#10;[Clang 16.0.0 (clang-1600.0.26.4)]" os-version="24.1.0" platform="Darwin" cwd="/Users/omri.mendels/Library/CloudStorage/OneDrive-Microsoft/Projects/presidio/code/presidio-research" machine-name="arm64" user="" user-domain="" culture="en-US" uiculture="en-US" os-architecture="64bit" /><failure><message><![CDATA[]]></message><stack-trace><![CDATA[None]]></stack-trace></failure><reason><message><![CDATA[]]></message></reason><output><![CDATA[]]></output></test-case><test-case id="106" name="tests/test_base_model.py::test_filter_tags_in_supported_entities[tags1-expected_tags1]" fullname="tests/test_base_model.py::test_filter_tags_in_supported_entities[tags1-expected_tags1]" methodname="test_filter_tags_in_supported_entities[tags1-expected_tags1]" classname="tests/test_base_model.py" runstate="Runnable" seed="1" result="Passed" label="" start-time="2024-11-26 08:28:08.844540" end-time="2024-11-26 08:28:08.844761" duration="0.000221" asserts="0"><properties><property name="python-version" value="3.9.6 (default, Oct  4 2024, 08:01:31) &#10;[Clang 16.0.0 (clang-1600.0.26.4)]" /><property name="fspath" value="tests/test_base_model.py" /></properties><environment framework-version="3.6.2" clr-version="3.9.6 (default, Oct  4 2024, 08:01:31) &#10;[Clang 16.0.0 (clang-1600.0.26.4)]" os-version="24.1.0" platform="Darwin" cwd="/Users/omri.mendels/Library/CloudStorage/OneDrive-Microsoft/Projects/presidio/code/presidio-research" machine-name="arm64" user="" user-domain="" culture="en-US" uiculture="en-US" os-architecture="64bit" /><failure><message><![CDATA[]]></message><stack-trace><![CDATA[None]]></stack-trace></failure><reason><message><![CDATA[]]></message></reason><output><![CDATA[]]></output></test-case><test-case id="107" name="tests/test_base_model.py::test_filter_tags_in_supported_entities[tags2-expected_tags2]" fullname="tests/test_base_model.py::test_filter_tags_in_supported_entities[tags2-expected_tags2]" methodname="test_filter_tags_in_supported_entities[tags2-expected_tags2]" classname="tests/test_base_model.py" runstate="Runnable" seed="1" result="Passed" label="" start-time="2024-11-26 08:28:08.844991" end-time="2024-11-26 08:28:08.845209" duration="0.000218" asserts="0"><properties><property name="python-version" value="3.9.6 (default, Oct  4 2024, 08:01:31) &#10;[Clang 16.0.0 (clang-1600.0.26.4)]" /><property name="fspath" value="tests/test_base_model.py" /></properties><environment framework-version="3.6.2" clr-version="3.9.6 (default, Oct  4 2024, 08:01:31) &#10;[Clang 16.0.0 (clang-1600.0.26.4)]" os-version="24.1.0" platform="Darwin" cwd="/Users/omri.mendels/Library/CloudStorage/OneDrive-Microsoft/Projects/presidio/code/presidio-research" machine-name="arm64" user="" user-domain="" culture="en-US" uiculture="en-US" os-architecture="64bit" /><failure><message><![CDATA[]]></message><stack-trace><![CDATA[None]]></stack-trace></failure><reason><message><![CDATA[]]></message></reason><output><![CDATA[]]></output></test-case><test-case id="108" name="tests/test_base_model.py::test_to_scheme[tags0-expected_tags0-BILUO]" fullname="tests/test_base_model.py::test_to_scheme[tags0-expected_tags0-BILUO]" methodname="test_to_scheme[tags0-expected_tags0-BILUO]" classname="tests/test_base_model.py" runstate="Runnable" seed="1" result="Passed" label="" start-time="2024-11-26 08:28:08.845451" end-time="2024-11-26 08:28:08.845676" duration="0.000225" asserts="0"><properties><property name="python-version" value="3.9.6 (default, Oct  4 2024, 08:01:31) &#10;[Clang 16.0.0 (clang-1600.0.26.4)]" /><property name="fspath" value="tests/test_base_model.py" /></properties><environment framework-version="3.6.2" clr-version="3.9.6 (default, Oct  4 2024, 08:01:31) &#10;[Clang 16.0.0 (clang-1600.0.26.4)]" os-version="24.1.0" platform="Darwin" cwd="/Users/omri.mendels/Library/CloudStorage/OneDrive-Microsoft/Projects/presidio/code/presidio-research" machine-name="arm64" user="" user-domain="" culture="en-US" uiculture="en-US" os-architecture="64bit" /><failure><message><![CDATA[]]></message><stack-trace><![CDATA[None]]></stack-trace></failure><reason><message><![CDATA[]]></message></reason><output><![CDATA[]]></output></test-case><test-case id="109" name="tests/test_base_model.py::test_to_scheme[tags1-expected_tags1-BIO]" fullname="tests/test_base_model.py::test_to_scheme[tags1-expected_tags1-BIO]" methodname="test_to_scheme[tags1-expected_tags1-BIO]" classname="tests/test_base_model.py" runstate="Runnable" seed="1" result="Passed" label="" start-time="2024-11-26 08:28:08.845921" end-time="2024-11-26 08:28:08.846147" duration="0.000226" asserts="0"><properties><property name="python-version" value="3.9.6 (default, Oct  4 2024, 08:01:31) &#10;[Clang 16.0.0 (clang-1600.0.26.4)]" /><property name="fspath" value="tests/test_base_model.py" /></properties><environment framework-version="3.6.2" clr-version="3.9.6 (default, Oct  4 2024, 08:01:31) &#10;[Clang 16.0.0 (clang-1600.0.26.4)]" os-version="24.1.0" platform="Darwin" cwd="/Users/omri.mendels/Library/CloudStorage/OneDrive-Microsoft/Projects/presidio/code/presidio-research" machine-name="arm64" user="" user-domain="" culture="en-US" uiculture="en-US" os-architecture="64bit" /><failure><message><![CDATA[]]></message><stack-trace><![CDATA[None]]></stack-trace></failure><reason><message><![CDATA[]]></message></reason><output><![CDATA[]]></output></test-case><test-case id="110" name="tests/test_base_model.py::test_to_scheme[tags2-expected_tags2-BILUO]" fullname="tests/test_base_model.py::test_to_scheme[tags2-expected_tags2-BILUO]" methodname="test_to_scheme[tags2-expected_tags2-BILUO]" classname="tests/test_base_model.py" runstate="Runnable" seed="1" result="Passed" label="" start-time="2024-11-26 08:28:08.846385" end-time="2024-11-26 08:28:08.846611" duration="0.000226" asserts="0"><properties><property name="python-version" value="3.9.6 (default, Oct  4 2024, 08:01:31) &#10;[Clang 16.0.0 (clang-1600.0.26.4)]" /><property name="fspath" value="tests/test_base_model.py" /></properties><environment framework-version="3.6.2" clr-version="3.9.6 (default, Oct  4 2024, 08:01:31) &#10;[Clang 16.0.0 (clang-1600.0.26.4)]" os-version="24.1.0" platform="Darwin" cwd="/Users/omri.mendels/Library/CloudStorage/OneDrive-Microsoft/Projects/presidio/code/presidio-research" machine-name="arm64" user="" user-domain="" culture="en-US" uiculture="en-US" os-architecture="64bit" /><failure><message><![CDATA[]]></message><stack-trace><![CDATA[None]]></stack-trace></failure><reason><message><![CDATA[]]></message></reason><output><![CDATA[]]></output></test-case><test-case id="111" name="tests/test_base_model.py::test_to_log" fullname="tests/test_base_model.py::test_to_log" methodname="test_to_log" classname="tests/test_base_model.py" runstate="Runnable" seed="1" result="Passed" label="" start-time="2024-11-26 08:28:08.846785" end-time="2024-11-26 08:28:08.846989" duration="0.000204" asserts="0"><properties><property name="python-version" value="3.9.6 (default, Oct  4 2024, 08:01:31) &#10;[Clang 16.0.0 (clang-1600.0.26.4)]" /><property name="fspath" value="tests/test_base_model.py" /></properties><environment framework-version="3.6.2" clr-version="3.9.6 (default, Oct  4 2024, 08:01:31) &#10;[Clang 16.0.0 (clang-1600.0.26.4)]" os-version="24.1.0" platform="Darwin" cwd="/Users/omri.mendels/Library/CloudStorage/OneDrive-Microsoft/Projects/presidio/code/presidio-research" machine-name="arm64" user="" user-domain="" culture="en-US" uiculture="en-US" os-architecture="64bit" /><failure><message><![CDATA[]]></message><stack-trace><![CDATA[None]]></stack-trace></failure><reason><message><![CDATA[]]></message></reason><output><![CDATA[]]></output></test-case><environment framework-version="3.6.2" clr-version="3.9.6 (default, Oct  4 2024, 08:01:31) &#10;[Clang 16.0.0 (clang-1600.0.26.4)]" os-version="24.1.0" platform="Darwin" cwd="/Users/omri.mendels/Library/CloudStorage/OneDrive-Microsoft/Projects/presidio/code/presidio-research" machine-name="arm64" user="" user-domain="" culture="en-US" uiculture="en-US" os-architecture="64bit" /></test-suite><test-suite id="tests/test_spacy_recognizer_generated_text.py" name="tests/test_spacy_recognizer_generated_text.py" fullname="tests/test_spacy_recognizer_generated_text.py" methodname="" classname="" runstate="Runnable" type="Assembly" testcasecount="2" result="Passed" label="" start-time="2024-11-26 08:29:22.834966" end-time="2024-11-26 08:29:44.716624" duration="21.881658" asserts="0" total="2" passed="2" failed="0" warnings="0" inconclusive="0" skipped="0"><properties><property name="python_version" value="3.9.6 (default, Oct  4 2024, 08:01:31) &#10;[Clang 16.0.0 (clang-1600.0.26.4)]" /></properties><test-case id="199" name="tests/test_spacy_recognizer_generated_text.py::test_spacy_recognizer_with_generated_text[small-set]" fullname="tests/test_spacy_recognizer_generated_text.py::test_spacy_recognizer_with_generated_text[small-set]" methodname="test_spacy_recognizer_with_generated_text[small-set]" classname="tests/test_spacy_recognizer_generated_text.py" runstate="Runnable" seed="1" result="Passed" label="Test spacy recognizer with a generated dataset text file&#10;    :param test_input: input text file location&#10;    :param acceptance_threshold: minimim precision/recall&#10;     allowed for tests to pass" start-time="2024-11-26 08:29:22.834966" end-time="2024-11-26 08:29:25.025750" duration="2.190784" asserts="0"><properties><property name="python-version" value="3.9.6 (default, Oct  4 2024, 08:01:31) &#10;[Clang 16.0.0 (clang-1600.0.26.4)]" /><property name="fspath" value="tests/test_spacy_recognizer_generated_text.py" /></properties><environment framework-version="3.6.2" clr-version="3.9.6 (default, Oct  4 2024, 08:01:31) &#10;[Clang 16.0.0 (clang-1600.0.26.4)]" os-version="24.1.0" platform="Darwin" cwd="/Users/omri.mendels/Library/CloudStorage/OneDrive-Microsoft/Projects/presidio/code/presidio-research" machine-name="arm64" user="" user-domain="" culture="en-US" uiculture="en-US" os-architecture="64bit" /><failure><message><![CDATA[]]></message><stack-trace><![CDATA[None]]></stack-trace></failure><reason><message><![CDATA[&#x1b;[33mWARNING &#x1b;[0m presidio-analyzer:ner_model_configuration.py:78 model_to_presidio_entity_mapping is missing from configuration, using default
&#x1b;[33mWARNING &#x1b;[0m presidio-analyzer:ner_model_configuration.py:84 low_score_entity_names is missing from configuration, using default
&#x1b;[33mWARNING &#x1b;[0m presidio-analyzer:ner_model_configuration.py:89 labels_to_ignore is missing from configuration, using default
&#x1b;[33mWARNING &#x1b;[0m presidio-analyzer:spacy_nlp_engine.py:224 Entity FAC is not mapped to a Presidio entity, but keeping anyway. Add to `NerModelConfiguration.labels_to_ignore` to remove.
&#x1b;[33mWARNING &#x1b;[0m presidio-analyzer:spacy_nlp_engine.py:224 Entity FAC is not mapped to a Presidio entity, but keeping anyway. Add to `NerModelConfiguration.labels_to_ignore` to remove.
&#x1b;[33mWARNING &#x1b;[0m presidio-analyzer:spacy_nlp_engine.py:224 Entity FAC is not mapped to a Presidio entity, but keeping anyway. Add to `NerModelConfiguration.labels_to_ignore` to remove.]]></message></reason><output><![CDATA[&#x1b;[33mWARNING &#x1b;[0m presidio-analyzer:ner_model_configuration.py:78 model_to_presidio_entity_mapping is missing from configuration, using default
&#x1b;[33mWARNING &#x1b;[0m presidio-analyzer:ner_model_configuration.py:84 low_score_entity_names is missing from configuration, using default
&#x1b;[33mWARNING &#x1b;[0m presidio-analyzer:ner_model_configuration.py:89 labels_to_ignore is missing from configuration, using default
&#x1b;[33mWARNING &#x1b;[0m presidio-analyzer:spacy_nlp_engine.py:224 Entity FAC is not mapped to a Presidio entity, but keeping anyway. Add to `NerModelConfiguration.labels_to_ignore` to remove.
&#x1b;[33mWARNING &#x1b;[0m presidio-analyzer:spacy_nlp_engine.py:224 Entity FAC is not mapped to a Presidio entity, but keeping anyway. Add to `NerModelConfiguration.labels_to_ignore` to remove.
&#x1b;[33mWARNING &#x1b;[0m presidio-analyzer:spacy_nlp_engine.py:224 Entity FAC is not mapped to a Presidio entity, but keeping anyway. Add to `NerModelConfiguration.labels_to_ignore` to remove.]]></output></test-case><test-case id="200" name="tests/test_spacy_recognizer_generated_text.py::test_spacy_recognizer_with_generated_text[large-set]" fullname="tests/test_spacy_recognizer_generated_text.py::test_spacy_recognizer_with_generated_text[large-set]" methodname="test_spacy_recognizer_with_generated_text[large-set]" classname="tests/test_spacy_recognizer_generated_text.py" runstate="Runnable" seed="1" result="Passed" label="Test spacy recognizer with a generated dataset text file&#10;    :param test_input: input text file location&#10;    :param acceptance_threshold: minimim precision/recall&#10;     allowed for tests to pass" start-time="2024-11-26 08:29:25.026209" end-time="2024-11-26 08:29:44.716624" duration="19.690415" asserts="0"><properties><property name="python-version" value="3.9.6 (default, Oct  4 2024, 08:01:31) &#10;[Clang 16.0.0 (clang-1600.0.26.4)]" /><property name="fspath" value="tests/test_spacy_recognizer_generated_text.py" /></properties><environment framework-version="3.6.2" clr-version="3.9.6 (default, Oct  4 2024, 08:01:31) &#10;[Clang 16.0.0 (clang-1600.0.26.4)]" os-version="24.1.0" platform="Darwin" cwd="/Users/omri.mendels/Library/CloudStorage/OneDrive-Microsoft/Projects/presidio/code/presidio-research" machine-name="arm64" user="" user-domain="" culture="en-US" uiculture="en-US" os-architecture="64bit" /><failure><message><![CDATA[]]></message><stack-trace><![CDATA[None]]></stack-trace></failure><reason><message><![CDATA[&#x1b;[33mWARNING &#x1b;[0m presidio-analyzer:ner_model_configuration.py:78 model_to_presidio_entity_mapping is missing from configuration, using default
&#x1b;[33mWARNING &#x1b;[0m presidio-analyzer:ner_model_configuration.py:84 low_score_entity_names is missing from configuration, using default
&#x1b;[33mWARNING &#x1b;[0m presidio-analyzer:ner_model_configuration.py:89 labels_to_ignore is missing from configuration, using default
&#x1b;[33mWARNING &#x1b;[0m presidio-analyzer:spacy_nlp_engine.py:224 Entity FAC is not mapped to a Presidio entity, but keeping anyway. Add to `NerModelConfiguration.labels_to_ignore` to remove.
&#x1b;[33mWARNING &#x1b;[0m presidio-analyzer:spacy_nlp_engine.py:224 Entity FAC is not mapped to a Presidio entity, but keeping anyway. Add to `NerModelConfiguration.labels_to_ignore` to remove.
&#x1b;[33mWARNING &#x1b;[0m presidio-analyzer:spacy_nlp_engine.py:224 Entity FAC is not mapped to a Presidio entity, but keeping anyway. Add to `NerModelConfiguration.labels_to_ignore` to remove.
&#x1b;[33mWARNING &#x1b;[0m presidio-analyzer:spacy_nlp_engine.py:224 Entity FAC is not mapped to a Presidio entity, but keeping anyway. Add to `NerModelConfiguration.labels_to_ignore` to remove.
&#x1b;[33mWARNING &#x1b;[0m presidio-analyzer:spacy_nlp_engine.py:224 Entity FAC is not mapped to a Presidio entity, but keeping anyway. Add to `NerModelConfiguration.labels_to_ignore` to remove.
&#x1b;[33mWARNING &#x1b;[0m presidio-analyzer:spacy_nlp_engine.py:224 Entity FAC is not mapped to a Presidio entity, but keeping anyway. Add to `NerModelConfiguration.labels_to_ignore` to remove.
&#x1b;[33mWARNING &#x1b;[0m presidio-analyzer:spacy_nlp_engine.py:224 Entity FAC is not mapped to a Presidio entity, but keeping anyway. Add to `NerModelConfiguration.labels_to_ignore` to remove.
&#x1b;[33mWARNING &#x1b;[0m presidio-analyzer:spacy_nlp_engine.py:224 Entity FAC is not mapped to a Presidio entity, but keeping anyway. Add to `NerModelConfiguration.labels_to_ignore` to remove.
&#x1b;[33mWARNING &#x1b;[0m presidio-analyzer:spacy_nlp_engine.py:224 Entity FAC is not mapped to a Presidio entity, but keeping anyway. Add to `NerModelConfiguration.labels_to_ignore` to remove.
&#x1b;[33mWARNING &#x1b;[0m presidio-analyzer:spacy_nlp_engine.py:224 Entity FAC is not mapped to a Presidio entity, but keeping anyway. Add to `NerModelConfiguration.labels_to_ignore` to remove.
&#x1b;[33mWARNING &#x1b;[0m presidio-analyzer:spacy_nlp_engine.py:224 Entity FAC is not mapped to a Presidio entity, but keeping anyway. Add to `NerModelConfiguration.labels_to_ignore` to remove.
&#x1b;[33mWARNING &#x1b;[0m presidio-analyzer:spacy_nlp_engine.py:224 Entity FAC is not mapped to a Presidio entity, but keeping anyway. Add to `NerModelConfiguration.labels_to_ignore` to remove.
&#x1b;[33mWARNING &#x1b;[0m presidio-analyzer:spacy_nlp_engine.py:224 Entity FAC is not mapped to a Presidio entity, but keeping anyway. Add to `NerModelConfiguration.labels_to_ignore` to remove.
&#x1b;[33mWARNING &#x1b;[0m presidio-analyzer:spacy_nlp_engine.py:224 Entity FAC is not mapped to a Presidio entity, but keeping anyway. Add to `NerModelConfiguration.labels_to_ignore` to remove.
&#x1b;[33mWARNING &#x1b;[0m presidio-analyzer:spacy_nlp_engine.py:224 Entity FAC is not mapped to a Presidio entity, but keeping anyway. Add to `NerModelConfiguration.labels_to_ignore` to remove.
&#x1b;[33mWARNING &#x1b;[0m presidio-analyzer:spacy_nlp_engine.py:224 Entity FAC is not mapped to a Presidio entity, but keeping anyway. Add to `NerModelConfiguration.labels_to_ignore` to remove.
&#x1b;[33mWARNING &#x1b;[0m presidio-analyzer:spacy_nlp_engine.py:224 Entity FAC is not mapped to a Presidio entity, but keeping anyway. Add to `NerModelConfiguration.labels_to_ignore` to remove.
&#x1b;[33mWARNING &#x1b;[0m presidio-analyzer:spacy_nlp_engine.py:224 Entity FAC is not mapped to a Presidio entity, but keeping anyway. Add to `NerModelConfiguration.labels_to_ignore` to remove.
&#x1b;[33mWARNING &#x1b;[0m presidio-analyzer:spacy_nlp_engine.py:224 Entity FAC is not mapped to a Presidio entity, but keeping anyway. Add to `NerModelConfiguration.labels_to_ignore` to remove.
&#x1b;[33mWARNING &#x1b;[0m presidio-analyzer:spacy_nlp_engine.py:224 Entity FAC is not mapped to a Presidio entity, but keeping anyway. Add to `NerModelConfiguration.labels_to_ignore` to remove.
&#x1b;[33mWARNING &#x1b;[0m presidio-analyzer:spacy_nlp_engine.py:224 Entity FAC is not mapped to a Presidio entity, but keeping anyway. Add to `NerModelConfiguration.labels_to_ignore` to remove.
&#x1b;[33mWARNING &#x1b;[0m presidio-analyzer:spacy_nlp_engine.py:224 Entity FAC is not mapped to a Presidio entity, but keeping anyway. Add to `NerModelConfiguration.labels_to_ignore` to remove.
&#x1b;[33mWARNING &#x1b;[0m presidio-analyzer:spacy_nlp_engine.py:224 Entity FAC is not mapped to a Presidio entity, but keeping anyway. Add to `NerModelConfiguration.labels_to_ignore` to remove.
&#x1b;[33mWARNING &#x1b;[0m presidio-analyzer:spacy_nlp_engine.py:224 Entity FAC is not mapped to a Presidio entity, but keeping anyway. Add to `NerModelConfiguration.labels_to_ignore` to remove.
&#x1b;[33mWARNING &#x1b;[0m presidio-analyzer:spacy_nlp_engine.py:224 Entity FAC is not mapped to a Presidio entity, but keeping anyway. Add to `NerModelConfiguration.labels_to_ignore` to remove.
&#x1b;[33mWARNING &#x1b;[0m presidio-analyzer:spacy_nlp_engine.py:224 Entity FAC is not mapped to a Presidio entity, but keeping anyway. Add to `NerModelConfiguration.labels_to_ignore` to remove.
&#x1b;[33mWARNING &#x1b;[0m presidio-analyzer:spacy_nlp_engine.py:224 Entity FAC is not mapped to a Presidio entity, but keeping anyway. Add to `NerModelConfiguration.labels_to_ignore` to remove.
&#x1b;[33mWARNING &#x1b;[0m presidio-analyzer:spacy_nlp_engine.py:224 Entity FAC is not mapped to a Presidio entity, but keeping anyway. Add to `NerModelConfiguration.labels_to_ignore` to remove.
&#x1b;[33mWARNING &#x1b;[0m presidio-analyzer:spacy_nlp_engine.py:224 Entity FAC is not mapped to a Presidio entity, but keeping anyway. Add to `NerModelConfiguration.labels_to_ignore` to remove.
&#x1b;[33mWARNING &#x1b;[0m presidio-analyzer:spacy_nlp_engine.py:224 Entity FAC is not mapped to a Presidio entity, but keeping anyway. Add to `NerModelConfiguration.labels_to_ignore` to remove.
&#x1b;[33mWARNING &#x1b;[0m presidio-analyzer:spacy_nlp_engine.py:224 Entity FAC is not mapped to a Presidio entity, but keeping anyway. Add to `NerModelConfiguration.labels_to_ignore` to remove.
&#x1b;[33mWARNING &#x1b;[0m presidio-analyzer:spacy_nlp_engine.py:224 Entity FAC is not mapped to a Presidio entity, but keeping anyway. Add to `NerModelConfiguration.labels_to_ignore` to remove.
&#x1b;[33mWARNING &#x1b;[0m presidio-analyzer:spacy_nlp_engine.py:224 Entity FAC is not mapped to a Presidio entity, but keeping anyway. Add to `NerModelConfiguration.labels_to_ignore` to remove.
&#x1b;[33mWARNING &#x1b;[0m presidio-analyzer:spacy_nlp_engine.py:224 Entity FAC is not mapped to a Presidio entity, but keeping anyway. Add to `NerModelConfiguration.labels_to_ignore` to remove.
&#x1b;[33mWARNING &#x1b;[0m presidio-analyzer:spacy_nlp_engine.py:224 Entity FAC is not mapped to a Presidio entity, but keeping anyway. Add to `NerModelConfiguration.labels_to_ignore` to remove.
&#x1b;[33mWARNING &#x1b;[0m presidio-analyzer:spacy_nlp_engine.py:224 Entity FAC is not mapped to a Presidio entity, but keeping anyway. Add to `NerModelConfiguration.labels_to_ignore` to remove.
&#x1b;[33mWARNING &#x1b;[0m presidio-analyzer:spacy_nlp_engine.py:224 Entity FAC is not mapped to a Presidio entity, but keeping anyway. Add to `NerModelConfiguration.labels_to_ignore` to remove.
&#x1b;[33mWARNING &#x1b;[0m presidio-analyzer:spacy_nlp_engine.py:224 Entity FAC is not mapped to a Presidio entity, but keeping anyway. Add to `NerModelConfiguration.labels_to_ignore` to remove.
&#x1b;[33mWARNING &#x1b;[0m presidio-analyzer:spacy_nlp_engine.py:224 Entity FAC is not mapped to a Presidio entity, but keeping anyway. Add to `NerModelConfiguration.labels_to_ignore` to remove.
&#x1b;[33mWARNING &#x1b;[0m presidio-analyzer:spacy_nlp_engine.py:224 Entity FAC is not mapped to a Presidio entity, but keeping anyway. Add to `NerModelConfiguration.labels_to_ignore` to remove.
&#x1b;[33mWARNING &#x1b;[0m presidio-analyzer:spacy_nlp_engine.py:224 Entity FAC is not mapped to a Presidio entity, but keeping anyway. Add to `NerModelConfiguration.labels_to_ignore` to remove.
&#x1b;[33mWARNING &#x1b;[0m presidio-analyzer:spacy_nlp_engine.py:224 Entity FAC is not mapped to a Presidio entity, but keeping anyway. Add to `NerModelConfiguration.labels_to_ignore` to remove.
&#x1b;[33mWARNING &#x1b;[0m presidio-analyzer:spacy_nlp_engine.py:224 Entity FAC is not mapped to a Presidio entity, but keeping anyway. Add to `NerModelConfiguration.labels_to_ignore` to remove.
&#x1b;[33mWARNING &#x1b;[0m presidio-analyzer:spacy_nlp_engine.py:224 Entity FAC is not mapped to a Presidio entity, but keeping anyway. Add to `NerModelConfiguration.labels_to_ignore` to remove.
&#x1b;[33mWARNING &#x1b;[0m presidio-analyzer:spacy_nlp_engine.py:224 Entity FAC is not mapped to a Presidio entity, but keeping anyway. Add to `NerModelConfiguration.labels_to_ignore` to remove.
&#x1b;[33mWARNING &#x1b;[0m presidio-analyzer:spacy_nlp_engine.py:224 Entity FAC is not mapped to a Presidio entity, but keeping anyway. Add to `NerModelConfiguration.labels_to_ignore` to remove.
&#x1b;[33mWARNING &#x1b;[0m presidio-analyzer:spacy_nlp_engine.py:224 Entity FAC is not mapped to a Presidio entity, but keeping anyway. Add to `NerModelConfiguration.labels_to_ignore` to remove.
&#x1b;[33mWARNING &#x1b;[0m presidio-analyzer:spacy_nlp_engine.py:224 Entity FAC is not mapped to a Presidio entity, but keeping anyway. Add to `NerModelConfiguration.labels_to_ignore` to remove.
&#x1b;[33mWARNING &#x1b;[0m presidio-analyzer:spacy_nlp_engine.py:224 Entity FAC is not mapped to a Presidio entity, but keeping anyway. Add to `NerModelConfiguration.labels_to_ignore` to remove.
&#x1b;[33mWARNING &#x1b;[0m presidio-analyzer:spacy_nlp_engine.py:224 Entity FAC is not mapped to a Presidio entity, but keeping anyway. Add to `NerModelConfiguration.labels_to_ignore` to remove.
&#x1b;[33mWARNING &#x1b;[0m presidio-analyzer:spacy_nlp_engine.py:224 Entity FAC is not mapped to a Presidio entity, but keeping anyway. Add to `NerModelConfiguration.labels_to_ignore` to remove.
&#x1b;[33mWARNING &#x1b;[0m presidio-analyzer:spacy_nlp_engine.py:224 Entity FAC is not mapped to a Presidio entity, but keeping anyway. Add to `NerModelConfiguration.labels_to_ignore` to remove.
&#x1b;[33mWARNING &#x1b;[0m presidio-analyzer:spacy_nlp_engine.py:224 Entity FAC is not mapped to a Presidio entity, but keeping anyway. Add to `NerModelConfiguration.labels_to_ignore` to remove.
&#x1b;[33mWARNING &#x1b;[0m presidio-analyzer:spacy_nlp_engine.py:224 Entity FAC is not mapped to a Presidio entity, but keeping anyway. Add to `NerModelConfiguration.labels_to_ignore` to remove.
&#x1b;[33mWARNING &#x1b;[0m presidio-analyzer:spacy_nlp_engine.py:224 Entity FAC is not mapped to a Presidio entity, but keeping anyway. Add to `NerModelConfiguration.labels_to_ignore` to remove.
&#x1b;[33mWARNING &#x1b;[0m presidio-analyzer:spacy_nlp_engine.py:224 Entity FAC is not mapped to a Presidio entity, but keeping anyway. Add to `NerModelConfiguration.labels_to_ignore` to remove.
&#x1b;[33mWARNING &#x1b;[0m presidio-analyzer:spacy_nlp_engine.py:224 Entity FAC is not mapped to a Presidio entity, but keeping anyway. Add to `NerModelConfiguration.labels_to_ignore` to remove.
&#x1b;[33mWARNING &#x1b;[0m presidio-analyzer:spacy_nlp_engine.py:224 Entity FAC is not mapped to a Presidio entity, but keeping anyway. Add to `NerModelConfiguration.labels_to_ignore` to remove.
&#x1b;[33mWARNING &#x1b;[0m presidio-analyzer:spacy_nlp_engine.py:224 Entity FAC is not mapped to a Presidio entity, but keeping anyway. Add to `NerModelConfiguration.labels_to_ignore` to remove.
&#x1b;[33mWARNING &#x1b;[0m presidio-analyzer:spacy_nlp_engine.py:224 Entity FAC is not mapped to a Presidio entity, but keeping anyway. Add to `NerModelConfiguration.labels_to_ignore` to remove.
&#x1b;[33mWARNING &#x1b;[0m presidio-analyzer:spacy_nlp_engine.py:224 Entity FAC is not mapped to a Presidio entity, but keeping anyway. Add to `NerModelConfiguration.labels_to_ignore` to remove.
&#x1b;[33mWARNING &#x1b;[0m presidio-analyzer:spacy_nlp_engine.py:224 Entity FAC is not mapped to a Presidio entity, but keeping anyway. Add to `NerModelConfiguration.labels_to_ignore` to remove.
&#x1b;[33mWARNING &#x1b;[0m presidio-analyzer:spacy_nlp_engine.py:224 Entity FAC is not mapped to a Presidio entity, but keeping anyway. Add to `NerModelConfiguration.labels_to_ignore` to remove.
&#x1b;[33mWARNING &#x1b;[0m presidio-analyzer:spacy_nlp_engine.py:224 Entity FAC is not mapped to a Presidio entity, but keeping anyway. Add to `NerModelConfiguration.labels_to_ignore` to remove.
&#x1b;[33mWARNING &#x1b;[0m presidio-analyzer:spacy_nlp_engine.py:224 Entity FAC is not mapped to a Presidio entity, but keeping anyway. Add to `NerModelConfiguration.labels_to_ignore` to remove.
&#x1b;[33mWARNING &#x1b;[0m presidio-analyzer:spacy_nlp_engine.py:224 Entity FAC is not mapped to a Presidio entity, but keeping anyway. Add to `NerModelConfiguration.labels_to_ignore` to remove.
&#x1b;[33mWARNING &#x1b;[0m presidio-analyzer:spacy_nlp_engine.py:224 Entity FAC is not mapped to a Presidio entity, but keeping anyway. Add to `NerModelConfiguration.labels_to_ignore` to remove.
&#x1b;[33mWARNING &#x1b;[0m presidio-analyzer:spacy_nlp_engine.py:224 Entity FAC is not mapped to a Presidio entity, but keeping anyway. Add to `NerModelConfiguration.labels_to_ignore` to remove.
&#x1b;[33mWARNING &#x1b;[0m presidio-analyzer:spacy_nlp_engine.py:224 Entity FAC is not mapped to a Presidio entity, but keeping anyway. Add to `NerModelConfiguration.labels_to_ignore` to remove.
&#x1b;[33mWARNING &#x1b;[0m presidio-analyzer:spacy_nlp_engine.py:224 Entity FAC is not mapped to a Presidio entity, but keeping anyway. Add to `NerModelConfiguration.labels_to_ignore` to remove.
&#x1b;[33mWARNING &#x1b;[0m presidio-analyzer:spacy_nlp_engine.py:224 Entity FAC is not mapped to a Presidio entity, but keeping anyway. Add to `NerModelConfiguration.labels_to_ignore` to remove.
&#x1b;[33mWARNING &#x1b;[0m presidio-analyzer:spacy_nlp_engine.py:224 Entity FAC is not mapped to a Presidio entity, but keeping anyway. Add to `NerModelConfiguration.labels_to_ignore` to remove.
&#x1b;[33mWARNING &#x1b;[0m presidio-analyzer:spacy_nlp_engine.py:224 Entity FAC is not mapped to a Presidio entity, but keeping anyway. Add to `NerModelConfiguration.labels_to_ignore` to remove.
&#x1b;[33mWARNING &#x1b;[0m presidio-analyzer:spacy_nlp_engine.py:224 Entity FAC is not mapped to a Presidio entity, but keeping anyway. Add to `NerModelConfiguration.labels_to_ignore` to remove.
&#x1b;[33mWARNING &#x1b;[0m presidio-analyzer:spacy_nlp_engine.py:224 Entity FAC is not mapped to a Presidio entity, but keeping anyway. Add to `NerModelConfiguration.labels_to_ignore` to remove.
&#x1b;[33mWARNING &#x1b;[0m presidio-analyzer:spacy_nlp_engine.py:224 Entity FAC is not mapped to a Presidio entity, but keeping anyway. Add to `NerModelConfiguration.labels_to_ignore` to remove.
&#x1b;[33mWARNING &#x1b;[0m presidio-analyzer:spacy_nlp_engine.py:224 Entity FAC is not mapped to a Presidio entity, but keeping anyway. Add to `NerModelConfiguration.labels_to_ignore` to remove.
&#x1b;[33mWARNING &#x1b;[0m presidio-analyzer:spacy_nlp_engine.py:224 Entity FAC is not mapped to a Presidio entity, but keeping anyway. Add to `NerModelConfiguration.labels_to_ignore` to remove.
&#x1b;[33mWARNING &#x1b;[0m presidio-analyzer:spacy_nlp_engine.py:224 Entity FAC is not mapped to a Presidio entity, but keeping anyway. Add to `NerModelConfiguration.labels_to_ignore` to remove.
&#x1b;[33mWARNING &#x1b;[0m presidio-analyzer:spacy_nlp_engine.py:224 Entity FAC is not mapped to a Presidio entity, but keeping anyway. Add to `NerModelConfiguration.labels_to_ignore` to remove.
&#x1b;[33mWARNING &#x1b;[0m presidio-analyzer:spacy_nlp_engine.py:224 Entity FAC is not mapped to a Presidio entity, but keeping anyway. Add to `NerModelConfiguration.labels_to_ignore` to remove.
&#x1b;[33mWARNING &#x1b;[0m presidio-analyzer:spacy_nlp_engine.py:224 Entity FAC is not mapped to a Presidio entity, but keeping anyway. Add to `NerModelConfiguration.labels_to_ignore` to remove.
&#x1b;[33mWARNING &#x1b;[0m presidio-analyzer:spacy_nlp_engine.py:224 Entity FAC is not mapped to a Presidio entity, but keeping anyway. Add to `NerModelConfiguration.labels_to_ignore` to remove.
&#x1b;[33mWARNING &#x1b;[0m presidio-analyzer:spacy_nlp_engine.py:224 Entity FAC is not mapped to a Presidio entity, but keeping anyway. Add to `NerModelConfiguration.labels_to_ignore` to remove.
&#x1b;[33mWARNING &#x1b;[0m presidio-analyzer:spacy_nlp_engine.py:224 Entity FAC is not mapped to a Presidio entity, but keeping anyway. Add to `NerModelConfiguration.labels_to_ignore` to remove.
&#x1b;[33mWARNING &#x1b;[0m presidio-analyzer:spacy_nlp_engine.py:224 Entity FAC is not mapped to a Presidio entity, but keeping anyway. Add to `NerModelConfiguration.labels_to_ignore` to remove.
&#x1b;[33mWARNING &#x1b;[0m presidio-analyzer:spacy_nlp_engine.py:224 Entity FAC is not mapped to a Presidio entity, but keeping anyway. Add to `NerModelConfiguration.labels_to_ignore` to remove.
&#x1b;[33mWARNING &#x1b;[0m presidio-analyzer:spacy_nlp_engine.py:224 Entity FAC is not mapped to a Presidio entity, but keeping anyway. Add to `NerModelConfiguration.labels_to_ignore` to remove.
&#x1b;[33mWARNING &#x1b;[0m presidio-analyzer:spacy_nlp_engine.py:224 Entity FAC is not mapped to a Presidio entity, but keeping anyway. Add to `NerModelConfiguration.labels_to_ignore` to remove.
&#x1b;[33mWARNING &#x1b;[0m presidio-analyzer:spacy_nlp_engine.py:224 Entity FAC is not mapped to a Presidio entity, but keeping anyway. Add to `NerModelConfiguration.labels_to_ignore` to remove.
&#x1b;[33mWARNING &#x1b;[0m presidio-analyzer:spacy_nlp_engine.py:224 Entity FAC is not mapped to a Presidio entity, but keeping anyway. Add to `NerModelConfiguration.labels_to_ignore` to remove.
&#x1b;[33mWARNING &#x1b;[0m presidio-analyzer:spacy_nlp_engine.py:224 Entity FAC is not mapped to a Presidio entity, but keeping anyway. Add to `NerModelConfiguration.labels_to_ignore` to remove.
&#x1b;[33mWARNING &#x1b;[0m presidio-analyzer:spacy_nlp_engine.py:224 Entity FAC is not mapped to a Presidio entity, but keeping anyway. Add to `NerModelConfiguration.labels_to_ignore` to remove.
&#x1b;[33mWARNING &#x1b;[0m presidio-analyzer:spacy_nlp_engine.py:224 Entity FAC is not mapped to a Presidio entity, but keeping anyway. Add to `NerModelConfiguration.labels_to_ignore` to remove.
&#x1b;[33mWARNING &#x1b;[0m presidio-analyzer:spacy_nlp_engine.py:224 Entity FAC is not mapped to a Presidio entity, but keeping anyway. Add to `NerModelConfiguration.labels_to_ignore` to remove.
&#x1b;[33mWARNING &#x1b;[0m presidio-analyzer:spacy_nlp_engine.py:224 Entity FAC is not mapped to a Presidio entity, but keeping anyway. Add to `NerModelConfiguration.labels_to_ignore` to remove.
&#x1b;[33mWARNING &#x1b;[0m presidio-analyzer:spacy_nlp_engine.py:224 Entity FAC is not mapped to a Presidio entity, but keeping anyway. Add to `NerModelConfiguration.labels_to_ignore` to remove.
&#x1b;[33mWARNING &#x1b;[0m presidio-analyzer:spacy_nlp_engine.py:224 Entity FAC is not mapped to a Presidio entity, but keeping anyway. Add to `NerModelConfiguration.labels_to_ignore` to remove.
&#x1b;[33mWARNING &#x1b;[0m presidio-analyzer:spacy_nlp_engine.py:224 Entity FAC is not mapped to a Presidio entity, but keeping anyway. Add to `NerModelConfiguration.labels_to_ignore` to remove.
&#x1b;[33mWARNING &#x1b;[0m presidio-analyzer:spacy_nlp_engine.py:224 Entity FAC is not mapped to a Presidio entity, but keeping anyway. Add to `NerModelConfiguration.labels_to_ignore` to remove.
&#x1b;[33mWARNING &#x1b;[0m presidio-analyzer:spacy_nlp_engine.py:224 Entity FAC is not mapped to a Presidio entity, but keeping anyway. Add to `NerModelConfiguration.labels_to_ignore` to remove.
&#x1b;[33mWARNING &#x1b;[0m presidio-analyzer:spacy_nlp_engine.py:224 Entity FAC is not mapped to a Presidio entity, but keeping anyway. Add to `NerModelConfiguration.labels_to_ignore` to remove.
&#x1b;[33mWARNING &#x1b;[0m presidio-analyzer:spacy_nlp_engine.py:224 Entity FAC is not mapped to a Presidio entity, but keeping anyway. Add to `NerModelConfiguration.labels_to_ignore` to remove.
&#x1b;[33mWARNING &#x1b;[0m presidio-analyzer:spacy_nlp_engine.py:224 Entity FAC is not mapped to a Presidio entity, but keeping anyway. Add to `NerModelConfiguration.labels_to_ignore` to remove.
&#x1b;[33mWARNING &#x1b;[0m presidio-analyzer:spacy_nlp_engine.py:224 Entity FAC is not mapped to a Presidio entity, but keeping anyway. Add to `NerModelConfiguration.labels_to_ignore` to remove.
&#x1b;[33mWARNING &#x1b;[0m presidio-analyzer:spacy_nlp_engine.py:224 Entity FAC is not mapped to a Presidio entity, but keeping anyway. Add to `NerModelConfiguration.labels_to_ignore` to remove.
&#x1b;[33mWARNING &#x1b;[0m presidio-analyzer:spacy_nlp_engine.py:224 Entity FAC is not mapped to a Presidio entity, but keeping anyway. Add to `NerModelConfiguration.labels_to_ignore` to remove.
&#x1b;[33mWARNING &#x1b;[0m presidio-analyzer:spacy_nlp_engine.py:224 Entity FAC is not mapped to a Presidio entity, but keeping anyway. Add to `NerModelConfiguration.labels_to_ignore` to remove.
&#x1b;[33mWARNING &#x1b;[0m presidio-analyzer:spacy_nlp_engine.py:224 Entity FAC is not mapped to a Presidio entity, but keeping anyway. Add to `NerModelConfiguration.labels_to_ignore` to remove.
&#x1b;[33mWARNING &#x1b;[0m presidio-analyzer:spacy_nlp_engine.py:224 Entity FAC is not mapped to a Presidio entity, but keeping anyway. Add to `NerModelConfiguration.labels_to_ignore` to remove.
&#x1b;[33mWARNING &#x1b;[0m presidio-analyzer:spacy_nlp_engine.py:224 Entity FAC is not mapped to a Presidio entity, but keeping anyway. Add to `NerModelConfiguration.labels_to_ignore` to remove.
&#x1b;[33mWARNING &#x1b;[0m presidio-analyzer:spacy_nlp_engine.py:224 Entity FAC is not mapped to a Presidio entity, but keeping anyway. Add to `NerModelConfiguration.labels_to_ignore` to remove.
&#x1b;[33mWARNING &#x1b;[0m presidio-analyzer:spacy_nlp_engine.py:224 Entity FAC is not mapped to a Presidio entity, but keeping anyway. Add to `NerModelConfiguration.labels_to_ignore` to remove.
&#x1b;[33mWARNING &#x1b;[0m presidio-analyzer:spacy_nlp_engine.py:224 Entity FAC is not mapped to a Presidio entity, but keeping anyway. Add to `NerModelConfiguration.labels_to_ignore` to remove.
&#x1b;[33mWARNING &#x1b;[0m presidio-analyzer:spacy_nlp_engine.py:224 Entity FAC is not mapped to a Presidio entity, but keeping anyway. Add to `NerModelConfiguration.labels_to_ignore` to remove.
&#x1b;[33mWARNING &#x1b;[0m presidio-analyzer:spacy_nlp_engine.py:224 Entity FAC is not mapped to a Presidio entity, but keeping anyway. Add to `NerModelConfiguration.labels_to_ignore` to remove.
&#x1b;[33mWARNING &#x1b;[0m presidio-analyzer:spacy_nlp_engine.py:224 Entity FAC is not mapped to a Presidio entity, but keeping anyway. Add to `NerModelConfiguration.labels_to_ignore` to remove.
&#x1b;[33mWARNING &#x1b;[0m presidio-analyzer:spacy_nlp_engine.py:224 Entity FAC is not mapped to a Presidio entity, but keeping anyway. Add to `NerModelConfiguration.labels_to_ignore` to remove.
&#x1b;[33mWARNING &#x1b;[0m presidio-analyzer:spacy_nlp_engine.py:224 Entity FAC is not mapped to a Presidio entity, but keeping anyway. Add to `NerModelConfiguration.labels_to_ignore` to remove.
&#x1b;[33mWARNING &#x1b;[0m presidio-analyzer:spacy_nlp_engine.py:224 Entity FAC is not mapped to a Presidio entity, but keeping anyway. Add to `NerModelConfiguration.labels_to_ignore` to remove.
&#x1b;[33mWARNING &#x1b;[0m presidio-analyzer:spacy_nlp_engine.py:224 Entity FAC is not mapped to a Presidio entity, but keeping anyway. Add to `NerModelConfiguration.labels_to_ignore` to remove.
&#x1b;[33mWARNING &#x1b;[0m presidio-analyzer:spacy_nlp_engine.py:224 Entity FAC is not mapped to a Presidio entity, but keeping anyway. Add to `NerModelConfiguration.labels_to_ignore` to remove.
&#x1b;[33mWARNING &#x1b;[0m presidio-analyzer:spacy_nlp_engine.py:224 Entity FAC is not mapped to a Presidio entity, but keeping anyway. Add to `NerModelConfiguration.labels_to_ignore` to remove.
&#x1b;[33mWARNING &#x1b;[0m presidio-analyzer:spacy_nlp_engine.py:224 Entity FAC is not mapped to a Presidio entity, but keeping anyway. Add to `NerModelConfiguration.labels_to_ignore` to remove.
&#x1b;[33mWARNING &#x1b;[0m presidio-analyzer:spacy_nlp_engine.py:224 Entity FAC is not mapped to a Presidio entity, but keeping anyway. Add to `NerModelConfiguration.labels_to_ignore` to remove.]]></message></reason><output><![CDATA[&#x1b;[33mWARNING &#x1b;[0m presidio-analyzer:ner_model_configuration.py:78 model_to_presidio_entity_mapping is missing from configuration, using default
&#x1b;[33mWARNING &#x1b;[0m presidio-analyzer:ner_model_configuration.py:84 low_score_entity_names is missing from configuration, using default
&#x1b;[33mWARNING &#x1b;[0m presidio-analyzer:ner_model_configuration.py:89 labels_to_ignore is missing from configuration, using default
&#x1b;[33mWARNING &#x1b;[0m presidio-analyzer:spacy_nlp_engine.py:224 Entity FAC is not mapped to a Presidio entity, but keeping anyway. Add to `NerModelConfiguration.labels_to_ignore` to remove.
&#x1b;[33mWARNING &#x1b;[0m presidio-analyzer:spacy_nlp_engine.py:224 Entity FAC is not mapped to a Presidio entity, but keeping anyway. Add to `NerModelConfiguration.labels_to_ignore` to remove.
&#x1b;[33mWARNING &#x1b;[0m presidio-analyzer:spacy_nlp_engine.py:224 Entity FAC is not mapped to a Presidio entity, but keeping anyway. Add to `NerModelConfiguration.labels_to_ignore` to remove.
&#x1b;[33mWARNING &#x1b;[0m presidio-analyzer:spacy_nlp_engine.py:224 Entity FAC is not mapped to a Presidio entity, but keeping anyway. Add to `NerModelConfiguration.labels_to_ignore` to remove.
&#x1b;[33mWARNING &#x1b;[0m presidio-analyzer:spacy_nlp_engine.py:224 Entity FAC is not mapped to a Presidio entity, but keeping anyway. Add to `NerModelConfiguration.labels_to_ignore` to remove.
&#x1b;[33mWARNING &#x1b;[0m presidio-analyzer:spacy_nlp_engine.py:224 Entity FAC is not mapped to a Presidio entity, but keeping anyway. Add to `NerModelConfiguration.labels_to_ignore` to remove.
&#x1b;[33mWARNING &#x1b;[0m presidio-analyzer:spacy_nlp_engine.py:224 Entity FAC is not mapped to a Presidio entity, but keeping anyway. Add to `NerModelConfiguration.labels_to_ignore` to remove.
&#x1b;[33mWARNING &#x1b;[0m presidio-analyzer:spacy_nlp_engine.py:224 Entity FAC is not mapped to a Presidio entity, but keeping anyway. Add to `NerModelConfiguration.labels_to_ignore` to remove.
&#x1b;[33mWARNING &#x1b;[0m presidio-analyzer:spacy_nlp_engine.py:224 Entity FAC is not mapped to a Presidio entity, but keeping anyway. Add to `NerModelConfiguration.labels_to_ignore` to remove.
&#x1b;[33mWARNING &#x1b;[0m presidio-analyzer:spacy_nlp_engine.py:224 Entity FAC is not mapped to a Presidio entity, but keeping anyway. Add to `NerModelConfiguration.labels_to_ignore` to remove.
&#x1b;[33mWARNING &#x1b;[0m presidio-analyzer:spacy_nlp_engine.py:224 Entity FAC is not mapped to a Presidio entity, but keeping anyway. Add to `NerModelConfiguration.labels_to_ignore` to remove.
&#x1b;[33mWARNING &#x1b;[0m presidio-analyzer:spacy_nlp_engine.py:224 Entity FAC is not mapped to a Presidio entity, but keeping anyway. Add to `NerModelConfiguration.labels_to_ignore` to remove.
&#x1b;[33mWARNING &#x1b;[0m presidio-analyzer:spacy_nlp_engine.py:224 Entity FAC is not mapped to a Presidio entity, but keeping anyway. Add to `NerModelConfiguration.labels_to_ignore` to remove.
&#x1b;[33mWARNING &#x1b;[0m presidio-analyzer:spacy_nlp_engine.py:224 Entity FAC is not mapped to a Presidio entity, but keeping anyway. Add to `NerModelConfiguration.labels_to_ignore` to remove.
&#x1b;[33mWARNING &#x1b;[0m presidio-analyzer:spacy_nlp_engine.py:224 Entity FAC is not mapped to a Presidio entity, but keeping anyway. Add to `NerModelConfiguration.labels_to_ignore` to remove.
&#x1b;[33mWARNING &#x1b;[0m presidio-analyzer:spacy_nlp_engine.py:224 Entity FAC is not mapped to a Presidio entity, but keeping anyway. Add to `NerModelConfiguration.labels_to_ignore` to remove.
&#x1b;[33mWARNING &#x1b;[0m presidio-analyzer:spacy_nlp_engine.py:224 Entity FAC is not mapped to a Presidio entity, but keeping anyway. Add to `NerModelConfiguration.labels_to_ignore` to remove.
&#x1b;[33mWARNING &#x1b;[0m presidio-analyzer:spacy_nlp_engine.py:224 Entity FAC is not mapped to a Presidio entity, but keeping anyway. Add to `NerModelConfiguration.labels_to_ignore` to remove.
&#x1b;[33mWARNING &#x1b;[0m presidio-analyzer:spacy_nlp_engine.py:224 Entity FAC is not mapped to a Presidio entity, but keeping anyway. Add to `NerModelConfiguration.labels_to_ignore` to remove.
&#x1b;[33mWARNING &#x1b;[0m presidio-analyzer:spacy_nlp_engine.py:224 Entity FAC is not mapped to a Presidio entity, but keeping anyway. Add to `NerModelConfiguration.labels_to_ignore` to remove.
&#x1b;[33mWARNING &#x1b;[0m presidio-analyzer:spacy_nlp_engine.py:224 Entity FAC is not mapped to a Presidio entity, but keeping anyway. Add to `NerModelConfiguration.labels_to_ignore` to remove.
&#x1b;[33mWARNING &#x1b;[0m presidio-analyzer:spacy_nlp_engine.py:224 Entity FAC is not mapped to a Presidio entity, but keeping anyway. Add to `NerModelConfiguration.labels_to_ignore` to remove.
&#x1b;[33mWARNING &#x1b;[0m presidio-analyzer:spacy_nlp_engine.py:224 Entity FAC is not mapped to a Presidio entity, but keeping anyway. Add to `NerModelConfiguration.labels_to_ignore` to remove.
&#x1b;[33mWARNING &#x1b;[0m presidio-analyzer:spacy_nlp_engine.py:224 Entity FAC is not mapped to a Presidio entity, but keeping anyway. Add to `NerModelConfiguration.labels_to_ignore` to remove.
&#x1b;[33mWARNING &#x1b;[0m presidio-analyzer:spacy_nlp_engine.py:224 Entity FAC is not mapped to a Presidio entity, but keeping anyway. Add to `NerModelConfiguration.labels_to_ignore` to remove.
&#x1b;[33mWARNING &#x1b;[0m presidio-analyzer:spacy_nlp_engine.py:224 Entity FAC is not mapped to a Presidio entity, but keeping anyway. Add to `NerModelConfiguration.labels_to_ignore` to remove.
&#x1b;[33mWARNING &#x1b;[0m presidio-analyzer:spacy_nlp_engine.py:224 Entity FAC is not mapped to a Presidio entity, but keeping anyway. Add to `NerModelConfiguration.labels_to_ignore` to remove.
&#x1b;[33mWARNING &#x1b;[0m presidio-analyzer:spacy_nlp_engine.py:224 Entity FAC is not mapped to a Presidio entity, but keeping anyway. Add to `NerModelConfiguration.labels_to_ignore` to remove.
&#x1b;[33mWARNING &#x1b;[0m presidio-analyzer:spacy_nlp_engine.py:224 Entity FAC is not mapped to a Presidio entity, but keeping anyway. Add to `NerModelConfiguration.labels_to_ignore` to remove.
&#x1b;[33mWARNING &#x1b;[0m presidio-analyzer:spacy_nlp_engine.py:224 Entity FAC is not mapped to a Presidio entity, but keeping anyway. Add to `NerModelConfiguration.labels_to_ignore` to remove.
&#x1b;[33mWARNING &#x1b;[0m presidio-analyzer:spacy_nlp_engine.py:224 Entity FAC is not mapped to a Presidio entity, but keeping anyway. Add to `NerModelConfiguration.labels_to_ignore` to remove.
&#x1b;[33mWARNING &#x1b;[0m presidio-analyzer:spacy_nlp_engine.py:224 Entity FAC is not mapped to a Presidio entity, but keeping anyway. Add to `NerModelConfiguration.labels_to_ignore` to remove.
&#x1b;[33mWARNING &#x1b;[0m presidio-analyzer:spacy_nlp_engine.py:224 Entity FAC is not mapped to a Presidio entity, but keeping anyway. Add to `NerModelConfiguration.labels_to_ignore` to remove.
&#x1b;[33mWARNING &#x1b;[0m presidio-analyzer:spacy_nlp_engine.py:224 Entity FAC is not mapped to a Presidio entity, but keeping anyway. Add to `NerModelConfiguration.labels_to_ignore` to remove.
&#x1b;[33mWARNING &#x1b;[0m presidio-analyzer:spacy_nlp_engine.py:224 Entity FAC is not mapped to a Presidio entity, but keeping anyway. Add to `NerModelConfiguration.labels_to_ignore` to remove.
&#x1b;[33mWARNING &#x1b;[0m presidio-analyzer:spacy_nlp_engine.py:224 Entity FAC is not mapped to a Presidio entity, but keeping anyway. Add to `NerModelConfiguration.labels_to_ignore` to remove.
&#x1b;[33mWARNING &#x1b;[0m presidio-analyzer:spacy_nlp_engine.py:224 Entity FAC is not mapped to a Presidio entity, but keeping anyway. Add to `NerModelConfiguration.labels_to_ignore` to remove.
&#x1b;[33mWARNING &#x1b;[0m presidio-analyzer:spacy_nlp_engine.py:224 Entity FAC is not mapped to a Presidio entity, but keeping anyway. Add to `NerModelConfiguration.labels_to_ignore` to remove.
&#x1b;[33mWARNING &#x1b;[0m presidio-analyzer:spacy_nlp_engine.py:224 Entity FAC is not mapped to a Presidio entity, but keeping anyway. Add to `NerModelConfiguration.labels_to_ignore` to remove.
&#x1b;[33mWARNING &#x1b;[0m presidio-analyzer:spacy_nlp_engine.py:224 Entity FAC is not mapped to a Presidio entity, but keeping anyway. Add to `NerModelConfiguration.labels_to_ignore` to remove.
&#x1b;[33mWARNING &#x1b;[0m presidio-analyzer:spacy_nlp_engine.py:224 Entity FAC is not mapped to a Presidio entity, but keeping anyway. Add to `NerModelConfiguration.labels_to_ignore` to remove.
&#x1b;[33mWARNING &#x1b;[0m presidio-analyzer:spacy_nlp_engine.py:224 Entity FAC is not mapped to a Presidio entity, but keeping anyway. Add to `NerModelConfiguration.labels_to_ignore` to remove.
&#x1b;[33mWARNING &#x1b;[0m presidio-analyzer:spacy_nlp_engine.py:224 Entity FAC is not mapped to a Presidio entity, but keeping anyway. Add to `NerModelConfiguration.labels_to_ignore` to remove.
&#x1b;[33mWARNING &#x1b;[0m presidio-analyzer:spacy_nlp_engine.py:224 Entity FAC is not mapped to a Presidio entity, but keeping anyway. Add to `NerModelConfiguration.labels_to_ignore` to remove.
&#x1b;[33mWARNING &#x1b;[0m presidio-analyzer:spacy_nlp_engine.py:224 Entity FAC is not mapped to a Presidio entity, but keeping anyway. Add to `NerModelConfiguration.labels_to_ignore` to remove.
&#x1b;[33mWARNING &#x1b;[0m presidio-analyzer:spacy_nlp_engine.py:224 Entity FAC is not mapped to a Presidio entity, but keeping anyway. Add to `NerModelConfiguration.labels_to_ignore` to remove.
&#x1b;[33mWARNING &#x1b;[0m presidio-analyzer:spacy_nlp_engine.py:224 Entity FAC is not mapped to a Presidio entity, but keeping anyway. Add to `NerModelConfiguration.labels_to_ignore` to remove.
&#x1b;[33mWARNING &#x1b;[0m presidio-analyzer:spacy_nlp_engine.py:224 Entity FAC is not mapped to a Presidio entity, but keeping anyway. Add to `NerModelConfiguration.labels_to_ignore` to remove.
&#x1b;[33mWARNING &#x1b;[0m presidio-analyzer:spacy_nlp_engine.py:224 Entity FAC is not mapped to a Presidio entity, but keeping anyway. Add to `NerModelConfiguration.labels_to_ignore` to remove.
&#x1b;[33mWARNING &#x1b;[0m presidio-analyzer:spacy_nlp_engine.py:224 Entity FAC is not mapped to a Presidio entity, but keeping anyway. Add to `NerModelConfiguration.labels_to_ignore` to remove.
&#x1b;[33mWARNING &#x1b;[0m presidio-analyzer:spacy_nlp_engine.py:224 Entity FAC is not mapped to a Presidio entity, but keeping anyway. Add to `NerModelConfiguration.labels_to_ignore` to remove.
&#x1b;[33mWARNING &#x1b;[0m presidio-analyzer:spacy_nlp_engine.py:224 Entity FAC is not mapped to a Presidio entity, but keeping anyway. Add to `NerModelConfiguration.labels_to_ignore` to remove.
&#x1b;[33mWARNING &#x1b;[0m presidio-analyzer:spacy_nlp_engine.py:224 Entity FAC is not mapped to a Presidio entity, but keeping anyway. Add to `NerModelConfiguration.labels_to_ignore` to remove.
&#x1b;[33mWARNING &#x1b;[0m presidio-analyzer:spacy_nlp_engine.py:224 Entity FAC is not mapped to a Presidio entity, but keeping anyway. Add to `NerModelConfiguration.labels_to_ignore` to remove.
&#x1b;[33mWARNING &#x1b;[0m presidio-analyzer:spacy_nlp_engine.py:224 Entity FAC is not mapped to a Presidio entity, but keeping anyway. Add to `NerModelConfiguration.labels_to_ignore` to remove.
&#x1b;[33mWARNING &#x1b;[0m presidio-analyzer:spacy_nlp_engine.py:224 Entity FAC is not mapped to a Presidio entity, but keeping anyway. Add to `NerModelConfiguration.labels_to_ignore` to remove.
&#x1b;[33mWARNING &#x1b;[0m presidio-analyzer:spacy_nlp_engine.py:224 Entity FAC is not mapped to a Presidio entity, but keeping anyway. Add to `NerModelConfiguration.labels_to_ignore` to remove.
&#x1b;[33mWARNING &#x1b;[0m presidio-analyzer:spacy_nlp_engine.py:224 Entity FAC is not mapped to a Presidio entity, but keeping anyway. Add to `NerModelConfiguration.labels_to_ignore` to remove.
&#x1b;[33mWARNING &#x1b;[0m presidio-analyzer:spacy_nlp_engine.py:224 Entity FAC is not mapped to a Presidio entity, but keeping anyway. Add to `NerModelConfiguration.labels_to_ignore` to remove.
&#x1b;[33mWARNING &#x1b;[0m presidio-analyzer:spacy_nlp_engine.py:224 Entity FAC is not mapped to a Presidio entity, but keeping anyway. Add to `NerModelConfiguration.labels_to_ignore` to remove.
&#x1b;[33mWARNING &#x1b;[0m presidio-analyzer:spacy_nlp_engine.py:224 Entity FAC is not mapped to a Presidio entity, but keeping anyway. Add to `NerModelConfiguration.labels_to_ignore` to remove.
&#x1b;[33mWARNING &#x1b;[0m presidio-analyzer:spacy_nlp_engine.py:224 Entity FAC is not mapped to a Presidio entity, but keeping anyway. Add to `NerModelConfiguration.labels_to_ignore` to remove.
&#x1b;[33mWARNING &#x1b;[0m presidio-analyzer:spacy_nlp_engine.py:224 Entity FAC is not mapped to a Presidio entity, but keeping anyway. Add to `NerModelConfiguration.labels_to_ignore` to remove.
&#x1b;[33mWARNING &#x1b;[0m presidio-analyzer:spacy_nlp_engine.py:224 Entity FAC is not mapped to a Presidio entity, but keeping anyway. Add to `NerModelConfiguration.labels_to_ignore` to remove.
&#x1b;[33mWARNING &#x1b;[0m presidio-analyzer:spacy_nlp_engine.py:224 Entity FAC is not mapped to a Presidio entity, but keeping anyway. Add to `NerModelConfiguration.labels_to_ignore` to remove.
&#x1b;[33mWARNING &#x1b;[0m presidio-analyzer:spacy_nlp_engine.py:224 Entity FAC is not mapped to a Presidio entity, but keeping anyway. Add to `NerModelConfiguration.labels_to_ignore` to remove.
&#x1b;[33mWARNING &#x1b;[0m presidio-analyzer:spacy_nlp_engine.py:224 Entity FAC is not mapped to a Presidio entity, but keeping anyway. Add to `NerModelConfiguration.labels_to_ignore` to remove.
&#x1b;[33mWARNING &#x1b;[0m presidio-analyzer:spacy_nlp_engine.py:224 Entity FAC is not mapped to a Presidio entity, but keeping anyway. Add to `NerModelConfiguration.labels_to_ignore` to remove.
&#x1b;[33mWARNING &#x1b;[0m presidio-analyzer:spacy_nlp_engine.py:224 Entity FAC is not mapped to a Presidio entity, but keeping anyway. Add to `NerModelConfiguration.labels_to_ignore` to remove.
&#x1b;[33mWARNING &#x1b;[0m presidio-analyzer:spacy_nlp_engine.py:224 Entity FAC is not mapped to a Presidio entity, but keeping anyway. Add to `NerModelConfiguration.labels_to_ignore` to remove.
&#x1b;[33mWARNING &#x1b;[0m presidio-analyzer:spacy_nlp_engine.py:224 Entity FAC is not mapped to a Presidio entity, but keeping anyway. Add to `NerModelConfiguration.labels_to_ignore` to remove.
&#x1b;[33mWARNING &#x1b;[0m presidio-analyzer:spacy_nlp_engine.py:224 Entity FAC is not mapped to a Presidio entity, but keeping anyway. Add to `NerModelConfiguration.labels_to_ignore` to remove.
&#x1b;[33mWARNING &#x1b;[0m presidio-analyzer:spacy_nlp_engine.py:224 Entity FAC is not mapped to a Presidio entity, but keeping anyway. Add to `NerModelConfiguration.labels_to_ignore` to remove.
&#x1b;[33mWARNING &#x1b;[0m presidio-analyzer:spacy_nlp_engine.py:224 Entity FAC is not mapped to a Presidio entity, but keeping anyway. Add to `NerModelConfiguration.labels_to_ignore` to remove.
&#x1b;[33mWARNING &#x1b;[0m presidio-analyzer:spacy_nlp_engine.py:224 Entity FAC is not mapped to a Presidio entity, but keeping anyway. Add to `NerModelConfiguration.labels_to_ignore` to remove.
&#x1b;[33mWARNING &#x1b;[0m presidio-analyzer:spacy_nlp_engine.py:224 Entity FAC is not mapped to a Presidio entity, but keeping anyway. Add to `NerModelConfiguration.labels_to_ignore` to remove.
&#x1b;[33mWARNING &#x1b;[0m presidio-analyzer:spacy_nlp_engine.py:224 Entity FAC is not mapped to a Presidio entity, but keeping anyway. Add to `NerModelConfiguration.labels_to_ignore` to remove.
&#x1b;[33mWARNING &#x1b;[0m presidio-analyzer:spacy_nlp_engine.py:224 Entity FAC is not mapped to a Presidio entity, but keeping anyway. Add to `NerModelConfiguration.labels_to_ignore` to remove.
&#x1b;[33mWARNING &#x1b;[0m presidio-analyzer:spacy_nlp_engine.py:224 Entity FAC is not mapped to a Presidio entity, but keeping anyway. Add to `NerModelConfiguration.labels_to_ignore` to remove.
&#x1b;[33mWARNING &#x1b;[0m presidio-analyzer:spacy_nlp_engine.py:224 Entity FAC is not mapped to a Presidio entity, but keeping anyway. Add to `NerModelConfiguration.labels_to_ignore` to remove.
&#x1b;[33mWARNING &#x1b;[0m presidio-analyzer:spacy_nlp_engine.py:224 Entity FAC is not mapped to a Presidio entity, but keeping anyway. Add to `NerModelConfiguration.labels_to_ignore` to remove.
&#x1b;[33mWARNING &#x1b;[0m presidio-analyzer:spacy_nlp_engine.py:224 Entity FAC is not mapped to a Presidio entity, but keeping anyway. Add to `NerModelConfiguration.labels_to_ignore` to remove.
&#x1b;[33mWARNING &#x1b;[0m presidio-analyzer:spacy_nlp_engine.py:224 Entity FAC is not mapped to a Presidio entity, but keeping anyway. Add to `NerModelConfiguration.labels_to_ignore` to remove.
&#x1b;[33mWARNING &#x1b;[0m presidio-analyzer:spacy_nlp_engine.py:224 Entity FAC is not mapped to a Presidio entity, but keeping anyway. Add to `NerModelConfiguration.labels_to_ignore` to remove.
&#x1b;[33mWARNING &#x1b;[0m presidio-analyzer:spacy_nlp_engine.py:224 Entity FAC is not mapped to a Presidio entity, but keeping anyway. Add to `NerModelConfiguration.labels_to_ignore` to remove.
&#x1b;[33mWARNING &#x1b;[0m presidio-analyzer:spacy_nlp_engine.py:224 Entity FAC is not mapped to a Presidio entity, but keeping anyway. Add to `NerModelConfiguration.labels_to_ignore` to remove.
&#x1b;[33mWARNING &#x1b;[0m presidio-analyzer:spacy_nlp_engine.py:224 Entity FAC is not mapped to a Presidio entity, but keeping anyway. Add to `NerModelConfiguration.labels_to_ignore` to remove.
&#x1b;[33mWARNING &#x1b;[0m presidio-analyzer:spacy_nlp_engine.py:224 Entity FAC is not mapped to a Presidio entity, but keeping anyway. Add to `NerModelConfiguration.labels_to_ignore` to remove.
&#x1b;[33mWARNING &#x1b;[0m presidio-analyzer:spacy_nlp_engine.py:224 Entity FAC is not mapped to a Presidio entity, but keeping anyway. Add to `NerModelConfiguration.labels_to_ignore` to remove.
&#x1b;[33mWARNING &#x1b;[0m presidio-analyzer:spacy_nlp_engine.py:224 Entity FAC is not mapped to a Presidio entity, but keeping anyway. Add to `NerModelConfiguration.labels_to_ignore` to remove.
&#x1b;[33mWARNING &#x1b;[0m presidio-analyzer:spacy_nlp_engine.py:224 Entity FAC is not mapped to a Presidio entity, but keeping anyway. Add to `NerModelConfiguration.labels_to_ignore` to remove.
&#x1b;[33mWARNING &#x1b;[0m presidio-analyzer:spacy_nlp_engine.py:224 Entity FAC is not mapped to a Presidio entity, but keeping anyway. Add to `NerModelConfiguration.labels_to_ignore` to remove.
&#x1b;[33mWARNING &#x1b;[0m presidio-analyzer:spacy_nlp_engine.py:224 Entity FAC is not mapped to a Presidio entity, but keeping anyway. Add to `NerModelConfiguration.labels_to_ignore` to remove.
&#x1b;[33mWARNING &#x1b;[0m presidio-analyzer:spacy_nlp_engine.py:224 Entity FAC is not mapped to a Presidio entity, but keeping anyway. Add to `NerModelConfiguration.labels_to_ignore` to remove.
&#x1b;[33mWARNING &#x1b;[0m presidio-analyzer:spacy_nlp_engine.py:224 Entity FAC is not mapped to a Presidio entity, but keeping anyway. Add to `NerModelConfiguration.labels_to_ignore` to remove.
&#x1b;[33mWARNING &#x1b;[0m presidio-analyzer:spacy_nlp_engine.py:224 Entity FAC is not mapped to a Presidio entity, but keeping anyway. Add to `NerModelConfiguration.labels_to_ignore` to remove.
&#x1b;[33mWARNING &#x1b;[0m presidio-analyzer:spacy_nlp_engine.py:224 Entity FAC is not mapped to a Presidio entity, but keeping anyway. Add to `NerModelConfiguration.labels_to_ignore` to remove.
&#x1b;[33mWARNING &#x1b;[0m presidio-analyzer:spacy_nlp_engine.py:224 Entity FAC is not mapped to a Presidio entity, but keeping anyway. Add to `NerModelConfiguration.labels_to_ignore` to remove.
&#x1b;[33mWARNING &#x1b;[0m presidio-analyzer:spacy_nlp_engine.py:224 Entity FAC is not mapped to a Presidio entity, but keeping anyway. Add to `NerModelConfiguration.labels_to_ignore` to remove.
&#x1b;[33mWARNING &#x1b;[0m presidio-analyzer:spacy_nlp_engine.py:224 Entity FAC is not mapped to a Presidio entity, but keeping anyway. Add to `NerModelConfiguration.labels_to_ignore` to remove.
&#x1b;[33mWARNING &#x1b;[0m presidio-analyzer:spacy_nlp_engine.py:224 Entity FAC is not mapped to a Presidio entity, but keeping anyway. Add to `NerModelConfiguration.labels_to_ignore` to remove.
&#x1b;[33mWARNING &#x1b;[0m presidio-analyzer:spacy_nlp_engine.py:224 Entity FAC is not mapped to a Presidio entity, but keeping anyway. Add to `NerModelConfiguration.labels_to_ignore` to remove.
&#x1b;[33mWARNING &#x1b;[0m presidio-analyzer:spacy_nlp_engine.py:224 Entity FAC is not mapped to a Presidio entity, but keeping anyway. Add to `NerModelConfiguration.labels_to_ignore` to remove.
&#x1b;[33mWARNING &#x1b;[0m presidio-analyzer:spacy_nlp_engine.py:224 Entity FAC is not mapped to a Presidio entity, but keeping anyway. Add to `NerModelConfiguration.labels_to_ignore` to remove.
&#x1b;[33mWARNING &#x1b;[0m presidio-analyzer:spacy_nlp_engine.py:224 Entity FAC is not mapped to a Presidio entity, but keeping anyway. Add to `NerModelConfiguration.labels_to_ignore` to remove.
&#x1b;[33mWARNING &#x1b;[0m presidio-analyzer:spacy_nlp_engine.py:224 Entity FAC is not mapped to a Presidio entity, but keeping anyway. Add to `NerModelConfiguration.labels_to_ignore` to remove.
&#x1b;[33mWARNING &#x1b;[0m presidio-analyzer:spacy_nlp_engine.py:224 Entity FAC is not mapped to a Presidio entity, but keeping anyway. Add to `NerModelConfiguration.labels_to_ignore` to remove.
&#x1b;[33mWARNING &#x1b;[0m presidio-analyzer:spacy_nlp_engine.py:224 Entity FAC is not mapped to a Presidio entity, but keeping anyway. Add to `NerModelConfiguration.labels_to_ignore` to remove.
&#x1b;[33mWARNING &#x1b;[0m presidio-analyzer:spacy_nlp_engine.py:224 Entity FAC is not mapped to a Presidio entity, but keeping anyway. Add to `NerModelConfiguration.labels_to_ignore` to remove.
&#x1b;[33mWARNING &#x1b;[0m presidio-analyzer:spacy_nlp_engine.py:224 Entity FAC is not mapped to a Presidio entity, but keeping anyway. Add to `NerModelConfiguration.labels_to_ignore` to remove.
&#x1b;[33mWARNING &#x1b;[0m presidio-analyzer:spacy_nlp_engine.py:224 Entity FAC is not mapped to a Presidio entity, but keeping anyway. Add to `NerModelConfiguration.labels_to_ignore` to remove.
&#x1b;[33mWARNING &#x1b;[0m presidio-analyzer:spacy_nlp_engine.py:224 Entity FAC is not mapped to a Presidio entity, but keeping anyway. Add to `NerModelConfiguration.labels_to_ignore` to remove.
&#x1b;[33mWARNING &#x1b;[0m presidio-analyzer:spacy_nlp_engine.py:224 Entity FAC is not mapped to a Presidio entity, but keeping anyway. Add to `NerModelConfiguration.labels_to_ignore` to remove.
&#x1b;[33mWARNING &#x1b;[0m presidio-analyzer:spacy_nlp_engine.py:224 Entity FAC is not mapped to a Presidio entity, but keeping anyway. Add to `NerModelConfiguration.labels_to_ignore` to remove.
&#x1b;[33mWARNING &#x1b;[0m presidio-analyzer:spacy_nlp_engine.py:224 Entity FAC is not mapped to a Presidio entity, but keeping anyway. Add to `NerModelConfiguration.labels_to_ignore` to remove.
&#x1b;[33mWARNING &#x1b;[0m presidio-analyzer:spacy_nlp_engine.py:224 Entity FAC is not mapped to a Presidio entity, but keeping anyway. Add to `NerModelConfiguration.labels_to_ignore` to remove.
&#x1b;[33mWARNING &#x1b;[0m presidio-analyzer:spacy_nlp_engine.py:224 Entity FAC is not mapped to a Presidio entity, but keeping anyway. Add to `NerModelConfiguration.labels_to_ignore` to remove.
&#x1b;[33mWARNING &#x1b;[0m presidio-analyzer:spacy_nlp_engine.py:224 Entity FAC is not mapped to a Presidio entity, but keeping anyway. Add to `NerModelConfiguration.labels_to_ignore` to remove.
&#x1b;[33mWARNING &#x1b;[0m presidio-analyzer:spacy_nlp_engine.py:224 Entity FAC is not mapped to a Presidio entity, but keeping anyway. Add to `NerModelConfiguration.labels_to_ignore` to remove.
&#x1b;[33mWARNING &#x1b;[0m presidio-analyzer:spacy_nlp_engine.py:224 Entity FAC is not mapped to a Presidio entity, but keeping anyway. Add to `NerModelConfiguration.labels_to_ignore` to remove.
&#x1b;[33mWARNING &#x1b;[0m presidio-analyzer:spacy_nlp_engine.py:224 Entity FAC is not mapped to a Presidio entity, but keeping anyway. Add to `NerModelConfiguration.labels_to_ignore` to remove.
&#x1b;[33mWARNING &#x1b;[0m presidio-analyzer:spacy_nlp_engine.py:224 Entity FAC is not mapped to a Presidio entity, but keeping anyway. Add to `NerModelConfiguration.labels_to_ignore` to remove.
&#x1b;[33mWARNING &#x1b;[0m presidio-analyzer:spacy_nlp_engine.py:224 Entity FAC is not mapped to a Presidio entity, but keeping anyway. Add to `NerModelConfiguration.labels_to_ignore` to remove.
&#x1b;[33mWARNING &#x1b;[0m presidio-analyzer:spacy_nlp_engine.py:224 Entity FAC is not mapped to a Presidio entity, but keeping anyway. Add to `NerModelConfiguration.labels_to_ignore` to remove.
&#x1b;[33mWARNING &#x1b;[0m presidio-analyzer:spacy_nlp_engine.py:224 Entity FAC is not mapped to a Presidio entity, but keeping anyway. Add to `NerModelConfiguration.labels_to_ignore` to remove.]]></output></test-case><environment framework-version="3.6.2" clr-version="3.9.6 (default, Oct  4 2024, 08:01:31) &#10;[Clang 16.0.0 (clang-1600.0.26.4)]" os-version="24.1.0" platform="Darwin" cwd="/Users/omri.mendels/Library/CloudStorage/OneDrive-Microsoft/Projects/presidio/code/presidio-research" machine-name="arm64" user="" user-domain="" culture="en-US" uiculture="en-US" os-architecture="64bit" /></test-suite><test-suite id="tests/test_spacy_model.py" name="tests/test_spacy_model.py" fullname="tests/test_spacy_model.py" methodname="" classname="" runstate="Runnable" type="Assembly" testcasecount="1" result="Passed" label="" start-time="2024-11-26 08:29:21.805336" end-time="2024-11-26 08:29:22.834406" duration="1.02907" asserts="0" total="1" passed="1" failed="0" warnings="0" inconclusive="0" skipped="0"><properties><property name="python_version" value="3.9.6 (default, Oct  4 2024, 08:01:31) &#10;[Clang 16.0.0 (clang-1600.0.26.4)]" /></properties><test-case id="198" name="tests/test_spacy_model.py::test_spacy_simple" fullname="tests/test_spacy_model.py::test_spacy_simple" methodname="test_spacy_simple" classname="tests/test_spacy_model.py" runstate="Runnable" seed="1" result="Passed" label="" start-time="2024-11-26 08:29:21.805336" end-time="2024-11-26 08:29:22.834406" duration="1.02907" asserts="0"><properties><property name="python-version" value="3.9.6 (default, Oct  4 2024, 08:01:31) &#10;[Clang 16.0.0 (clang-1600.0.26.4)]" /><property name="fspath" value="tests/test_spacy_model.py" /></properties><environment framework-version="3.6.2" clr-version="3.9.6 (default, Oct  4 2024, 08:01:31) &#10;[Clang 16.0.0 (clang-1600.0.26.4)]" os-version="24.1.0" platform="Darwin" cwd="/Users/omri.mendels/Library/CloudStorage/OneDrive-Microsoft/Projects/presidio/code/presidio-research" machine-name="arm64" user="" user-domain="" culture="en-US" uiculture="en-US" os-architecture="64bit" /><failure><message><![CDATA[]]></message><stack-trace><![CDATA[None]]></stack-trace></failure><reason><message><![CDATA[]]></message></reason><output><![CDATA[]]></output></test-case><environment framework-version="3.6.2" clr-version="3.9.6 (default, Oct  4 2024, 08:01:31) &#10;[Clang 16.0.0 (clang-1600.0.26.4)]" os-version="24.1.0" platform="Darwin" cwd="/Users/omri.mendels/Library/CloudStorage/OneDrive-Microsoft/Projects/presidio/code/presidio-research" machine-name="arm64" user="" user-domain="" culture="en-US" uiculture="en-US" os-architecture="64bit" /></test-suite><test-suite id="tests/test_model_error.py" name="tests/test_model_error.py" fullname="tests/test_model_error.py" methodname="" classname="" runstate="Runnable" type="Assembly" testcasecount="13" result="Passed" label="" start-time="2024-11-26 08:28:40.551713" end-time="2024-11-26 08:28:40.559111" duration="0.007398" asserts="0" total="13" passed="13" failed="0" warnings="0" inconclusive="0" skipped="0"><properties><property name="python_version" value="3.9.6 (default, Oct  4 2024, 08:01:31) &#10;[Clang 16.0.0 (clang-1600.0.26.4)]" /></properties><test-case id="163" name="tests/test_model_error.py::test_model_error_most_common_fp_tokens" fullname="tests/test_model_error.py::test_model_error_most_common_fp_tokens" methodname="test_model_error_most_common_fp_tokens" classname="tests/test_model_error.py" runstate="Runnable" seed="1" result="Passed" label="" start-time="2024-11-26 08:28:40.551713" end-time="2024-11-26 08:28:40.552061" duration="0.000348" asserts="0"><properties><property name="python-version" value="3.9.6 (default, Oct  4 2024, 08:01:31) &#10;[Clang 16.0.0 (clang-1600.0.26.4)]" /><property name="fspath" value="tests/test_model_error.py" /></properties><environment framework-version="3.6.2" clr-version="3.9.6 (default, Oct  4 2024, 08:01:31) &#10;[Clang 16.0.0 (clang-1600.0.26.4)]" os-version="24.1.0" platform="Darwin" cwd="/Users/omri.mendels/Library/CloudStorage/OneDrive-Microsoft/Projects/presidio/code/presidio-research" machine-name="arm64" user="" user-domain="" culture="en-US" uiculture="en-US" os-architecture="64bit" /><failure><message><![CDATA[]]></message><stack-trace><![CDATA[None]]></stack-trace></failure><reason><message><![CDATA[]]></message></reason><output><![CDATA[]]></output></test-case><test-case id="164" name="tests/test_model_error.py::test_model_error_most_common_fn_tokens" fullname="tests/test_model_error.py::test_model_error_most_common_fn_tokens" methodname="test_model_error_most_common_fn_tokens" classname="tests/test_model_error.py" runstate="Runnable" seed="1" result="Passed" label="" start-time="2024-11-26 08:28:40.552253" end-time="2024-11-26 08:28:40.552557" duration="0.000304" asserts="0"><properties><property name="python-version" value="3.9.6 (default, Oct  4 2024, 08:01:31) &#10;[Clang 16.0.0 (clang-1600.0.26.4)]" /><property name="fspath" value="tests/test_model_error.py" /></properties><environment framework-version="3.6.2" clr-version="3.9.6 (default, Oct  4 2024, 08:01:31) &#10;[Clang 16.0.0 (clang-1600.0.26.4)]" os-version="24.1.0" platform="Darwin" cwd="/Users/omri.mendels/Library/CloudStorage/OneDrive-Microsoft/Projects/presidio/code/presidio-research" machine-name="arm64" user="" user-domain="" culture="en-US" uiculture="en-US" os-architecture="64bit" /><failure><message><![CDATA[]]></message><stack-trace><![CDATA[None]]></stack-trace></failure><reason><message><![CDATA[]]></message></reason><output><![CDATA[]]></output></test-case><test-case id="165" name="tests/test_model_error.py::test_get_false_positives_existing_entity_returns_errors" fullname="tests/test_model_error.py::test_get_false_positives_existing_entity_returns_errors" methodname="test_get_false_positives_existing_entity_returns_errors" classname="tests/test_model_error.py" runstate="Runnable" seed="1" result="Passed" label="" start-time="2024-11-26 08:28:40.552750" end-time="2024-11-26 08:28:40.552956" duration="0.000206" asserts="0"><properties><property name="python-version" value="3.9.6 (default, Oct  4 2024, 08:01:31) &#10;[Clang 16.0.0 (clang-1600.0.26.4)]" /><property name="fspath" value="tests/test_model_error.py" /></properties><environment framework-version="3.6.2" clr-version="3.9.6 (default, Oct  4 2024, 08:01:31) &#10;[Clang 16.0.0 (clang-1600.0.26.4)]" os-version="24.1.0" platform="Darwin" cwd="/Users/omri.mendels/Library/CloudStorage/OneDrive-Microsoft/Projects/presidio/code/presidio-research" machine-name="arm64" user="" user-domain="" culture="en-US" uiculture="en-US" os-architecture="64bit" /><failure><message><![CDATA[]]></message><stack-trace><![CDATA[None]]></stack-trace></failure><reason><message><![CDATA[]]></message></reason><output><![CDATA[]]></output></test-case><test-case id="166" name="tests/test_model_error.py::test_get_false_positives_no_entity_returns_none" fullname="tests/test_model_error.py::test_get_false_positives_no_entity_returns_none" methodname="test_get_false_positives_no_entity_returns_none" classname="tests/test_model_error.py" runstate="Runnable" seed="1" result="Passed" label="" start-time="2024-11-26 08:28:40.553144" end-time="2024-11-26 08:28:40.553396" duration="0.000252" asserts="0"><properties><property name="python-version" value="3.9.6 (default, Oct  4 2024, 08:01:31) &#10;[Clang 16.0.0 (clang-1600.0.26.4)]" /><property name="fspath" value="tests/test_model_error.py" /></properties><environment framework-version="3.6.2" clr-version="3.9.6 (default, Oct  4 2024, 08:01:31) &#10;[Clang 16.0.0 (clang-1600.0.26.4)]" os-version="24.1.0" platform="Darwin" cwd="/Users/omri.mendels/Library/CloudStorage/OneDrive-Microsoft/Projects/presidio/code/presidio-research" machine-name="arm64" user="" user-domain="" culture="en-US" uiculture="en-US" os-architecture="64bit" /><failure><message><![CDATA[]]></message><stack-trace><![CDATA[None]]></stack-trace></failure><reason><message><![CDATA[]]></message></reason><output><![CDATA[]]></output></test-case><test-case id="167" name="tests/test_model_error.py::test_get_false_negatives_existing_entity_returns_errors" fullname="tests/test_model_error.py::test_get_false_negatives_existing_entity_returns_errors" methodname="test_get_false_negatives_existing_entity_returns_errors" classname="tests/test_model_error.py" runstate="Runnable" seed="1" result="Passed" label="" start-time="2024-11-26 08:28:40.553631" end-time="2024-11-26 08:28:40.553876" duration="0.000245" asserts="0"><properties><property name="python-version" value="3.9.6 (default, Oct  4 2024, 08:01:31) &#10;[Clang 16.0.0 (clang-1600.0.26.4)]" /><property name="fspath" value="tests/test_model_error.py" /></properties><environment framework-version="3.6.2" clr-version="3.9.6 (default, Oct  4 2024, 08:01:31) &#10;[Clang 16.0.0 (clang-1600.0.26.4)]" os-version="24.1.0" platform="Darwin" cwd="/Users/omri.mendels/Library/CloudStorage/OneDrive-Microsoft/Projects/presidio/code/presidio-research" machine-name="arm64" user="" user-domain="" culture="en-US" uiculture="en-US" os-architecture="64bit" /><failure><message><![CDATA[]]></message><stack-trace><![CDATA[None]]></stack-trace></failure><reason><message><![CDATA[]]></message></reason><output><![CDATA[]]></output></test-case><test-case id="168" name="tests/test_model_error.py::test_get_false_negatives_no_entity_returns_none" fullname="tests/test_model_error.py::test_get_false_negatives_no_entity_returns_none" methodname="test_get_false_negatives_no_entity_returns_none" classname="tests/test_model_error.py" runstate="Runnable" seed="1" result="Passed" label="" start-time="2024-11-26 08:28:40.554084" end-time="2024-11-26 08:28:40.554323" duration="0.000239" asserts="0"><properties><property name="python-version" value="3.9.6 (default, Oct  4 2024, 08:01:31) &#10;[Clang 16.0.0 (clang-1600.0.26.4)]" /><property name="fspath" value="tests/test_model_error.py" /></properties><environment framework-version="3.6.2" clr-version="3.9.6 (default, Oct  4 2024, 08:01:31) &#10;[Clang 16.0.0 (clang-1600.0.26.4)]" os-version="24.1.0" platform="Darwin" cwd="/Users/omri.mendels/Library/CloudStorage/OneDrive-Microsoft/Projects/presidio/code/presidio-research" machine-name="arm64" user="" user-domain="" culture="en-US" uiculture="en-US" os-architecture="64bit" /><failure><message><![CDATA[]]></message><stack-trace><![CDATA[None]]></stack-trace></failure><reason><message><![CDATA[]]></message></reason><output><![CDATA[]]></output></test-case><test-case id="169" name="tests/test_model_error.py::test_get_wrong_entity_existing_entity_returns_errors" fullname="tests/test_model_error.py::test_get_wrong_entity_existing_entity_returns_errors" methodname="test_get_wrong_entity_existing_entity_returns_errors" classname="tests/test_model_error.py" runstate="Runnable" seed="1" result="Passed" label="" start-time="2024-11-26 08:28:40.554518" end-time="2024-11-26 08:28:40.554723" duration="0.000205" asserts="0"><properties><property name="python-version" value="3.9.6 (default, Oct  4 2024, 08:01:31) &#10;[Clang 16.0.0 (clang-1600.0.26.4)]" /><property name="fspath" value="tests/test_model_error.py" /></properties><environment framework-version="3.6.2" clr-version="3.9.6 (default, Oct  4 2024, 08:01:31) &#10;[Clang 16.0.0 (clang-1600.0.26.4)]" os-version="24.1.0" platform="Darwin" cwd="/Users/omri.mendels/Library/CloudStorage/OneDrive-Microsoft/Projects/presidio/code/presidio-research" machine-name="arm64" user="" user-domain="" culture="en-US" uiculture="en-US" os-architecture="64bit" /><failure><message><![CDATA[]]></message><stack-trace><![CDATA[None]]></stack-trace></failure><reason><message><![CDATA[]]></message></reason><output><![CDATA[]]></output></test-case><test-case id="170" name="tests/test_model_error.py::test_get_wrong_negatives_no_entity_returns_none" fullname="tests/test_model_error.py::test_get_wrong_negatives_no_entity_returns_none" methodname="test_get_wrong_negatives_no_entity_returns_none" classname="tests/test_model_error.py" runstate="Runnable" seed="1" result="Passed" label="" start-time="2024-11-26 08:28:40.554902" end-time="2024-11-26 08:28:40.555106" duration="0.000204" asserts="0"><properties><property name="python-version" value="3.9.6 (default, Oct  4 2024, 08:01:31) &#10;[Clang 16.0.0 (clang-1600.0.26.4)]" /><property name="fspath" value="tests/test_model_error.py" /></properties><environment framework-version="3.6.2" clr-version="3.9.6 (default, Oct  4 2024, 08:01:31) &#10;[Clang 16.0.0 (clang-1600.0.26.4)]" os-version="24.1.0" platform="Darwin" cwd="/Users/omri.mendels/Library/CloudStorage/OneDrive-Microsoft/Projects/presidio/code/presidio-research" machine-name="arm64" user="" user-domain="" culture="en-US" uiculture="en-US" os-architecture="64bit" /><failure><message><![CDATA[]]></message><stack-trace><![CDATA[None]]></stack-trace></failure><reason><message><![CDATA[]]></message></reason><output><![CDATA[]]></output></test-case><test-case id="171" name="tests/test_model_error.py::test_get_errors_df" fullname="tests/test_model_error.py::test_get_errors_df" methodname="test_get_errors_df" classname="tests/test_model_error.py" runstate="Runnable" seed="1" result="Passed" label="" start-time="2024-11-26 08:28:40.555288" end-time="2024-11-26 08:28:40.557255" duration="0.001967" asserts="0"><properties><property name="python-version" value="3.9.6 (default, Oct  4 2024, 08:01:31) &#10;[Clang 16.0.0 (clang-1600.0.26.4)]" /><property name="fspath" value="tests/test_model_error.py" /></properties><environment framework-version="3.6.2" clr-version="3.9.6 (default, Oct  4 2024, 08:01:31) &#10;[Clang 16.0.0 (clang-1600.0.26.4)]" os-version="24.1.0" platform="Darwin" cwd="/Users/omri.mendels/Library/CloudStorage/OneDrive-Microsoft/Projects/presidio/code/presidio-research" machine-name="arm64" user="" user-domain="" culture="en-US" uiculture="en-US" os-architecture="64bit" /><failure><message><![CDATA[]]></message><stack-trace><![CDATA[None]]></stack-trace></failure><reason><message><![CDATA[]]></message></reason><output><![CDATA[]]></output></test-case><test-case id="172" name="tests/test_model_error.py::test_get_most_common_fps" fullname="tests/test_model_error.py::test_get_most_common_fps" methodname="test_get_most_common_fps" classname="tests/test_model_error.py" runstate="Runnable" seed="1" result="Passed" label="" start-time="2024-11-26 08:28:40.557499" end-time="2024-11-26 08:28:40.557812" duration="0.000313" asserts="0"><properties><property name="python-version" value="3.9.6 (default, Oct  4 2024, 08:01:31) &#10;[Clang 16.0.0 (clang-1600.0.26.4)]" /><property name="fspath" value="tests/test_model_error.py" /></properties><environment framework-version="3.6.2" clr-version="3.9.6 (default, Oct  4 2024, 08:01:31) &#10;[Clang 16.0.0 (clang-1600.0.26.4)]" os-version="24.1.0" platform="Darwin" cwd="/Users/omri.mendels/Library/CloudStorage/OneDrive-Microsoft/Projects/presidio/code/presidio-research" machine-name="arm64" user="" user-domain="" culture="en-US" uiculture="en-US" os-architecture="64bit" /><failure><message><![CDATA[]]></message><stack-trace><![CDATA[None]]></stack-trace></failure><reason><message><![CDATA[]]></message></reason><output><![CDATA[]]></output></test-case><test-case id="173" name="tests/test_model_error.py::test_get_most_common_fns" fullname="tests/test_model_error.py::test_get_most_common_fns" methodname="test_get_most_common_fns" classname="tests/test_model_error.py" runstate="Runnable" seed="1" result="Passed" label="" start-time="2024-11-26 08:28:40.558004" end-time="2024-11-26 08:28:40.558295" duration="0.000291" asserts="0"><properties><property name="python-version" value="3.9.6 (default, Oct  4 2024, 08:01:31) &#10;[Clang 16.0.0 (clang-1600.0.26.4)]" /><property name="fspath" value="tests/test_model_error.py" /></properties><environment framework-version="3.6.2" clr-version="3.9.6 (default, Oct  4 2024, 08:01:31) &#10;[Clang 16.0.0 (clang-1600.0.26.4)]" os-version="24.1.0" platform="Darwin" cwd="/Users/omri.mendels/Library/CloudStorage/OneDrive-Microsoft/Projects/presidio/code/presidio-research" machine-name="arm64" user="" user-domain="" culture="en-US" uiculture="en-US" os-architecture="64bit" /><failure><message><![CDATA[]]></message><stack-trace><![CDATA[None]]></stack-trace></failure><reason><message><![CDATA[]]></message></reason><output><![CDATA[]]></output></test-case><test-case id="174" name="tests/test_model_error.py::test_get_wrong_annotated_entities" fullname="tests/test_model_error.py::test_get_wrong_annotated_entities" methodname="test_get_wrong_annotated_entities" classname="tests/test_model_error.py" runstate="Runnable" seed="1" result="Passed" label="" start-time="2024-11-26 08:28:40.558487" end-time="2024-11-26 08:28:40.558707" duration="0.00022" asserts="0"><properties><property name="python-version" value="3.9.6 (default, Oct  4 2024, 08:01:31) &#10;[Clang 16.0.0 (clang-1600.0.26.4)]" /><property name="fspath" value="tests/test_model_error.py" /></properties><environment framework-version="3.6.2" clr-version="3.9.6 (default, Oct  4 2024, 08:01:31) &#10;[Clang 16.0.0 (clang-1600.0.26.4)]" os-version="24.1.0" platform="Darwin" cwd="/Users/omri.mendels/Library/CloudStorage/OneDrive-Microsoft/Projects/presidio/code/presidio-research" machine-name="arm64" user="" user-domain="" culture="en-US" uiculture="en-US" os-architecture="64bit" /><failure><message><![CDATA[]]></message><stack-trace><![CDATA[None]]></stack-trace></failure><reason><message><![CDATA[]]></message></reason><output><![CDATA[]]></output></test-case><test-case id="175" name="tests/test_model_error.py::test_get_wrong_predicted_entities" fullname="tests/test_model_error.py::test_get_wrong_predicted_entities" methodname="test_get_wrong_predicted_entities" classname="tests/test_model_error.py" runstate="Runnable" seed="1" result="Passed" label="" start-time="2024-11-26 08:28:40.558883" end-time="2024-11-26 08:28:40.559111" duration="0.000228" asserts="0"><properties><property name="python-version" value="3.9.6 (default, Oct  4 2024, 08:01:31) &#10;[Clang 16.0.0 (clang-1600.0.26.4)]" /><property name="fspath" value="tests/test_model_error.py" /></properties><environment framework-version="3.6.2" clr-version="3.9.6 (default, Oct  4 2024, 08:01:31) &#10;[Clang 16.0.0 (clang-1600.0.26.4)]" os-version="24.1.0" platform="Darwin" cwd="/Users/omri.mendels/Library/CloudStorage/OneDrive-Microsoft/Projects/presidio/code/presidio-research" machine-name="arm64" user="" user-domain="" culture="en-US" uiculture="en-US" os-architecture="64bit" /><failure><message><![CDATA[]]></message><stack-trace><![CDATA[None]]></stack-trace></failure><reason><message><![CDATA[]]></message></reason><output><![CDATA[]]></output></test-case><environment framework-version="3.6.2" clr-version="3.9.6 (default, Oct  4 2024, 08:01:31) &#10;[Clang 16.0.0 (clang-1600.0.26.4)]" os-version="24.1.0" platform="Darwin" cwd="/Users/omri.mendels/Library/CloudStorage/OneDrive-Microsoft/Projects/presidio/code/presidio-research" machine-name="arm64" user="" user-domain="" culture="en-US" uiculture="en-US" os-architecture="64bit" /></test-suite><test-suite id="tests/test_crf_model.py" name="tests/test_crf_model.py" fullname="tests/test_crf_model.py" methodname="" classname="" runstate="Runnable" type="Assembly" testcasecount="1" result="Passed" label="" start-time="2024-11-26 08:28:09.668328" end-time="2024-11-26 08:28:09.757637" duration="0.089309" asserts="0" total="1" passed="1" failed="0" warnings="0" inconclusive="0" skipped="0"><properties><property name="python_version" value="3.9.6 (default, Oct  4 2024, 08:01:31) &#10;[Clang 16.0.0 (clang-1600.0.26.4)]" /></properties><test-case id="112" name="tests/test_crf_model.py::test_crf_simple" fullname="tests/test_crf_model.py::test_crf_simple" methodname="test_crf_simple" classname="tests/test_crf_model.py" runstate="Runnable" seed="1" result="Passed" label="" start-time="2024-11-26 08:28:09.668328" end-time="2024-11-26 08:28:09.757637" duration="0.089309" asserts="0"><properties><property name="python-version" value="3.9.6 (default, Oct  4 2024, 08:01:31) &#10;[Clang 16.0.0 (clang-1600.0.26.4)]" /><property name="fspath" value="tests/test_crf_model.py" /></properties><environment framework-version="3.6.2" clr-version="3.9.6 (default, Oct  4 2024, 08:01:31) &#10;[Clang 16.0.0 (clang-1600.0.26.4)]" os-version="24.1.0" platform="Darwin" cwd="/Users/omri.mendels/Library/CloudStorage/OneDrive-Microsoft/Projects/presidio/code/presidio-research" machine-name="arm64" user="" user-domain="" culture="en-US" uiculture="en-US" os-architecture="64bit" /><failure><message><![CDATA[]]></message><stack-trace><![CDATA[None]]></stack-trace></failure><reason><message><![CDATA[]]></message></reason><output><![CDATA[]]></output></test-case><environment framework-version="3.6.2" clr-version="3.9.6 (default, Oct  4 2024, 08:01:31) &#10;[Clang 16.0.0 (clang-1600.0.26.4)]" os-version="24.1.0" platform="Darwin" cwd="/Users/omri.mendels/Library/CloudStorage/OneDrive-Microsoft/Projects/presidio/code/presidio-research" machine-name="arm64" user="" user-domain="" culture="en-US" uiculture="en-US" os-architecture="64bit" /></test-suite><test-suite id="tests/test_recognizers_template_csv.py" name="tests/test_recognizers_template_csv.py" fullname="tests/test_recognizers_template_csv.py" methodname="" classname="" runstate="Runnable" type="Assembly" testcasecount="1" result="Passed" label="" start-time="2024-11-26 08:29:16.094188" end-time="2024-11-26 08:29:17.599517" duration="1.505329" asserts="0" total="1" passed="1" failed="0" warnings="0" inconclusive="0" skipped="0"><properties><property name="python_version" value="3.9.6 (default, Oct  4 2024, 08:01:31) &#10;[Clang 16.0.0 (clang-1600.0.26.4)]" /></properties><test-case id="187" name="tests/test_recognizers_template_csv.py::test_credit_card_recognizer_with_template[fake-names-100]" fullname="tests/test_recognizers_template_csv.py::test_credit_card_recognizer_with_template[fake-names-100]" methodname="test_credit_card_recognizer_with_template[fake-names-100]" classname="tests/test_recognizers_template_csv.py" runstate="Runnable" seed="1" result="Passed" label="Test credit card recognizer with a dataset generated from&#10;    template and a CSV values file&#10;    :param pii_csv: input csv file location&#10;    :param utterances: template file location&#10;    :param num_of_examples: number of samples to be used from dataset&#10;    to test&#10;    :param acceptance_threshold: minimum precision/recall&#10;     allowed for tests to pass" start-time="2024-11-26 08:29:16.094188" end-time="2024-11-26 08:29:17.599517" duration="1.505329" asserts="0"><properties><property name="python-version" value="3.9.6 (default, Oct  4 2024, 08:01:31) &#10;[Clang 16.0.0 (clang-1600.0.26.4)]" /><property name="fspath" value="tests/test_recognizers_template_csv.py" /></properties><environment framework-version="3.6.2" clr-version="3.9.6 (default, Oct  4 2024, 08:01:31) &#10;[Clang 16.0.0 (clang-1600.0.26.4)]" os-version="24.1.0" platform="Darwin" cwd="/Users/omri.mendels/Library/CloudStorage/OneDrive-Microsoft/Projects/presidio/code/presidio-research" machine-name="arm64" user="" user-domain="" culture="en-US" uiculture="en-US" os-architecture="64bit" /><failure><message><![CDATA[]]></message><stack-trace><![CDATA[None]]></stack-trace></failure><reason><message><![CDATA[&#x1b;[33mWARNING &#x1b;[0m presidio-analyzer:ner_model_configuration.py:78 model_to_presidio_entity_mapping is missing from configuration, using default
&#x1b;[33mWARNING &#x1b;[0m presidio-analyzer:ner_model_configuration.py:84 low_score_entity_names is missing from configuration, using default
&#x1b;[33mWARNING &#x1b;[0m presidio-analyzer:ner_model_configuration.py:89 labels_to_ignore is missing from configuration, using default]]></message></reason><output><![CDATA[&#x1b;[33mWARNING &#x1b;[0m presidio-analyzer:ner_model_configuration.py:78 model_to_presidio_entity_mapping is missing from configuration, using default
&#x1b;[33mWARNING &#x1b;[0m presidio-analyzer:ner_model_configuration.py:84 low_score_entity_names is missing from configuration, using default
&#x1b;[33mWARNING &#x1b;[0m presidio-analyzer:ner_model_configuration.py:89 labels_to_ignore is missing from configuration, using default]]></output></test-case><environment framework-version="3.6.2" clr-version="3.9.6 (default, Oct  4 2024, 08:01:31) &#10;[Clang 16.0.0 (clang-1600.0.26.4)]" os-version="24.1.0" platform="Darwin" cwd="/Users/omri.mendels/Library/CloudStorage/OneDrive-Microsoft/Projects/presidio/code/presidio-research" machine-name="arm64" user="" user-domain="" culture="en-US" uiculture="en-US" os-architecture="64bit" /></test-suite><test-suite id="tests/test_presidio_pseudonymize.py" name="tests/test_presidio_pseudonymize.py" fullname="tests/test_presidio_pseudonymize.py" methodname="" classname="" runstate="Runnable" type="Assembly" testcasecount="3" result="Passed" label="" start-time="2024-11-26 08:29:00.404954" end-time="2024-11-26 08:29:00.460692" duration="0.055738" asserts="0" total="3" passed="3" failed="0" warnings="0" inconclusive="0" skipped="0"><properties><property name="python_version" value="3.9.6 (default, Oct  4 2024, 08:01:31) &#10;[Clang 16.0.0 (clang-1600.0.26.4)]" /></properties><test-case id="179" name="tests/test_presidio_pseudonymize.py::test_presidio_pseudonymize_two_entities[Hi I live in South Africa and my name is Toma-LOCATION-PERSON-13-25-41-45-Africa-James]" fullname="tests/test_presidio_pseudonymize.py::test_presidio_pseudonymize_two_entities[Hi I live in South Africa and my name is Toma-LOCATION-PERSON-13-25-41-45-Africa-James]" methodname="test_presidio_pseudonymize_two_entities[Hi I live in South Africa and my name is Toma-LOCATION-PERSON-13-25-41-45-Africa-James]" classname="tests/test_presidio_pseudonymize.py" runstate="Runnable" seed="1" result="Passed" label="" start-time="2024-11-26 08:29:00.404954" end-time="2024-11-26 08:29:00.405504" duration="0.00055" asserts="0"><properties><property name="python-version" value="3.9.6 (default, Oct  4 2024, 08:01:31) &#10;[Clang 16.0.0 (clang-1600.0.26.4)]" /><property name="fspath" value="tests/test_presidio_pseudonymize.py" /></properties><environment framework-version="3.6.2" clr-version="3.9.6 (default, Oct  4 2024, 08:01:31) &#10;[Clang 16.0.0 (clang-1600.0.26.4)]" os-version="24.1.0" platform="Darwin" cwd="/Users/omri.mendels/Library/CloudStorage/OneDrive-Microsoft/Projects/presidio/code/presidio-research" machine-name="arm64" user="" user-domain="" culture="en-US" uiculture="en-US" os-architecture="64bit" /><failure><message><![CDATA[]]></message><stack-trace><![CDATA[None]]></stack-trace></failure><reason><message><![CDATA[]]></message></reason><output><![CDATA[]]></output></test-case><test-case id="180" name="tests/test_presidio_pseudonymize.py::test_presidio_pseudonymize_two_entities[Africa is my continent, James-LOCATION-PERSON-0-6-24-29-Africa-James]" fullname="tests/test_presidio_pseudonymize.py::test_presidio_pseudonymize_two_entities[Africa is my continent, James-LOCATION-PERSON-0-6-24-29-Africa-James]" methodname="test_presidio_pseudonymize_two_entities[Africa is my continent, James-LOCATION-PERSON-0-6-24-29-Africa-James]" classname="tests/test_presidio_pseudonymize.py" runstate="Runnable" seed="1" result="Passed" label="" start-time="2024-11-26 08:29:00.405935" end-time="2024-11-26 08:29:00.406286" duration="0.000351" asserts="0"><properties><property name="python-version" value="3.9.6 (default, Oct  4 2024, 08:01:31) &#10;[Clang 16.0.0 (clang-1600.0.26.4)]" /><property name="fspath" value="tests/test_presidio_pseudonymize.py" /></properties><environment framework-version="3.6.2" clr-version="3.9.6 (default, Oct  4 2024, 08:01:31) &#10;[Clang 16.0.0 (clang-1600.0.26.4)]" os-version="24.1.0" platform="Darwin" cwd="/Users/omri.mendels/Library/CloudStorage/OneDrive-Microsoft/Projects/presidio/code/presidio-research" machine-name="arm64" user="" user-domain="" culture="en-US" uiculture="en-US" os-architecture="64bit" /><failure><message><![CDATA[]]></message><stack-trace><![CDATA[None]]></stack-trace></failure><reason><message><![CDATA[]]></message></reason><output><![CDATA[]]></output></test-case><test-case id="181" name="tests/test_presidio_pseudonymize.py::test_simple_scenario" fullname="tests/test_presidio_pseudonymize.py::test_simple_scenario" methodname="test_simple_scenario" classname="tests/test_presidio_pseudonymize.py" runstate="Runnable" seed="1" result="Passed" label="" start-time="2024-11-26 08:29:00.406475" end-time="2024-11-26 08:29:00.460692" duration="0.054217" asserts="0"><properties><property name="python-version" value="3.9.6 (default, Oct  4 2024, 08:01:31) &#10;[Clang 16.0.0 (clang-1600.0.26.4)]" /><property name="fspath" value="tests/test_presidio_pseudonymize.py" /></properties><environment framework-version="3.6.2" clr-version="3.9.6 (default, Oct  4 2024, 08:01:31) &#10;[Clang 16.0.0 (clang-1600.0.26.4)]" os-version="24.1.0" platform="Darwin" cwd="/Users/omri.mendels/Library/CloudStorage/OneDrive-Microsoft/Projects/presidio/code/presidio-research" machine-name="arm64" user="" user-domain="" culture="en-US" uiculture="en-US" os-architecture="64bit" /><failure><message><![CDATA[]]></message><stack-trace><![CDATA[None]]></stack-trace></failure><reason><message><![CDATA[]]></message></reason><output><![CDATA[]]></output></test-case><environment framework-version="3.6.2" clr-version="3.9.6 (default, Oct  4 2024, 08:01:31) &#10;[Clang 16.0.0 (clang-1600.0.26.4)]" os-version="24.1.0" platform="Darwin" cwd="/Users/omri.mendels/Library/CloudStorage/OneDrive-Microsoft/Projects/presidio/code/presidio-research" machine-name="arm64" user="" user-domain="" culture="en-US" uiculture="en-US" os-architecture="64bit" /></test-suite><test-suite id="tests/test_validation.py" name="tests/test_validation.py" fullname="tests/test_validation.py" methodname="" classname="" runstate="Runnable" type="Assembly" testcasecount="6" result="Passed" label="" start-time="2024-11-26 08:29:44.914873" end-time="2024-11-26 08:29:44.918366" duration="0.003493" asserts="0" total="6" passed="6" failed="0" warnings="0" inconclusive="0" skipped="0"><properties><property name="python_version" value="3.9.6 (default, Oct  4 2024, 08:01:31) &#10;[Clang 16.0.0 (clang-1600.0.26.4)]" /></properties><test-case id="239" name="tests/test_validation.py::test_split_by_template" fullname="tests/test_validation.py::test_split_by_template" methodname="test_split_by_template" classname="tests/test_validation.py" runstate="Runnable" seed="1" result="Passed" label="" start-time="2024-11-26 08:29:44.914873" end-time="2024-11-26 08:29:44.915108" duration="0.000235" asserts="0"><properties><property name="python-version" value="3.9.6 (default, Oct  4 2024, 08:01:31) &#10;[Clang 16.0.0 (clang-1600.0.26.4)]" /><property name="fspath" value="tests/test_validation.py" /></properties><environment framework-version="3.6.2" clr-version="3.9.6 (default, Oct  4 2024, 08:01:31) &#10;[Clang 16.0.0 (clang-1600.0.26.4)]" os-version="24.1.0" platform="Darwin" cwd="/Users/omri.mendels/Library/CloudStorage/OneDrive-Microsoft/Projects/presidio/code/presidio-research" machine-name="arm64" user="" user-domain="" culture="en-US" uiculture="en-US" os-architecture="64bit" /><failure><message><![CDATA[]]></message><stack-trace><![CDATA[None]]></stack-trace></failure><reason><message><![CDATA[]]></message></reason><output><![CDATA[]]></output></test-case><test-case id="240" name="tests/test_validation.py::test_get_samples_by_pattern" fullname="tests/test_validation.py::test_get_samples_by_pattern" methodname="test_get_samples_by_pattern" classname="tests/test_validation.py" runstate="Runnable" seed="1" result="Passed" label="" start-time="2024-11-26 08:29:44.915280" end-time="2024-11-26 08:29:44.915518" duration="0.000238" asserts="0"><properties><property name="python-version" value="3.9.6 (default, Oct  4 2024, 08:01:31) &#10;[Clang 16.0.0 (clang-1600.0.26.4)]" /><property name="fspath" value="tests/test_validation.py" /></properties><environment framework-version="3.6.2" clr-version="3.9.6 (default, Oct  4 2024, 08:01:31) &#10;[Clang 16.0.0 (clang-1600.0.26.4)]" os-version="24.1.0" platform="Darwin" cwd="/Users/omri.mendels/Library/CloudStorage/OneDrive-Microsoft/Projects/presidio/code/presidio-research" machine-name="arm64" user="" user-domain="" culture="en-US" uiculture="en-US" os-architecture="64bit" /><failure><message><![CDATA[]]></message><stack-trace><![CDATA[None]]></stack-trace></failure><reason><message><![CDATA[]]></message></reason><output><![CDATA[]]></output></test-case><test-case id="241" name="tests/test_validation.py::test_split_dataset_two_sets" fullname="tests/test_validation.py::test_split_dataset_two_sets" methodname="test_split_dataset_two_sets" classname="tests/test_validation.py" runstate="Runnable" seed="1" result="Passed" label="" start-time="2024-11-26 08:29:44.915693" end-time="2024-11-26 08:29:44.915937" duration="0.000244" asserts="0"><properties><property name="python-version" value="3.9.6 (default, Oct  4 2024, 08:01:31) &#10;[Clang 16.0.0 (clang-1600.0.26.4)]" /><property name="fspath" value="tests/test_validation.py" /></properties><environment framework-version="3.6.2" clr-version="3.9.6 (default, Oct  4 2024, 08:01:31) &#10;[Clang 16.0.0 (clang-1600.0.26.4)]" os-version="24.1.0" platform="Darwin" cwd="/Users/omri.mendels/Library/CloudStorage/OneDrive-Microsoft/Projects/presidio/code/presidio-research" machine-name="arm64" user="" user-domain="" culture="en-US" uiculture="en-US" os-architecture="64bit" /><failure><message><![CDATA[]]></message><stack-trace><![CDATA[None]]></stack-trace></failure><reason><message><![CDATA[]]></message></reason><output><![CDATA[]]></output></test-case><test-case id="242" name="tests/test_validation.py::test_split_dataset_four_sets" fullname="tests/test_validation.py::test_split_dataset_four_sets" methodname="test_split_dataset_four_sets" classname="tests/test_validation.py" runstate="Runnable" seed="1" result="Passed" label="" start-time="2024-11-26 08:29:44.916136" end-time="2024-11-26 08:29:44.916379" duration="0.000243" asserts="0"><properties><property name="python-version" value="3.9.6 (default, Oct  4 2024, 08:01:31) &#10;[Clang 16.0.0 (clang-1600.0.26.4)]" /><property name="fspath" value="tests/test_validation.py" /></properties><environment framework-version="3.6.2" clr-version="3.9.6 (default, Oct  4 2024, 08:01:31) &#10;[Clang 16.0.0 (clang-1600.0.26.4)]" os-version="24.1.0" platform="Darwin" cwd="/Users/omri.mendels/Library/CloudStorage/OneDrive-Microsoft/Projects/presidio/code/presidio-research" machine-name="arm64" user="" user-domain="" culture="en-US" uiculture="en-US" os-architecture="64bit" /><failure><message><![CDATA[]]></message><stack-trace><![CDATA[None]]></stack-trace></failure><reason><message><![CDATA[]]></message></reason><output><![CDATA[]]></output></test-case><test-case id="243" name="tests/test_validation.py::test_split_dataset_test_with_0_ratio" fullname="tests/test_validation.py::test_split_dataset_test_with_0_ratio" methodname="test_split_dataset_test_with_0_ratio" classname="tests/test_validation.py" runstate="Runnable" seed="1" result="Passed" label="" start-time="2024-11-26 08:29:44.916550" end-time="2024-11-26 08:29:44.916788" duration="0.000238" asserts="0"><properties><property name="python-version" value="3.9.6 (default, Oct  4 2024, 08:01:31) &#10;[Clang 16.0.0 (clang-1600.0.26.4)]" /><property name="fspath" value="tests/test_validation.py" /></properties><environment framework-version="3.6.2" clr-version="3.9.6 (default, Oct  4 2024, 08:01:31) &#10;[Clang 16.0.0 (clang-1600.0.26.4)]" os-version="24.1.0" platform="Darwin" cwd="/Users/omri.mendels/Library/CloudStorage/OneDrive-Microsoft/Projects/presidio/code/presidio-research" machine-name="arm64" user="" user-domain="" culture="en-US" uiculture="en-US" os-architecture="64bit" /><failure><message><![CDATA[]]></message><stack-trace><![CDATA[None]]></stack-trace></failure><reason><message><![CDATA[]]></message></reason><output><![CDATA[]]></output></test-case><test-case id="244" name="tests/test_validation.py::test_split_dataset_test_with_smallish_ratio" fullname="tests/test_validation.py::test_split_dataset_test_with_smallish_ratio" methodname="test_split_dataset_test_with_smallish_ratio" classname="tests/test_validation.py" runstate="Runnable" seed="1" result="Passed" label="" start-time="2024-11-26 08:29:44.916954" end-time="2024-11-26 08:29:44.918366" duration="0.001412" asserts="0"><properties><property name="python-version" value="3.9.6 (default, Oct  4 2024, 08:01:31) &#10;[Clang 16.0.0 (clang-1600.0.26.4)]" /><property name="fspath" value="tests/test_validation.py" /></properties><environment framework-version="3.6.2" clr-version="3.9.6 (default, Oct  4 2024, 08:01:31) &#10;[Clang 16.0.0 (clang-1600.0.26.4)]" os-version="24.1.0" platform="Darwin" cwd="/Users/omri.mendels/Library/CloudStorage/OneDrive-Microsoft/Projects/presidio/code/presidio-research" machine-name="arm64" user="" user-domain="" culture="en-US" uiculture="en-US" os-architecture="64bit" /><failure><message><![CDATA[]]></message><stack-trace><![CDATA[None]]></stack-trace></failure><reason><message><![CDATA[]]></message></reason><output><![CDATA[]]></output></test-case><environment framework-version="3.6.2" clr-version="3.9.6 (default, Oct  4 2024, 08:01:31) &#10;[Clang 16.0.0 (clang-1600.0.26.4)]" os-version="24.1.0" platform="Darwin" cwd="/Users/omri.mendels/Library/CloudStorage/OneDrive-Microsoft/Projects/presidio/code/presidio-research" machine-name="arm64" user="" user-domain="" culture="en-US" uiculture="en-US" os-architecture="64bit" /></test-suite><test-suite id="tests/test_evaluator.py" name="tests/test_evaluator.py" fullname="tests/test_evaluator.py" methodname="" classname="" runstate="Runnable" type="Assembly" testcasecount="26" result="Passed" label="" start-time="2024-11-26 08:28:12.752621" end-time="2024-11-26 08:28:13.229939" duration="0.477318" asserts="0" total="26" passed="26" failed="0" warnings="0" inconclusive="0" skipped="0"><properties><property name="python_version" value="3.9.6 (default, Oct  4 2024, 08:01:31) &#10;[Clang 16.0.0 (clang-1600.0.26.4)]" /></properties><test-case id="133" name="tests/test_evaluator.py::test_evaluator_simple" fullname="tests/test_evaluator.py::test_evaluator_simple" methodname="test_evaluator_simple" classname="tests/test_evaluator.py" runstate="Runnable" seed="1" result="Passed" label="" start-time="2024-11-26 08:28:12.752621" end-time="2024-11-26 08:28:12.752902" duration="0.000281" asserts="0"><properties><property name="python-version" value="3.9.6 (default, Oct  4 2024, 08:01:31) &#10;[Clang 16.0.0 (clang-1600.0.26.4)]" /><property name="fspath" value="tests/test_evaluator.py" /></properties><environment framework-version="3.6.2" clr-version="3.9.6 (default, Oct  4 2024, 08:01:31) &#10;[Clang 16.0.0 (clang-1600.0.26.4)]" os-version="24.1.0" platform="Darwin" cwd="/Users/omri.mendels/Library/CloudStorage/OneDrive-Microsoft/Projects/presidio/code/presidio-research" machine-name="arm64" user="" user-domain="" culture="en-US" uiculture="en-US" os-architecture="64bit" /><failure><message><![CDATA[]]></message><stack-trace><![CDATA[None]]></stack-trace></failure><reason><message><![CDATA[]]></message></reason><output><![CDATA[]]></output></test-case><test-case id="134" name="tests/test_evaluator.py::test_evaluate_sample_wrong_entities_to_keep_correct_statistics" fullname="tests/test_evaluator.py::test_evaluate_sample_wrong_entities_to_keep_correct_statistics" methodname="test_evaluate_sample_wrong_entities_to_keep_correct_statistics" classname="tests/test_evaluator.py" runstate="Runnable" seed="1" result="Passed" label="" start-time="2024-11-26 08:28:12.753076" end-time="2024-11-26 08:28:12.753310" duration="0.000234" asserts="0"><properties><property name="python-version" value="3.9.6 (default, Oct  4 2024, 08:01:31) &#10;[Clang 16.0.0 (clang-1600.0.26.4)]" /><property name="fspath" value="tests/test_evaluator.py" /></properties><environment framework-version="3.6.2" clr-version="3.9.6 (default, Oct  4 2024, 08:01:31) &#10;[Clang 16.0.0 (clang-1600.0.26.4)]" os-version="24.1.0" platform="Darwin" cwd="/Users/omri.mendels/Library/CloudStorage/OneDrive-Microsoft/Projects/presidio/code/presidio-research" machine-name="arm64" user="" user-domain="" culture="en-US" uiculture="en-US" os-architecture="64bit" /><failure><message><![CDATA[]]></message><stack-trace><![CDATA[None]]></stack-trace></failure><reason><message><![CDATA[]]></message></reason><output><![CDATA[]]></output></test-case><test-case id="135" name="tests/test_evaluator.py::test_evaluate_same_entity_correct_statistics" fullname="tests/test_evaluator.py::test_evaluate_same_entity_correct_statistics" methodname="test_evaluate_same_entity_correct_statistics" classname="tests/test_evaluator.py" runstate="Runnable" seed="1" result="Passed" label="" start-time="2024-11-26 08:28:12.753482" end-time="2024-11-26 08:28:12.753702" duration="0.00022" asserts="0"><properties><property name="python-version" value="3.9.6 (default, Oct  4 2024, 08:01:31) &#10;[Clang 16.0.0 (clang-1600.0.26.4)]" /><property name="fspath" value="tests/test_evaluator.py" /></properties><environment framework-version="3.6.2" clr-version="3.9.6 (default, Oct  4 2024, 08:01:31) &#10;[Clang 16.0.0 (clang-1600.0.26.4)]" os-version="24.1.0" platform="Darwin" cwd="/Users/omri.mendels/Library/CloudStorage/OneDrive-Microsoft/Projects/presidio/code/presidio-research" machine-name="arm64" user="" user-domain="" culture="en-US" uiculture="en-US" os-architecture="64bit" /><failure><message><![CDATA[]]></message><stack-trace><![CDATA[None]]></stack-trace></failure><reason><message><![CDATA[]]></message></reason><output><![CDATA[]]></output></test-case><test-case id="136" name="tests/test_evaluator.py::test_evaluate_multiple_entities_to_keep_correct_statistics" fullname="tests/test_evaluator.py::test_evaluate_multiple_entities_to_keep_correct_statistics" methodname="test_evaluate_multiple_entities_to_keep_correct_statistics" classname="tests/test_evaluator.py" runstate="Runnable" seed="1" result="Passed" label="" start-time="2024-11-26 08:28:12.753886" end-time="2024-11-26 08:28:12.754114" duration="0.000228" asserts="0"><properties><property name="python-version" value="3.9.6 (default, Oct  4 2024, 08:01:31) &#10;[Clang 16.0.0 (clang-1600.0.26.4)]" /><property name="fspath" value="tests/test_evaluator.py" /></properties><environment framework-version="3.6.2" clr-version="3.9.6 (default, Oct  4 2024, 08:01:31) &#10;[Clang 16.0.0 (clang-1600.0.26.4)]" os-version="24.1.0" platform="Darwin" cwd="/Users/omri.mendels/Library/CloudStorage/OneDrive-Microsoft/Projects/presidio/code/presidio-research" machine-name="arm64" user="" user-domain="" culture="en-US" uiculture="en-US" os-architecture="64bit" /><failure><message><![CDATA[]]></message><stack-trace><![CDATA[None]]></stack-trace></failure><reason><message><![CDATA[]]></message></reason><output><![CDATA[]]></output></test-case><test-case id="137" name="tests/test_evaluator.py::test_evaluate_multiple_tokens_correct_statistics" fullname="tests/test_evaluator.py::test_evaluate_multiple_tokens_correct_statistics" methodname="test_evaluate_multiple_tokens_correct_statistics" classname="tests/test_evaluator.py" runstate="Runnable" seed="1" result="Passed" label="" start-time="2024-11-26 08:28:12.754293" end-time="2024-11-26 08:28:12.754541" duration="0.000248" asserts="0"><properties><property name="python-version" value="3.9.6 (default, Oct  4 2024, 08:01:31) &#10;[Clang 16.0.0 (clang-1600.0.26.4)]" /><property name="fspath" value="tests/test_evaluator.py" /></properties><environment framework-version="3.6.2" clr-version="3.9.6 (default, Oct  4 2024, 08:01:31) &#10;[Clang 16.0.0 (clang-1600.0.26.4)]" os-version="24.1.0" platform="Darwin" cwd="/Users/omri.mendels/Library/CloudStorage/OneDrive-Microsoft/Projects/presidio/code/presidio-research" machine-name="arm64" user="" user-domain="" culture="en-US" uiculture="en-US" os-architecture="64bit" /><failure><message><![CDATA[]]></message><stack-trace><![CDATA[None]]></stack-trace></failure><reason><message><![CDATA[]]></message></reason><output><![CDATA[]]></output></test-case><test-case id="138" name="tests/test_evaluator.py::test_evaluate_multiple_tokens_partial_match_correct_statistics" fullname="tests/test_evaluator.py::test_evaluate_multiple_tokens_partial_match_correct_statistics" methodname="test_evaluate_multiple_tokens_partial_match_correct_statistics" classname="tests/test_evaluator.py" runstate="Runnable" seed="1" result="Passed" label="" start-time="2024-11-26 08:28:12.754710" end-time="2024-11-26 08:28:12.754962" duration="0.000252" asserts="0"><properties><property name="python-version" value="3.9.6 (default, Oct  4 2024, 08:01:31) &#10;[Clang 16.0.0 (clang-1600.0.26.4)]" /><property name="fspath" value="tests/test_evaluator.py" /></properties><environment framework-version="3.6.2" clr-version="3.9.6 (default, Oct  4 2024, 08:01:31) &#10;[Clang 16.0.0 (clang-1600.0.26.4)]" os-version="24.1.0" platform="Darwin" cwd="/Users/omri.mendels/Library/CloudStorage/OneDrive-Microsoft/Projects/presidio/code/presidio-research" machine-name="arm64" user="" user-domain="" culture="en-US" uiculture="en-US" os-architecture="64bit" /><failure><message><![CDATA[]]></message><stack-trace><![CDATA[None]]></stack-trace></failure><reason><message><![CDATA[]]></message></reason><output><![CDATA[]]></output></test-case><test-case id="139" name="tests/test_evaluator.py::test_evaluate_multiple_tokens_no_match_match_correct_statistics" fullname="tests/test_evaluator.py::test_evaluate_multiple_tokens_no_match_match_correct_statistics" methodname="test_evaluate_multiple_tokens_no_match_match_correct_statistics" classname="tests/test_evaluator.py" runstate="Runnable" seed="1" result="Passed" label="" start-time="2024-11-26 08:28:12.755126" end-time="2024-11-26 08:28:12.755390" duration="0.000264" asserts="0"><properties><property name="python-version" value="3.9.6 (default, Oct  4 2024, 08:01:31) &#10;[Clang 16.0.0 (clang-1600.0.26.4)]" /><property name="fspath" value="tests/test_evaluator.py" /></properties><environment framework-version="3.6.2" clr-version="3.9.6 (default, Oct  4 2024, 08:01:31) &#10;[Clang 16.0.0 (clang-1600.0.26.4)]" os-version="24.1.0" platform="Darwin" cwd="/Users/omri.mendels/Library/CloudStorage/OneDrive-Microsoft/Projects/presidio/code/presidio-research" machine-name="arm64" user="" user-domain="" culture="en-US" uiculture="en-US" os-architecture="64bit" /><failure><message><![CDATA[]]></message><stack-trace><![CDATA[None]]></stack-trace></failure><reason><message><![CDATA[]]></message></reason><output><![CDATA[]]></output></test-case><test-case id="140" name="tests/test_evaluator.py::test_evaluate_multiple_examples_correct_statistics" fullname="tests/test_evaluator.py::test_evaluate_multiple_examples_correct_statistics" methodname="test_evaluate_multiple_examples_correct_statistics" classname="tests/test_evaluator.py" runstate="Runnable" seed="1" result="Passed" label="" start-time="2024-11-26 08:28:12.755555" end-time="2024-11-26 08:28:12.755911" duration="0.000356" asserts="0"><properties><property name="python-version" value="3.9.6 (default, Oct  4 2024, 08:01:31) &#10;[Clang 16.0.0 (clang-1600.0.26.4)]" /><property name="fspath" value="tests/test_evaluator.py" /></properties><environment framework-version="3.6.2" clr-version="3.9.6 (default, Oct  4 2024, 08:01:31) &#10;[Clang 16.0.0 (clang-1600.0.26.4)]" os-version="24.1.0" platform="Darwin" cwd="/Users/omri.mendels/Library/CloudStorage/OneDrive-Microsoft/Projects/presidio/code/presidio-research" machine-name="arm64" user="" user-domain="" culture="en-US" uiculture="en-US" os-architecture="64bit" /><failure><message><![CDATA[]]></message><stack-trace><![CDATA[None]]></stack-trace></failure><reason><message><![CDATA[]]></message></reason><output><![CDATA[]]></output></test-case><test-case id="141" name="tests/test_evaluator.py::test_evaluate_multiple_examples_ignore_entity_correct_statistics" fullname="tests/test_evaluator.py::test_evaluate_multiple_examples_ignore_entity_correct_statistics" methodname="test_evaluate_multiple_examples_ignore_entity_correct_statistics" classname="tests/test_evaluator.py" runstate="Runnable" seed="1" result="Passed" label="" start-time="2024-11-26 08:28:12.756074" end-time="2024-11-26 08:28:12.756410" duration="0.000336" asserts="0"><properties><property name="python-version" value="3.9.6 (default, Oct  4 2024, 08:01:31) &#10;[Clang 16.0.0 (clang-1600.0.26.4)]" /><property name="fspath" value="tests/test_evaluator.py" /></properties><environment framework-version="3.6.2" clr-version="3.9.6 (default, Oct  4 2024, 08:01:31) &#10;[Clang 16.0.0 (clang-1600.0.26.4)]" os-version="24.1.0" platform="Darwin" cwd="/Users/omri.mendels/Library/CloudStorage/OneDrive-Microsoft/Projects/presidio/code/presidio-research" machine-name="arm64" user="" user-domain="" culture="en-US" uiculture="en-US" os-architecture="64bit" /><failure><message><![CDATA[]]></message><stack-trace><![CDATA[None]]></stack-trace></failure><reason><message><![CDATA[]]></message></reason><output><![CDATA[]]></output></test-case><test-case id="142" name="tests/test_evaluator.py::test_confusion_matrix_correct_metrics" fullname="tests/test_evaluator.py::test_confusion_matrix_correct_metrics" methodname="test_confusion_matrix_correct_metrics" classname="tests/test_evaluator.py" runstate="Runnable" seed="1" result="Passed" label="" start-time="2024-11-26 08:28:12.756581" end-time="2024-11-26 08:28:12.756843" duration="0.000262" asserts="0"><properties><property name="python-version" value="3.9.6 (default, Oct  4 2024, 08:01:31) &#10;[Clang 16.0.0 (clang-1600.0.26.4)]" /><property name="fspath" value="tests/test_evaluator.py" /></properties><environment framework-version="3.6.2" clr-version="3.9.6 (default, Oct  4 2024, 08:01:31) &#10;[Clang 16.0.0 (clang-1600.0.26.4)]" os-version="24.1.0" platform="Darwin" cwd="/Users/omri.mendels/Library/CloudStorage/OneDrive-Microsoft/Projects/presidio/code/presidio-research" machine-name="arm64" user="" user-domain="" culture="en-US" uiculture="en-US" os-architecture="64bit" /><failure><message><![CDATA[]]></message><stack-trace><![CDATA[None]]></stack-trace></failure><reason><message><![CDATA[]]></message></reason><output><![CDATA[]]></output></test-case><test-case id="143" name="tests/test_evaluator.py::test_confusion_matrix_2_correct_metrics" fullname="tests/test_evaluator.py::test_confusion_matrix_2_correct_metrics" methodname="test_confusion_matrix_2_correct_metrics" classname="tests/test_evaluator.py" runstate="Runnable" seed="1" result="Passed" label="" start-time="2024-11-26 08:28:12.757012" end-time="2024-11-26 08:28:12.757266" duration="0.000254" asserts="0"><properties><property name="python-version" value="3.9.6 (default, Oct  4 2024, 08:01:31) &#10;[Clang 16.0.0 (clang-1600.0.26.4)]" /><property name="fspath" value="tests/test_evaluator.py" /></properties><environment framework-version="3.6.2" clr-version="3.9.6 (default, Oct  4 2024, 08:01:31) &#10;[Clang 16.0.0 (clang-1600.0.26.4)]" os-version="24.1.0" platform="Darwin" cwd="/Users/omri.mendels/Library/CloudStorage/OneDrive-Microsoft/Projects/presidio/code/presidio-research" machine-name="arm64" user="" user-domain="" culture="en-US" uiculture="en-US" os-architecture="64bit" /><failure><message><![CDATA[]]></message><stack-trace><![CDATA[None]]></stack-trace></failure><reason><message><![CDATA[]]></message></reason><output><![CDATA[]]></output></test-case><test-case id="144" name="tests/test_evaluator.py::test_dataset_to_metric_identity_model" fullname="tests/test_evaluator.py::test_dataset_to_metric_identity_model" methodname="test_dataset_to_metric_identity_model" classname="tests/test_evaluator.py" runstate="Runnable" seed="1" result="Passed" label="" start-time="2024-11-26 08:28:12.757429" end-time="2024-11-26 08:28:12.803503" duration="0.046074" asserts="0"><properties><property name="python-version" value="3.9.6 (default, Oct  4 2024, 08:01:31) &#10;[Clang 16.0.0 (clang-1600.0.26.4)]" /><property name="fspath" value="tests/test_evaluator.py" /></properties><environment framework-version="3.6.2" clr-version="3.9.6 (default, Oct  4 2024, 08:01:31) &#10;[Clang 16.0.0 (clang-1600.0.26.4)]" os-version="24.1.0" platform="Darwin" cwd="/Users/omri.mendels/Library/CloudStorage/OneDrive-Microsoft/Projects/presidio/code/presidio-research" machine-name="arm64" user="" user-domain="" culture="en-US" uiculture="en-US" os-architecture="64bit" /><failure><message><![CDATA[]]></message><stack-trace><![CDATA[None]]></stack-trace></failure><reason><message><![CDATA[]]></message></reason><output><![CDATA[]]></output></test-case><test-case id="145" name="tests/test_evaluator.py::test_dataset_to_metric_50_50_model" fullname="tests/test_evaluator.py::test_dataset_to_metric_50_50_model" methodname="test_dataset_to_metric_50_50_model" classname="tests/test_evaluator.py" runstate="Runnable" seed="1" result="Passed" label="" start-time="2024-11-26 08:28:12.803814" end-time="2024-11-26 08:28:13.222808" duration="0.418994" asserts="0"><properties><property name="python-version" value="3.9.6 (default, Oct  4 2024, 08:01:31) &#10;[Clang 16.0.0 (clang-1600.0.26.4)]" /><property name="fspath" value="tests/test_evaluator.py" /></properties><environment framework-version="3.6.2" clr-version="3.9.6 (default, Oct  4 2024, 08:01:31) &#10;[Clang 16.0.0 (clang-1600.0.26.4)]" os-version="24.1.0" platform="Darwin" cwd="/Users/omri.mendels/Library/CloudStorage/OneDrive-Microsoft/Projects/presidio/code/presidio-research" machine-name="arm64" user="" user-domain="" culture="en-US" uiculture="en-US" os-architecture="64bit" /><failure><message><![CDATA[]]></message><stack-trace><![CDATA[None]]></stack-trace></failure><reason><message><![CDATA[]]></message></reason><output><![CDATA[]]></output></test-case><test-case id="146" name="tests/test_evaluator.py::test_align_entity_types_correct_output" fullname="tests/test_evaluator.py::test_align_entity_types_correct_output" methodname="test_align_entity_types_correct_output" classname="tests/test_evaluator.py" runstate="Runnable" seed="1" result="Passed" label="" start-time="2024-11-26 08:28:13.223138" end-time="2024-11-26 08:28:13.223384" duration="0.000246" asserts="0"><properties><property name="python-version" value="3.9.6 (default, Oct  4 2024, 08:01:31) &#10;[Clang 16.0.0 (clang-1600.0.26.4)]" /><property name="fspath" value="tests/test_evaluator.py" /></properties><environment framework-version="3.6.2" clr-version="3.9.6 (default, Oct  4 2024, 08:01:31) &#10;[Clang 16.0.0 (clang-1600.0.26.4)]" os-version="24.1.0" platform="Darwin" cwd="/Users/omri.mendels/Library/CloudStorage/OneDrive-Microsoft/Projects/presidio/code/presidio-research" machine-name="arm64" user="" user-domain="" culture="en-US" uiculture="en-US" os-architecture="64bit" /><failure><message><![CDATA[]]></message><stack-trace><![CDATA[None]]></stack-trace></failure><reason><message><![CDATA[]]></message></reason><output><![CDATA[]]></output></test-case><test-case id="147" name="tests/test_evaluator.py::test_align_entity_types_wrong_mapping_exception" fullname="tests/test_evaluator.py::test_align_entity_types_wrong_mapping_exception" methodname="test_align_entity_types_wrong_mapping_exception" classname="tests/test_evaluator.py" runstate="Runnable" seed="1" result="Passed" label="" start-time="2024-11-26 08:28:13.223582" end-time="2024-11-26 08:28:13.223909" duration="0.000327" asserts="0"><properties><property name="python-version" value="3.9.6 (default, Oct  4 2024, 08:01:31) &#10;[Clang 16.0.0 (clang-1600.0.26.4)]" /><property name="fspath" value="tests/test_evaluator.py" /></properties><environment framework-version="3.6.2" clr-version="3.9.6 (default, Oct  4 2024, 08:01:31) &#10;[Clang 16.0.0 (clang-1600.0.26.4)]" os-version="24.1.0" platform="Darwin" cwd="/Users/omri.mendels/Library/CloudStorage/OneDrive-Microsoft/Projects/presidio/code/presidio-research" machine-name="arm64" user="" user-domain="" culture="en-US" uiculture="en-US" os-architecture="64bit" /><failure><message><![CDATA[]]></message><stack-trace><![CDATA[None]]></stack-trace></failure><reason><message><![CDATA[]]></message></reason><output><![CDATA[]]></output></test-case><test-case id="148" name="tests/test_evaluator.py::test_skip_words_are_not_counted_as_errors[tokens0-tags0-predicted_tags0-1-1]" fullname="tests/test_evaluator.py::test_skip_words_are_not_counted_as_errors[tokens0-tags0-predicted_tags0-1-1]" methodname="test_skip_words_are_not_counted_as_errors[tokens0-tags0-predicted_tags0-1-1]" classname="tests/test_evaluator.py" runstate="Runnable" seed="1" result="Passed" label="" start-time="2024-11-26 08:28:13.224211" end-time="2024-11-26 08:28:13.224538" duration="0.000327" asserts="0"><properties><property name="python-version" value="3.9.6 (default, Oct  4 2024, 08:01:31) &#10;[Clang 16.0.0 (clang-1600.0.26.4)]" /><property name="fspath" value="tests/test_evaluator.py" /></properties><environment framework-version="3.6.2" clr-version="3.9.6 (default, Oct  4 2024, 08:01:31) &#10;[Clang 16.0.0 (clang-1600.0.26.4)]" os-version="24.1.0" platform="Darwin" cwd="/Users/omri.mendels/Library/CloudStorage/OneDrive-Microsoft/Projects/presidio/code/presidio-research" machine-name="arm64" user="" user-domain="" culture="en-US" uiculture="en-US" os-architecture="64bit" /><failure><message><![CDATA[]]></message><stack-trace><![CDATA[None]]></stack-trace></failure><reason><message><![CDATA[]]></message></reason><output><![CDATA[]]></output></test-case><test-case id="149" name="tests/test_evaluator.py::test_skip_words_are_not_counted_as_errors[tokens1-tags1-predicted_tags1-1-1]" fullname="tests/test_evaluator.py::test_skip_words_are_not_counted_as_errors[tokens1-tags1-predicted_tags1-1-1]" methodname="test_skip_words_are_not_counted_as_errors[tokens1-tags1-predicted_tags1-1-1]" classname="tests/test_evaluator.py" runstate="Runnable" seed="1" result="Passed" label="" start-time="2024-11-26 08:28:13.224810" end-time="2024-11-26 08:28:13.225109" duration="0.000299" asserts="0"><properties><property name="python-version" value="3.9.6 (default, Oct  4 2024, 08:01:31) &#10;[Clang 16.0.0 (clang-1600.0.26.4)]" /><property name="fspath" value="tests/test_evaluator.py" /></properties><environment framework-version="3.6.2" clr-version="3.9.6 (default, Oct  4 2024, 08:01:31) &#10;[Clang 16.0.0 (clang-1600.0.26.4)]" os-version="24.1.0" platform="Darwin" cwd="/Users/omri.mendels/Library/CloudStorage/OneDrive-Microsoft/Projects/presidio/code/presidio-research" machine-name="arm64" user="" user-domain="" culture="en-US" uiculture="en-US" os-architecture="64bit" /><failure><message><![CDATA[]]></message><stack-trace><![CDATA[None]]></stack-trace></failure><reason><message><![CDATA[]]></message></reason><output><![CDATA[]]></output></test-case><test-case id="150" name="tests/test_evaluator.py::test_skip_words_are_not_counted_as_errors[tokens2-tags2-predicted_tags2-1-1]" fullname="tests/test_evaluator.py::test_skip_words_are_not_counted_as_errors[tokens2-tags2-predicted_tags2-1-1]" methodname="test_skip_words_are_not_counted_as_errors[tokens2-tags2-predicted_tags2-1-1]" classname="tests/test_evaluator.py" runstate="Runnable" seed="1" result="Passed" label="" start-time="2024-11-26 08:28:13.225379" end-time="2024-11-26 08:28:13.225668" duration="0.000289" asserts="0"><properties><property name="python-version" value="3.9.6 (default, Oct  4 2024, 08:01:31) &#10;[Clang 16.0.0 (clang-1600.0.26.4)]" /><property name="fspath" value="tests/test_evaluator.py" /></properties><environment framework-version="3.6.2" clr-version="3.9.6 (default, Oct  4 2024, 08:01:31) &#10;[Clang 16.0.0 (clang-1600.0.26.4)]" os-version="24.1.0" platform="Darwin" cwd="/Users/omri.mendels/Library/CloudStorage/OneDrive-Microsoft/Projects/presidio/code/presidio-research" machine-name="arm64" user="" user-domain="" culture="en-US" uiculture="en-US" os-architecture="64bit" /><failure><message><![CDATA[]]></message><stack-trace><![CDATA[None]]></stack-trace></failure><reason><message><![CDATA[]]></message></reason><output><![CDATA[]]></output></test-case><test-case id="151" name="tests/test_evaluator.py::test_skip_words_are_not_counted_as_errors[tokens3-tags3-predicted_tags3-nan-nan]" fullname="tests/test_evaluator.py::test_skip_words_are_not_counted_as_errors[tokens3-tags3-predicted_tags3-nan-nan]" methodname="test_skip_words_are_not_counted_as_errors[tokens3-tags3-predicted_tags3-nan-nan]" classname="tests/test_evaluator.py" runstate="Runnable" seed="1" result="Passed" label="" start-time="2024-11-26 08:28:13.225939" end-time="2024-11-26 08:28:13.226214" duration="0.000275" asserts="0"><properties><property name="python-version" value="3.9.6 (default, Oct  4 2024, 08:01:31) &#10;[Clang 16.0.0 (clang-1600.0.26.4)]" /><property name="fspath" value="tests/test_evaluator.py" /></properties><environment framework-version="3.6.2" clr-version="3.9.6 (default, Oct  4 2024, 08:01:31) &#10;[Clang 16.0.0 (clang-1600.0.26.4)]" os-version="24.1.0" platform="Darwin" cwd="/Users/omri.mendels/Library/CloudStorage/OneDrive-Microsoft/Projects/presidio/code/presidio-research" machine-name="arm64" user="" user-domain="" culture="en-US" uiculture="en-US" os-architecture="64bit" /><failure><message><![CDATA[]]></message><stack-trace><![CDATA[None]]></stack-trace></failure><reason><message><![CDATA[]]></message></reason><output><![CDATA[]]></output></test-case><test-case id="152" name="tests/test_evaluator.py::test_skip_words_are_not_counted_as_errors[tokens4-tags4-predicted_tags4-nan-nan]" fullname="tests/test_evaluator.py::test_skip_words_are_not_counted_as_errors[tokens4-tags4-predicted_tags4-nan-nan]" methodname="test_skip_words_are_not_counted_as_errors[tokens4-tags4-predicted_tags4-nan-nan]" classname="tests/test_evaluator.py" runstate="Runnable" seed="1" result="Passed" label="" start-time="2024-11-26 08:28:13.226487" end-time="2024-11-26 08:28:13.226759" duration="0.000272" asserts="0"><properties><property name="python-version" value="3.9.6 (default, Oct  4 2024, 08:01:31) &#10;[Clang 16.0.0 (clang-1600.0.26.4)]" /><property name="fspath" value="tests/test_evaluator.py" /></properties><environment framework-version="3.6.2" clr-version="3.9.6 (default, Oct  4 2024, 08:01:31) &#10;[Clang 16.0.0 (clang-1600.0.26.4)]" os-version="24.1.0" platform="Darwin" cwd="/Users/omri.mendels/Library/CloudStorage/OneDrive-Microsoft/Projects/presidio/code/presidio-research" machine-name="arm64" user="" user-domain="" culture="en-US" uiculture="en-US" os-architecture="64bit" /><failure><message><![CDATA[]]></message><stack-trace><![CDATA[None]]></stack-trace></failure><reason><message><![CDATA[]]></message></reason><output><![CDATA[]]></output></test-case><test-case id="153" name="tests/test_evaluator.py::test_generic_entities_are_treated_like_specific_entities[tags0-predicted_tags0-expected_dict0]" fullname="tests/test_evaluator.py::test_generic_entities_are_treated_like_specific_entities[tags0-predicted_tags0-expected_dict0]" methodname="test_generic_entities_are_treated_like_specific_entities[tags0-predicted_tags0-expected_dict0]" classname="tests/test_evaluator.py" runstate="Runnable" seed="1" result="Passed" label="" start-time="2024-11-26 08:28:13.226989" end-time="2024-11-26 08:28:13.227249" duration="0.00026" asserts="0"><properties><property name="python-version" value="3.9.6 (default, Oct  4 2024, 08:01:31) &#10;[Clang 16.0.0 (clang-1600.0.26.4)]" /><property name="fspath" value="tests/test_evaluator.py" /></properties><environment framework-version="3.6.2" clr-version="3.9.6 (default, Oct  4 2024, 08:01:31) &#10;[Clang 16.0.0 (clang-1600.0.26.4)]" os-version="24.1.0" platform="Darwin" cwd="/Users/omri.mendels/Library/CloudStorage/OneDrive-Microsoft/Projects/presidio/code/presidio-research" machine-name="arm64" user="" user-domain="" culture="en-US" uiculture="en-US" os-architecture="64bit" /><failure><message><![CDATA[]]></message><stack-trace><![CDATA[None]]></stack-trace></failure><reason><message><![CDATA[]]></message></reason><output><![CDATA[]]></output></test-case><test-case id="154" name="tests/test_evaluator.py::test_generic_entities_are_treated_like_specific_entities[tags1-predicted_tags1-expected_dict1]" fullname="tests/test_evaluator.py::test_generic_entities_are_treated_like_specific_entities[tags1-predicted_tags1-expected_dict1]" methodname="test_generic_entities_are_treated_like_specific_entities[tags1-predicted_tags1-expected_dict1]" classname="tests/test_evaluator.py" runstate="Runnable" seed="1" result="Passed" label="" start-time="2024-11-26 08:28:13.227493" end-time="2024-11-26 08:28:13.227749" duration="0.000256" asserts="0"><properties><property name="python-version" value="3.9.6 (default, Oct  4 2024, 08:01:31) &#10;[Clang 16.0.0 (clang-1600.0.26.4)]" /><property name="fspath" value="tests/test_evaluator.py" /></properties><environment framework-version="3.6.2" clr-version="3.9.6 (default, Oct  4 2024, 08:01:31) &#10;[Clang 16.0.0 (clang-1600.0.26.4)]" os-version="24.1.0" platform="Darwin" cwd="/Users/omri.mendels/Library/CloudStorage/OneDrive-Microsoft/Projects/presidio/code/presidio-research" machine-name="arm64" user="" user-domain="" culture="en-US" uiculture="en-US" os-architecture="64bit" /><failure><message><![CDATA[]]></message><stack-trace><![CDATA[None]]></stack-trace></failure><reason><message><![CDATA[]]></message></reason><output><![CDATA[]]></output></test-case><test-case id="155" name="tests/test_evaluator.py::test_generic_entities_are_treated_like_specific_entities[tags2-predicted_tags2-expected_dict2]" fullname="tests/test_evaluator.py::test_generic_entities_are_treated_like_specific_entities[tags2-predicted_tags2-expected_dict2]" methodname="test_generic_entities_are_treated_like_specific_entities[tags2-predicted_tags2-expected_dict2]" classname="tests/test_evaluator.py" runstate="Runnable" seed="1" result="Passed" label="" start-time="2024-11-26 08:28:13.227987" end-time="2024-11-26 08:28:13.228377" duration="0.00039" asserts="0"><properties><property name="python-version" value="3.9.6 (default, Oct  4 2024, 08:01:31) &#10;[Clang 16.0.0 (clang-1600.0.26.4)]" /><property name="fspath" value="tests/test_evaluator.py" /></properties><environment framework-version="3.6.2" clr-version="3.9.6 (default, Oct  4 2024, 08:01:31) &#10;[Clang 16.0.0 (clang-1600.0.26.4)]" os-version="24.1.0" platform="Darwin" cwd="/Users/omri.mendels/Library/CloudStorage/OneDrive-Microsoft/Projects/presidio/code/presidio-research" machine-name="arm64" user="" user-domain="" culture="en-US" uiculture="en-US" os-architecture="64bit" /><failure><message><![CDATA[]]></message><stack-trace><![CDATA[None]]></stack-trace></failure><reason><message><![CDATA[]]></message></reason><output><![CDATA[]]></output></test-case><test-case id="156" name="tests/test_evaluator.py::test_error_type_classification" fullname="tests/test_evaluator.py::test_error_type_classification" methodname="test_error_type_classification" classname="tests/test_evaluator.py" runstate="Runnable" seed="1" result="Passed" label="Test that error types are correctly classified:&#10;    - FP: Only when predicting an entity where there should be none (O)&#10;    - FN: When missing an entity (predicting O instead of entity)&#10;    - WrongEntity: When predicting wrong entity type (entity mismatch)" start-time="2024-11-26 08:28:13.228594" end-time="2024-11-26 08:28:13.228899" duration="0.000305" asserts="0"><properties><property name="python-version" value="3.9.6 (default, Oct  4 2024, 08:01:31) &#10;[Clang 16.0.0 (clang-1600.0.26.4)]" /><property name="fspath" value="tests/test_evaluator.py" /></properties><environment framework-version="3.6.2" clr-version="3.9.6 (default, Oct  4 2024, 08:01:31) &#10;[Clang 16.0.0 (clang-1600.0.26.4)]" os-version="24.1.0" platform="Darwin" cwd="/Users/omri.mendels/Library/CloudStorage/OneDrive-Microsoft/Projects/presidio/code/presidio-research" machine-name="arm64" user="" user-domain="" culture="en-US" uiculture="en-US" os-architecture="64bit" /><failure><message><![CDATA[]]></message><stack-trace><![CDATA[None]]></stack-trace></failure><reason><message><![CDATA[]]></message></reason><output><![CDATA[]]></output></test-case><test-case id="157" name="tests/test_evaluator.py::test_score_calculation" fullname="tests/test_evaluator.py::test_score_calculation" methodname="test_score_calculation" classname="tests/test_evaluator.py" runstate="Runnable" seed="1" result="Passed" label="Test that precision and recall calculations are correct:&#10;    - FP and WrongEntity both hurt precision&#10;    - Only FN hurts recall" start-time="2024-11-26 08:28:13.229099" end-time="2024-11-26 08:28:13.229463" duration="0.000364" asserts="0"><properties><property name="python-version" value="3.9.6 (default, Oct  4 2024, 08:01:31) &#10;[Clang 16.0.0 (clang-1600.0.26.4)]" /><property name="fspath" value="tests/test_evaluator.py" /></properties><environment framework-version="3.6.2" clr-version="3.9.6 (default, Oct  4 2024, 08:01:31) &#10;[Clang 16.0.0 (clang-1600.0.26.4)]" os-version="24.1.0" platform="Darwin" cwd="/Users/omri.mendels/Library/CloudStorage/OneDrive-Microsoft/Projects/presidio/code/presidio-research" machine-name="arm64" user="" user-domain="" culture="en-US" uiculture="en-US" os-architecture="64bit" /><failure><message><![CDATA[]]></message><stack-trace><![CDATA[None]]></stack-trace></failure><reason><message><![CDATA[]]></message></reason><output><![CDATA[]]></output></test-case><test-case id="158" name="tests/test_evaluator.py::test_calculate_score_existing_results_counter_indivudal_entities" fullname="tests/test_evaluator.py::test_calculate_score_existing_results_counter_indivudal_entities" methodname="test_calculate_score_existing_results_counter_indivudal_entities" classname="tests/test_evaluator.py" runstate="Runnable" seed="1" result="Passed" label="" start-time="2024-11-26 08:28:13.229652" end-time="2024-11-26 08:28:13.229939" duration="0.000287" asserts="0"><properties><property name="python-version" value="3.9.6 (default, Oct  4 2024, 08:01:31) &#10;[Clang 16.0.0 (clang-1600.0.26.4)]" /><property name="fspath" value="tests/test_evaluator.py" /></properties><environment framework-version="3.6.2" clr-version="3.9.6 (default, Oct  4 2024, 08:01:31) &#10;[Clang 16.0.0 (clang-1600.0.26.4)]" os-version="24.1.0" platform="Darwin" cwd="/Users/omri.mendels/Library/CloudStorage/OneDrive-Microsoft/Projects/presidio/code/presidio-research" machine-name="arm64" user="" user-domain="" culture="en-US" uiculture="en-US" os-architecture="64bit" /><failure><message><![CDATA[]]></message><stack-trace><![CDATA[None]]></stack-trace></failure><reason><message><![CDATA[]]></message></reason><output><![CDATA[]]></output></test-case><environment framework-version="3.6.2" clr-version="3.9.6 (default, Oct  4 2024, 08:01:31) &#10;[Clang 16.0.0 (clang-1600.0.26.4)]" os-version="24.1.0" platform="Darwin" cwd="/Users/omri.mendels/Library/CloudStorage/OneDrive-Microsoft/Projects/presidio/code/presidio-research" machine-name="arm64" user="" user-domain="" culture="en-US" uiculture="en-US" os-architecture="64bit" /></test-suite><test-suite id="tests/test_recognizers_generated_text.py" name="tests/test_recognizers_generated_text.py" fullname="tests/test_recognizers_generated_text.py" methodname="" classname="" runstate="Runnable" type="Assembly" testcasecount="2" result="Passed" label="" start-time="2024-11-26 08:29:03.936479" end-time="2024-11-26 08:29:16.093565" duration="12.157086" asserts="0" total="2" passed="2" failed="0" warnings="0" inconclusive="0" skipped="0"><properties><property name="python_version" value="3.9.6 (default, Oct  4 2024, 08:01:31) &#10;[Clang 16.0.0 (clang-1600.0.26.4)]" /></properties><test-case id="185" name="tests/test_recognizers_generated_text.py::test_credit_card_recognizer_with_generated_text[small-set]" fullname="tests/test_recognizers_generated_text.py::test_credit_card_recognizer_with_generated_text[small-set]" methodname="test_credit_card_recognizer_with_generated_text[small-set]" classname="tests/test_recognizers_generated_text.py" runstate="Runnable" seed="1" result="Passed" label="Test credit card recognizer with a generated dataset text file&#10;    :param test_input: input text file location&#10;    :param acceptance_threshold: minimum precision/recall&#10;     allowed for tests to pass" start-time="2024-11-26 08:29:03.936479" end-time="2024-11-26 08:29:05.402383" duration="1.465904" asserts="0"><properties><property name="python-version" value="3.9.6 (default, Oct  4 2024, 08:01:31) &#10;[Clang 16.0.0 (clang-1600.0.26.4)]" /><property name="fspath" value="tests/test_recognizers_generated_text.py" /></properties><environment framework-version="3.6.2" clr-version="3.9.6 (default, Oct  4 2024, 08:01:31) &#10;[Clang 16.0.0 (clang-1600.0.26.4)]" os-version="24.1.0" platform="Darwin" cwd="/Users/omri.mendels/Library/CloudStorage/OneDrive-Microsoft/Projects/presidio/code/presidio-research" machine-name="arm64" user="" user-domain="" culture="en-US" uiculture="en-US" os-architecture="64bit" /><failure><message><![CDATA[]]></message><stack-trace><![CDATA[None]]></stack-trace></failure><reason><message><![CDATA[&#x1b;[33mWARNING &#x1b;[0m presidio-analyzer:ner_model_configuration.py:78 model_to_presidio_entity_mapping is missing from configuration, using default
&#x1b;[33mWARNING &#x1b;[0m presidio-analyzer:ner_model_configuration.py:84 low_score_entity_names is missing from configuration, using default
&#x1b;[33mWARNING &#x1b;[0m presidio-analyzer:ner_model_configuration.py:89 labels_to_ignore is missing from configuration, using default]]></message></reason><output><![CDATA[&#x1b;[33mWARNING &#x1b;[0m presidio-analyzer:ner_model_configuration.py:78 model_to_presidio_entity_mapping is missing from configuration, using default
&#x1b;[33mWARNING &#x1b;[0m presidio-analyzer:ner_model_configuration.py:84 low_score_entity_names is missing from configuration, using default
&#x1b;[33mWARNING &#x1b;[0m presidio-analyzer:ner_model_configuration.py:89 labels_to_ignore is missing from configuration, using default]]></output></test-case><test-case id="186" name="tests/test_recognizers_generated_text.py::test_credit_card_recognizer_with_generated_text[large_set]" fullname="tests/test_recognizers_generated_text.py::test_credit_card_recognizer_with_generated_text[large_set]" methodname="test_credit_card_recognizer_with_generated_text[large_set]" classname="tests/test_recognizers_generated_text.py" runstate="Runnable" seed="1" result="Passed" label="Test credit card recognizer with a generated dataset text file&#10;    :param test_input: input text file location&#10;    :param acceptance_threshold: minimum precision/recall&#10;     allowed for tests to pass" start-time="2024-11-26 08:29:05.402803" end-time="2024-11-26 08:29:16.093565" duration="10.690762" asserts="0"><properties><property name="python-version" value="3.9.6 (default, Oct  4 2024, 08:01:31) &#10;[Clang 16.0.0 (clang-1600.0.26.4)]" /><property name="fspath" value="tests/test_recognizers_generated_text.py" /></properties><environment framework-version="3.6.2" clr-version="3.9.6 (default, Oct  4 2024, 08:01:31) &#10;[Clang 16.0.0 (clang-1600.0.26.4)]" os-version="24.1.0" platform="Darwin" cwd="/Users/omri.mendels/Library/CloudStorage/OneDrive-Microsoft/Projects/presidio/code/presidio-research" machine-name="arm64" user="" user-domain="" culture="en-US" uiculture="en-US" os-architecture="64bit" /><failure><message><![CDATA[]]></message><stack-trace><![CDATA[None]]></stack-trace></failure><reason><message><![CDATA[&#x1b;[33mWARNING &#x1b;[0m presidio-analyzer:ner_model_configuration.py:78 model_to_presidio_entity_mapping is missing from configuration, using default
&#x1b;[33mWARNING &#x1b;[0m presidio-analyzer:ner_model_configuration.py:84 low_score_entity_names is missing from configuration, using default
&#x1b;[33mWARNING &#x1b;[0m presidio-analyzer:ner_model_configuration.py:89 labels_to_ignore is missing from configuration, using default]]></message></reason><output><![CDATA[&#x1b;[33mWARNING &#x1b;[0m presidio-analyzer:ner_model_configuration.py:78 model_to_presidio_entity_mapping is missing from configuration, using default
&#x1b;[33mWARNING &#x1b;[0m presidio-analyzer:ner_model_configuration.py:84 low_score_entity_names is missing from configuration, using default
&#x1b;[33mWARNING &#x1b;[0m presidio-analyzer:ner_model_configuration.py:89 labels_to_ignore is missing from configuration, using default]]></output></test-case><environment framework-version="3.6.2" clr-version="3.9.6 (default, Oct  4 2024, 08:01:31) &#10;[Clang 16.0.0 (clang-1600.0.26.4)]" os-version="24.1.0" platform="Darwin" cwd="/Users/omri.mendels/Library/CloudStorage/OneDrive-Microsoft/Projects/presidio/code/presidio-research" machine-name="arm64" user="" user-domain="" culture="en-US" uiculture="en-US" os-architecture="64bit" /></test-suite><test-suite id="tests/test_evaluation_result.py" name="tests/test_evaluation_result.py" fullname="tests/test_evaluation_result.py" methodname="" classname="" runstate="Runnable" type="Assembly" testcasecount="4" result="Passed" label="" start-time="2024-11-26 08:28:12.748338" end-time="2024-11-26 08:28:12.752323" duration="0.003985" asserts="0" total="4" passed="4" failed="0" warnings="0" inconclusive="0" skipped="0"><properties><property name="python_version" value="3.9.6 (default, Oct  4 2024, 08:01:31) &#10;[Clang 16.0.0 (clang-1600.0.26.4)]" /></properties><test-case id="129" name="tests/test_evaluation_result.py::test_to_confusion_matrix" fullname="tests/test_evaluation_result.py::test_to_confusion_matrix" methodname="test_to_confusion_matrix" classname="tests/test_evaluation_result.py" runstate="Runnable" seed="1" result="Passed" label="" start-time="2024-11-26 08:28:12.748338" end-time="2024-11-26 08:28:12.748574" duration="0.000236" asserts="0"><properties><property name="python-version" value="3.9.6 (default, Oct  4 2024, 08:01:31) &#10;[Clang 16.0.0 (clang-1600.0.26.4)]" /><property name="fspath" value="tests/test_evaluation_result.py" /></properties><environment framework-version="3.6.2" clr-version="3.9.6 (default, Oct  4 2024, 08:01:31) &#10;[Clang 16.0.0 (clang-1600.0.26.4)]" os-version="24.1.0" platform="Darwin" cwd="/Users/omri.mendels/Library/CloudStorage/OneDrive-Microsoft/Projects/presidio/code/presidio-research" machine-name="arm64" user="" user-domain="" culture="en-US" uiculture="en-US" os-architecture="64bit" /><failure><message><![CDATA[]]></message><stack-trace><![CDATA[None]]></stack-trace></failure><reason><message><![CDATA[]]></message></reason><output><![CDATA[]]></output></test-case><test-case id="130" name="tests/test_evaluation_result.py::test_str" fullname="tests/test_evaluation_result.py::test_str" methodname="test_str" classname="tests/test_evaluation_result.py" runstate="Runnable" seed="1" result="Passed" label="" start-time="2024-11-26 08:28:12.748788" end-time="2024-11-26 08:28:12.749026" duration="0.000238" asserts="0"><properties><property name="python-version" value="3.9.6 (default, Oct  4 2024, 08:01:31) &#10;[Clang 16.0.0 (clang-1600.0.26.4)]" /><property name="fspath" value="tests/test_evaluation_result.py" /></properties><environment framework-version="3.6.2" clr-version="3.9.6 (default, Oct  4 2024, 08:01:31) &#10;[Clang 16.0.0 (clang-1600.0.26.4)]" os-version="24.1.0" platform="Darwin" cwd="/Users/omri.mendels/Library/CloudStorage/OneDrive-Microsoft/Projects/presidio/code/presidio-research" machine-name="arm64" user="" user-domain="" culture="en-US" uiculture="en-US" os-architecture="64bit" /><failure><message><![CDATA[]]></message><stack-trace><![CDATA[None]]></stack-trace></failure><reason><message><![CDATA[]]></message></reason><output><![CDATA[]]></output></test-case><test-case id="131" name="tests/test_evaluation_result.py::test_to_confusion_df" fullname="tests/test_evaluation_result.py::test_to_confusion_df" methodname="test_to_confusion_df" classname="tests/test_evaluation_result.py" runstate="Runnable" seed="1" result="Passed" label="" start-time="2024-11-26 08:28:12.749211" end-time="2024-11-26 08:28:12.751879" duration="0.002668" asserts="0"><properties><property name="python-version" value="3.9.6 (default, Oct  4 2024, 08:01:31) &#10;[Clang 16.0.0 (clang-1600.0.26.4)]" /><property name="fspath" value="tests/test_evaluation_result.py" /></properties><environment framework-version="3.6.2" clr-version="3.9.6 (default, Oct  4 2024, 08:01:31) &#10;[Clang 16.0.0 (clang-1600.0.26.4)]" os-version="24.1.0" platform="Darwin" cwd="/Users/omri.mendels/Library/CloudStorage/OneDrive-Microsoft/Projects/presidio/code/presidio-research" machine-name="arm64" user="" user-domain="" culture="en-US" uiculture="en-US" os-architecture="64bit" /><failure><message><![CDATA[]]></message><stack-trace><![CDATA[None]]></stack-trace></failure><reason><message><![CDATA[]]></message></reason><output><![CDATA[]]></output></test-case><test-case id="132" name="tests/test_evaluation_result.py::test_to_log" fullname="tests/test_evaluation_result.py::test_to_log" methodname="test_to_log" classname="tests/test_evaluation_result.py" runstate="Runnable" seed="1" result="Passed" label="" start-time="2024-11-26 08:28:12.752085" end-time="2024-11-26 08:28:12.752323" duration="0.000238" asserts="0"><properties><property name="python-version" value="3.9.6 (default, Oct  4 2024, 08:01:31) &#10;[Clang 16.0.0 (clang-1600.0.26.4)]" /><property name="fspath" value="tests/test_evaluation_result.py" /></properties><environment framework-version="3.6.2" clr-version="3.9.6 (default, Oct  4 2024, 08:01:31) &#10;[Clang 16.0.0 (clang-1600.0.26.4)]" os-version="24.1.0" platform="Darwin" cwd="/Users/omri.mendels/Library/CloudStorage/OneDrive-Microsoft/Projects/presidio/code/presidio-research" machine-name="arm64" user="" user-domain="" culture="en-US" uiculture="en-US" os-architecture="64bit" /><failure><message><![CDATA[]]></message><stack-trace><![CDATA[None]]></stack-trace></failure><reason><message><![CDATA[]]></message></reason><output><![CDATA[]]></output></test-case><environment framework-version="3.6.2" clr-version="3.9.6 (default, Oct  4 2024, 08:01:31) &#10;[Clang 16.0.0 (clang-1600.0.26.4)]" os-version="24.1.0" platform="Darwin" cwd="/Users/omri.mendels/Library/CloudStorage/OneDrive-Microsoft/Projects/presidio/code/presidio-research" machine-name="arm64" user="" user-domain="" culture="en-US" uiculture="en-US" os-architecture="64bit" /></test-suite><test-suite id="tests/test_generator.py" name="tests/test_generator.py" fullname="tests/test_generator.py" methodname="" classname="" runstate="Runnable" type="Assembly" testcasecount="3" result="Passed" label="" start-time="2024-11-26 08:28:40.336199" end-time="2024-11-26 08:28:40.550790" duration="0.214591" asserts="0" total="3" passed="3" failed="0" warnings="0" inconclusive="0" skipped="0"><properties><property name="python_version" value="3.9.6 (default, Oct  4 2024, 08:01:31) &#10;[Clang 16.0.0 (clang-1600.0.26.4)]" /></properties><test-case id="160" name="tests/test_generator.py::test_generator_correct_output" fullname="tests/test_generator.py::test_generator_correct_output" methodname="test_generator_correct_output" classname="tests/test_generator.py" runstate="Runnable" seed="1" result="Passed" label="" start-time="2024-11-26 08:28:40.336199" end-time="2024-11-26 08:28:40.448973" duration="0.112774" asserts="0"><properties><property name="python-version" value="3.9.6 (default, Oct  4 2024, 08:01:31) &#10;[Clang 16.0.0 (clang-1600.0.26.4)]" /><property name="fspath" value="tests/test_generator.py" /></properties><environment framework-version="3.6.2" clr-version="3.9.6 (default, Oct  4 2024, 08:01:31) &#10;[Clang 16.0.0 (clang-1600.0.26.4)]" os-version="24.1.0" platform="Darwin" cwd="/Users/omri.mendels/Library/CloudStorage/OneDrive-Microsoft/Projects/presidio/code/presidio-research" machine-name="arm64" user="" user-domain="" culture="en-US" uiculture="en-US" os-architecture="64bit" /><failure><message><![CDATA[]]></message><stack-trace><![CDATA[None]]></stack-trace></failure><reason><message><![CDATA[]]></message></reason><output><![CDATA[]]></output></test-case><test-case id="161" name="tests/test_generator.py::test_new_provider_no_alias_raises_attribute_error" fullname="tests/test_generator.py::test_new_provider_no_alias_raises_attribute_error" methodname="test_new_provider_no_alias_raises_attribute_error" classname="tests/test_generator.py" runstate="Runnable" seed="1" result="Passed" label="" start-time="2024-11-26 08:28:40.449234" end-time="2024-11-26 08:28:40.500552" duration="0.051318" asserts="0"><properties><property name="python-version" value="3.9.6 (default, Oct  4 2024, 08:01:31) &#10;[Clang 16.0.0 (clang-1600.0.26.4)]" /><property name="fspath" value="tests/test_generator.py" /></properties><environment framework-version="3.6.2" clr-version="3.9.6 (default, Oct  4 2024, 08:01:31) &#10;[Clang 16.0.0 (clang-1600.0.26.4)]" os-version="24.1.0" platform="Darwin" cwd="/Users/omri.mendels/Library/CloudStorage/OneDrive-Microsoft/Projects/presidio/code/presidio-research" machine-name="arm64" user="" user-domain="" culture="en-US" uiculture="en-US" os-architecture="64bit" /><failure><message><![CDATA[]]></message><stack-trace><![CDATA[None]]></stack-trace></failure><reason><message><![CDATA[]]></message></reason><output><![CDATA[]]></output></test-case><test-case id="162" name="tests/test_generator.py::test_new_provider_with_alias" fullname="tests/test_generator.py::test_new_provider_with_alias" methodname="test_new_provider_with_alias" classname="tests/test_generator.py" runstate="Runnable" seed="1" result="Passed" label="" start-time="2024-11-26 08:28:40.500786" end-time="2024-11-26 08:28:40.550790" duration="0.050004" asserts="0"><properties><property name="python-version" value="3.9.6 (default, Oct  4 2024, 08:01:31) &#10;[Clang 16.0.0 (clang-1600.0.26.4)]" /><property name="fspath" value="tests/test_generator.py" /></properties><environment framework-version="3.6.2" clr-version="3.9.6 (default, Oct  4 2024, 08:01:31) &#10;[Clang 16.0.0 (clang-1600.0.26.4)]" os-version="24.1.0" platform="Darwin" cwd="/Users/omri.mendels/Library/CloudStorage/OneDrive-Microsoft/Projects/presidio/code/presidio-research" machine-name="arm64" user="" user-domain="" culture="en-US" uiculture="en-US" os-architecture="64bit" /><failure><message><![CDATA[]]></message><stack-trace><![CDATA[None]]></stack-trace></failure><reason><message><![CDATA[]]></message></reason><output><![CDATA[]]></output></test-case><environment framework-version="3.6.2" clr-version="3.9.6 (default, Oct  4 2024, 08:01:31) &#10;[Clang 16.0.0 (clang-1600.0.26.4)]" os-version="24.1.0" platform="Darwin" cwd="/Users/omri.mendels/Library/CloudStorage/OneDrive-Microsoft/Projects/presidio/code/presidio-research" machine-name="arm64" user="" user-domain="" culture="en-US" uiculture="en-US" os-architecture="64bit" /></test-suite><test-suite id="tests/test_presidio_analyzer_wrapper.py" name="tests/test_presidio_analyzer_wrapper.py" fullname="tests/test_presidio_analyzer_wrapper.py" methodname="" classname="" runstate="Runnable" type="Assembly" testcasecount="3" result="Passed" label="" start-time="2024-11-26 08:28:40.559627" end-time="2024-11-26 08:29:00.302953" duration="19.743326" asserts="0" total="3" passed="3" failed="0" warnings="0" inconclusive="0" skipped="0"><properties><property name="python_version" value="3.9.6 (default, Oct  4 2024, 08:01:31) &#10;[Clang 16.0.0 (clang-1600.0.26.4)]" /></properties><test-case id="176" name="tests/test_presidio_analyzer_wrapper.py::test_analyzer_simple_input" fullname="tests/test_presidio_analyzer_wrapper.py::test_analyzer_simple_input" methodname="test_analyzer_simple_input" classname="tests/test_presidio_analyzer_wrapper.py" runstate="Runnable" seed="1" result="Passed" label="" start-time="2024-11-26 08:28:40.559627" end-time="2024-11-26 08:28:41.449840" duration="0.890213" asserts="0"><properties><property name="python-version" value="3.9.6 (default, Oct  4 2024, 08:01:31) &#10;[Clang 16.0.0 (clang-1600.0.26.4)]" /><property name="fspath" value="tests/test_presidio_analyzer_wrapper.py" /></properties><environment framework-version="3.6.2" clr-version="3.9.6 (default, Oct  4 2024, 08:01:31) &#10;[Clang 16.0.0 (clang-1600.0.26.4)]" os-version="24.1.0" platform="Darwin" cwd="/Users/omri.mendels/Library/CloudStorage/OneDrive-Microsoft/Projects/presidio/code/presidio-research" machine-name="arm64" user="" user-domain="" culture="en-US" uiculture="en-US" os-architecture="64bit" /><failure><message><![CDATA[]]></message><stack-trace><![CDATA[None]]></stack-trace></failure><reason><message><![CDATA[&#x1b;[33mWARNING &#x1b;[0m presidio-analyzer:recognizers_loader_utils.py:119 Recognizer not added to registry because language is not supported by registry - CreditCardRecognizer supported languages: es, registry supported languages: en
&#x1b;[33mWARNING &#x1b;[0m presidio-analyzer:recognizers_loader_utils.py:119 Recognizer not added to registry because language is not supported by registry - CreditCardRecognizer supported languages: it, registry supported languages: en
&#x1b;[33mWARNING &#x1b;[0m presidio-analyzer:recognizers_loader_utils.py:119 Recognizer not added to registry because language is not supported by registry - CreditCardRecognizer supported languages: pl, registry supported languages: en
&#x1b;[33mWARNING &#x1b;[0m presidio-analyzer:recognizers_loader_utils.py:119 Recognizer not added to registry because language is not supported by registry - EsNifRecognizer supported languages: es, registry supported languages: en
&#x1b;[33mWARNING &#x1b;[0m presidio-analyzer:recognizers_loader_utils.py:119 Recognizer not added to registry because language is not supported by registry - EsNieRecognizer supported languages: es, registry supported languages: en
&#x1b;[33mWARNING &#x1b;[0m presidio-analyzer:recognizers_loader_utils.py:119 Recognizer not added to registry because language is not supported by registry - ItDriverLicenseRecognizer supported languages: it, registry supported languages: en
&#x1b;[33mWARNING &#x1b;[0m presidio-analyzer:recognizers_loader_utils.py:119 Recognizer not added to registry because language is not supported by registry - ItFiscalCodeRecognizer supported languages: it, registry supported languages: en
&#x1b;[33mWARNING &#x1b;[0m presidio-analyzer:recognizers_loader_utils.py:119 Recognizer not added to registry because language is not supported by registry - ItVatCodeRecognizer supported languages: it, registry supported languages: en
&#x1b;[33mWARNING &#x1b;[0m presidio-analyzer:recognizers_loader_utils.py:119 Recognizer not added to registry because language is not supported by registry - ItIdentityCardRecognizer supported languages: it, registry supported languages: en
&#x1b;[33mWARNING &#x1b;[0m presidio-analyzer:recognizers_loader_utils.py:119 Recognizer not added to registry because language is not supported by registry - ItPassportRecognizer supported languages: it, registry supported languages: en
&#x1b;[33mWARNING &#x1b;[0m presidio-analyzer:recognizers_loader_utils.py:119 Recognizer not added to registry because language is not supported by registry - PlPeselRecognizer supported languages: pl, registry supported languages: en]]></message></reason><output><![CDATA[&#x1b;[33mWARNING &#x1b;[0m presidio-analyzer:recognizers_loader_utils.py:119 Recognizer not added to registry because language is not supported by registry - CreditCardRecognizer supported languages: es, registry supported languages: en
&#x1b;[33mWARNING &#x1b;[0m presidio-analyzer:recognizers_loader_utils.py:119 Recognizer not added to registry because language is not supported by registry - CreditCardRecognizer supported languages: it, registry supported languages: en
&#x1b;[33mWARNING &#x1b;[0m presidio-analyzer:recognizers_loader_utils.py:119 Recognizer not added to registry because language is not supported by registry - CreditCardRecognizer supported languages: pl, registry supported languages: en
&#x1b;[33mWARNING &#x1b;[0m presidio-analyzer:recognizers_loader_utils.py:119 Recognizer not added to registry because language is not supported by registry - EsNifRecognizer supported languages: es, registry supported languages: en
&#x1b;[33mWARNING &#x1b;[0m presidio-analyzer:recognizers_loader_utils.py:119 Recognizer not added to registry because language is not supported by registry - EsNieRecognizer supported languages: es, registry supported languages: en
&#x1b;[33mWARNING &#x1b;[0m presidio-analyzer:recognizers_loader_utils.py:119 Recognizer not added to registry because language is not supported by registry - ItDriverLicenseRecognizer supported languages: it, registry supported languages: en
&#x1b;[33mWARNING &#x1b;[0m presidio-analyzer:recognizers_loader_utils.py:119 Recognizer not added to registry because language is not supported by registry - ItFiscalCodeRecognizer supported languages: it, registry supported languages: en
&#x1b;[33mWARNING &#x1b;[0m presidio-analyzer:recognizers_loader_utils.py:119 Recognizer not added to registry because language is not supported by registry - ItVatCodeRecognizer supported languages: it, registry supported languages: en
&#x1b;[33mWARNING &#x1b;[0m presidio-analyzer:recognizers_loader_utils.py:119 Recognizer not added to registry because language is not supported by registry - ItIdentityCardRecognizer supported languages: it, registry supported languages: en
&#x1b;[33mWARNING &#x1b;[0m presidio-analyzer:recognizers_loader_utils.py:119 Recognizer not added to registry because language is not supported by registry - ItPassportRecognizer supported languages: it, registry supported languages: en
&#x1b;[33mWARNING &#x1b;[0m presidio-analyzer:recognizers_loader_utils.py:119 Recognizer not added to registry because language is not supported by registry - PlPeselRecognizer supported languages: pl, registry supported languages: en]]></output></test-case><test-case id="177" name="tests/test_presidio_analyzer_wrapper.py::test_analyzer_with_generated_text[small-set]" fullname="tests/test_presidio_analyzer_wrapper.py::test_analyzer_with_generated_text[small-set]" methodname="test_analyzer_with_generated_text[small-set]" classname="tests/test_presidio_analyzer_wrapper.py" runstate="Runnable" seed="1" result="Passed" label="Test analyzer with a generated dataset text file&#10;    :param test_input: input text file location&#10;    :param acceptance_threshold: minimum precision/recall&#10;     allowed for tests to pass" start-time="2024-11-26 08:28:41.450226" end-time="2024-11-26 08:28:43.188520" duration="1.738294" asserts="0"><properties><property name="python-version" value="3.9.6 (default, Oct  4 2024, 08:01:31) &#10;[Clang 16.0.0 (clang-1600.0.26.4)]" /><property name="fspath" value="tests/test_presidio_analyzer_wrapper.py" /></properties><environment framework-version="3.6.2" clr-version="3.9.6 (default, Oct  4 2024, 08:01:31) &#10;[Clang 16.0.0 (clang-1600.0.26.4)]" os-version="24.1.0" platform="Darwin" cwd="/Users/omri.mendels/Library/CloudStorage/OneDrive-Microsoft/Projects/presidio/code/presidio-research" machine-name="arm64" user="" user-domain="" culture="en-US" uiculture="en-US" os-architecture="64bit" /><failure><message><![CDATA[]]></message><stack-trace><![CDATA[None]]></stack-trace></failure><reason><message><![CDATA[&#x1b;[33mWARNING &#x1b;[0m presidio-analyzer:recognizers_loader_utils.py:119 Recognizer not added to registry because language is not supported by registry - CreditCardRecognizer supported languages: es, registry supported languages: en
&#x1b;[33mWARNING &#x1b;[0m presidio-analyzer:recognizers_loader_utils.py:119 Recognizer not added to registry because language is not supported by registry - CreditCardRecognizer supported languages: it, registry supported languages: en
&#x1b;[33mWARNING &#x1b;[0m presidio-analyzer:recognizers_loader_utils.py:119 Recognizer not added to registry because language is not supported by registry - CreditCardRecognizer supported languages: pl, registry supported languages: en
&#x1b;[33mWARNING &#x1b;[0m presidio-analyzer:recognizers_loader_utils.py:119 Recognizer not added to registry because language is not supported by registry - EsNifRecognizer supported languages: es, registry supported languages: en
&#x1b;[33mWARNING &#x1b;[0m presidio-analyzer:recognizers_loader_utils.py:119 Recognizer not added to registry because language is not supported by registry - EsNieRecognizer supported languages: es, registry supported languages: en
&#x1b;[33mWARNING &#x1b;[0m presidio-analyzer:recognizers_loader_utils.py:119 Recognizer not added to registry because language is not supported by registry - ItDriverLicenseRecognizer supported languages: it, registry supported languages: en
&#x1b;[33mWARNING &#x1b;[0m presidio-analyzer:recognizers_loader_utils.py:119 Recognizer not added to registry because language is not supported by registry - ItFiscalCodeRecognizer supported languages: it, registry supported languages: en
&#x1b;[33mWARNING &#x1b;[0m presidio-analyzer:recognizers_loader_utils.py:119 Recognizer not added to registry because language is not supported by registry - ItVatCodeRecognizer supported languages: it, registry supported languages: en
&#x1b;[33mWARNING &#x1b;[0m presidio-analyzer:recognizers_loader_utils.py:119 Recognizer not added to registry because language is not supported by registry - ItIdentityCardRecognizer supported languages: it, registry supported languages: en
&#x1b;[33mWARNING &#x1b;[0m presidio-analyzer:recognizers_loader_utils.py:119 Recognizer not added to registry because language is not supported by registry - ItPassportRecognizer supported languages: it, registry supported languages: en
&#x1b;[33mWARNING &#x1b;[0m presidio-analyzer:recognizers_loader_utils.py:119 Recognizer not added to registry because language is not supported by registry - PlPeselRecognizer supported languages: pl, registry supported languages: en]]></message></reason><output><![CDATA[&#x1b;[33mWARNING &#x1b;[0m presidio-analyzer:recognizers_loader_utils.py:119 Recognizer not added to registry because language is not supported by registry - CreditCardRecognizer supported languages: es, registry supported languages: en
&#x1b;[33mWARNING &#x1b;[0m presidio-analyzer:recognizers_loader_utils.py:119 Recognizer not added to registry because language is not supported by registry - CreditCardRecognizer supported languages: it, registry supported languages: en
&#x1b;[33mWARNING &#x1b;[0m presidio-analyzer:recognizers_loader_utils.py:119 Recognizer not added to registry because language is not supported by registry - CreditCardRecognizer supported languages: pl, registry supported languages: en
&#x1b;[33mWARNING &#x1b;[0m presidio-analyzer:recognizers_loader_utils.py:119 Recognizer not added to registry because language is not supported by registry - EsNifRecognizer supported languages: es, registry supported languages: en
&#x1b;[33mWARNING &#x1b;[0m presidio-analyzer:recognizers_loader_utils.py:119 Recognizer not added to registry because language is not supported by registry - EsNieRecognizer supported languages: es, registry supported languages: en
&#x1b;[33mWARNING &#x1b;[0m presidio-analyzer:recognizers_loader_utils.py:119 Recognizer not added to registry because language is not supported by registry - ItDriverLicenseRecognizer supported languages: it, registry supported languages: en
&#x1b;[33mWARNING &#x1b;[0m presidio-analyzer:recognizers_loader_utils.py:119 Recognizer not added to registry because language is not supported by registry - ItFiscalCodeRecognizer supported languages: it, registry supported languages: en
&#x1b;[33mWARNING &#x1b;[0m presidio-analyzer:recognizers_loader_utils.py:119 Recognizer not added to registry because language is not supported by registry - ItVatCodeRecognizer supported languages: it, registry supported languages: en
&#x1b;[33mWARNING &#x1b;[0m presidio-analyzer:recognizers_loader_utils.py:119 Recognizer not added to registry because language is not supported by registry - ItIdentityCardRecognizer supported languages: it, registry supported languages: en
&#x1b;[33mWARNING &#x1b;[0m presidio-analyzer:recognizers_loader_utils.py:119 Recognizer not added to registry because language is not supported by registry - ItPassportRecognizer supported languages: it, registry supported languages: en
&#x1b;[33mWARNING &#x1b;[0m presidio-analyzer:recognizers_loader_utils.py:119 Recognizer not added to registry because language is not supported by registry - PlPeselRecognizer supported languages: pl, registry supported languages: en]]></output></test-case><test-case id="178" name="tests/test_presidio_analyzer_wrapper.py::test_analyzer_with_generated_text[large-set]" fullname="tests/test_presidio_analyzer_wrapper.py::test_analyzer_with_generated_text[large-set]" methodname="test_analyzer_with_generated_text[large-set]" classname="tests/test_presidio_analyzer_wrapper.py" runstate="Runnable" seed="1" result="Passed" label="Test analyzer with a generated dataset text file&#10;    :param test_input: input text file location&#10;    :param acceptance_threshold: minimum precision/recall&#10;     allowed for tests to pass" start-time="2024-11-26 08:28:43.188936" end-time="2024-11-26 08:29:00.302953" duration="17.114017" asserts="0"><properties><property name="python-version" value="3.9.6 (default, Oct  4 2024, 08:01:31) &#10;[Clang 16.0.0 (clang-1600.0.26.4)]" /><property name="fspath" value="tests/test_presidio_analyzer_wrapper.py" /></properties><environment framework-version="3.6.2" clr-version="3.9.6 (default, Oct  4 2024, 08:01:31) &#10;[Clang 16.0.0 (clang-1600.0.26.4)]" os-version="24.1.0" platform="Darwin" cwd="/Users/omri.mendels/Library/CloudStorage/OneDrive-Microsoft/Projects/presidio/code/presidio-research" machine-name="arm64" user="" user-domain="" culture="en-US" uiculture="en-US" os-architecture="64bit" /><failure><message><![CDATA[]]></message><stack-trace><![CDATA[None]]></stack-trace></failure><reason><message><![CDATA[&#x1b;[33mWARNING &#x1b;[0m presidio-analyzer:recognizers_loader_utils.py:119 Recognizer not added to registry because language is not supported by registry - CreditCardRecognizer supported languages: es, registry supported languages: en
&#x1b;[33mWARNING &#x1b;[0m presidio-analyzer:recognizers_loader_utils.py:119 Recognizer not added to registry because language is not supported by registry - CreditCardRecognizer supported languages: it, registry supported languages: en
&#x1b;[33mWARNING &#x1b;[0m presidio-analyzer:recognizers_loader_utils.py:119 Recognizer not added to registry because language is not supported by registry - CreditCardRecognizer supported languages: pl, registry supported languages: en
&#x1b;[33mWARNING &#x1b;[0m presidio-analyzer:recognizers_loader_utils.py:119 Recognizer not added to registry because language is not supported by registry - EsNifRecognizer supported languages: es, registry supported languages: en
&#x1b;[33mWARNING &#x1b;[0m presidio-analyzer:recognizers_loader_utils.py:119 Recognizer not added to registry because language is not supported by registry - EsNieRecognizer supported languages: es, registry supported languages: en
&#x1b;[33mWARNING &#x1b;[0m presidio-analyzer:recognizers_loader_utils.py:119 Recognizer not added to registry because language is not supported by registry - ItDriverLicenseRecognizer supported languages: it, registry supported languages: en
&#x1b;[33mWARNING &#x1b;[0m presidio-analyzer:recognizers_loader_utils.py:119 Recognizer not added to registry because language is not supported by registry - ItFiscalCodeRecognizer supported languages: it, registry supported languages: en
&#x1b;[33mWARNING &#x1b;[0m presidio-analyzer:recognizers_loader_utils.py:119 Recognizer not added to registry because language is not supported by registry - ItVatCodeRecognizer supported languages: it, registry supported languages: en
&#x1b;[33mWARNING &#x1b;[0m presidio-analyzer:recognizers_loader_utils.py:119 Recognizer not added to registry because language is not supported by registry - ItIdentityCardRecognizer supported languages: it, registry supported languages: en
&#x1b;[33mWARNING &#x1b;[0m presidio-analyzer:recognizers_loader_utils.py:119 Recognizer not added to registry because language is not supported by registry - ItPassportRecognizer supported languages: it, registry supported languages: en
&#x1b;[33mWARNING &#x1b;[0m presidio-analyzer:recognizers_loader_utils.py:119 Recognizer not added to registry because language is not supported by registry - PlPeselRecognizer supported languages: pl, registry supported languages: en]]></message></reason><output><![CDATA[&#x1b;[33mWARNING &#x1b;[0m presidio-analyzer:recognizers_loader_utils.py:119 Recognizer not added to registry because language is not supported by registry - CreditCardRecognizer supported languages: es, registry supported languages: en
&#x1b;[33mWARNING &#x1b;[0m presidio-analyzer:recognizers_loader_utils.py:119 Recognizer not added to registry because language is not supported by registry - CreditCardRecognizer supported languages: it, registry supported languages: en
&#x1b;[33mWARNING &#x1b;[0m presidio-analyzer:recognizers_loader_utils.py:119 Recognizer not added to registry because language is not supported by registry - CreditCardRecognizer supported languages: pl, registry supported languages: en
&#x1b;[33mWARNING &#x1b;[0m presidio-analyzer:recognizers_loader_utils.py:119 Recognizer not added to registry because language is not supported by registry - EsNifRecognizer supported languages: es, registry supported languages: en
&#x1b;[33mWARNING &#x1b;[0m presidio-analyzer:recognizers_loader_utils.py:119 Recognizer not added to registry because language is not supported by registry - EsNieRecognizer supported languages: es, registry supported languages: en
&#x1b;[33mWARNING &#x1b;[0m presidio-analyzer:recognizers_loader_utils.py:119 Recognizer not added to registry because language is not supported by registry - ItDriverLicenseRecognizer supported languages: it, registry supported languages: en
&#x1b;[33mWARNING &#x1b;[0m presidio-analyzer:recognizers_loader_utils.py:119 Recognizer not added to registry because language is not supported by registry - ItFiscalCodeRecognizer supported languages: it, registry supported languages: en
&#x1b;[33mWARNING &#x1b;[0m presidio-analyzer:recognizers_loader_utils.py:119 Recognizer not added to registry because language is not supported by registry - ItVatCodeRecognizer supported languages: it, registry supported languages: en
&#x1b;[33mWARNING &#x1b;[0m presidio-analyzer:recognizers_loader_utils.py:119 Recognizer not added to registry because language is not supported by registry - ItIdentityCardRecognizer supported languages: it, registry supported languages: en
&#x1b;[33mWARNING &#x1b;[0m presidio-analyzer:recognizers_loader_utils.py:119 Recognizer not added to registry because language is not supported by registry - ItPassportRecognizer supported languages: it, registry supported languages: en
&#x1b;[33mWARNING &#x1b;[0m presidio-analyzer:recognizers_loader_utils.py:119 Recognizer not added to registry because language is not supported by registry - PlPeselRecognizer supported languages: pl, registry supported languages: en]]></output></test-case><environment framework-version="3.6.2" clr-version="3.9.6 (default, Oct  4 2024, 08:01:31) &#10;[Clang 16.0.0 (clang-1600.0.26.4)]" os-version="24.1.0" platform="Darwin" cwd="/Users/omri.mendels/Library/CloudStorage/OneDrive-Microsoft/Projects/presidio/code/presidio-research" machine-name="arm64" user="" user-domain="" culture="en-US" uiculture="en-US" os-architecture="64bit" /></test-suite><test-suite id="tests/test_data_objects.py" name="tests/test_data_objects.py" fullname="tests/test_data_objects.py" methodname="" classname="" runstate="Runnable" type="Assembly" testcasecount="16" result="Passed" label="" start-time="2024-11-26 08:28:09.758386" end-time="2024-11-26 08:28:12.747807" duration="2.989421" asserts="0" total="16" passed="16" failed="0" warnings="0" inconclusive="0" skipped="0"><properties><property name="python_version" value="3.9.6 (default, Oct  4 2024, 08:01:31) &#10;[Clang 16.0.0 (clang-1600.0.26.4)]" /></properties><test-case id="113" name="tests/test_data_objects.py::test_update_entity_types" fullname="tests/test_data_objects.py::test_update_entity_types" methodname="test_update_entity_types" classname="tests/test_data_objects.py" runstate="Runnable" seed="1" result="Passed" label="" start-time="2024-11-26 08:28:09.758386" end-time="2024-11-26 08:28:09.758706" duration="0.00032" asserts="0"><properties><property name="python-version" value="3.9.6 (default, Oct  4 2024, 08:01:31) &#10;[Clang 16.0.0 (clang-1600.0.26.4)]" /><property name="fspath" value="tests/test_data_objects.py" /></properties><environment framework-version="3.6.2" clr-version="3.9.6 (default, Oct  4 2024, 08:01:31) &#10;[Clang 16.0.0 (clang-1600.0.26.4)]" os-version="24.1.0" platform="Darwin" cwd="/Users/omri.mendels/Library/CloudStorage/OneDrive-Microsoft/Projects/presidio/code/presidio-research" machine-name="arm64" user="" user-domain="" culture="en-US" uiculture="en-US" os-architecture="64bit" /><failure><message><![CDATA[]]></message><stack-trace><![CDATA[None]]></stack-trace></failure><reason><message><![CDATA[]]></message></reason><output><![CDATA[]]></output></test-case><test-case id="114" name="tests/test_data_objects.py::test_load_fakerspan_dataset_from_file" fullname="tests/test_data_objects.py::test_load_fakerspan_dataset_from_file" methodname="test_load_fakerspan_dataset_from_file" classname="tests/test_data_objects.py" runstate="Runnable" seed="1" result="Passed" label="" start-time="2024-11-26 08:28:09.759016" end-time="2024-11-26 08:28:09.760762" duration="0.001746" asserts="0"><properties><property name="python-version" value="3.9.6 (default, Oct  4 2024, 08:01:31) &#10;[Clang 16.0.0 (clang-1600.0.26.4)]" /><property name="fspath" value="tests/test_data_objects.py" /></properties><environment framework-version="3.6.2" clr-version="3.9.6 (default, Oct  4 2024, 08:01:31) &#10;[Clang 16.0.0 (clang-1600.0.26.4)]" os-version="24.1.0" platform="Darwin" cwd="/Users/omri.mendels/Library/CloudStorage/OneDrive-Microsoft/Projects/presidio/code/presidio-research" machine-name="arm64" user="" user-domain="" culture="en-US" uiculture="en-US" os-architecture="64bit" /><failure><message><![CDATA[]]></message><stack-trace><![CDATA[None]]></stack-trace></failure><reason><message><![CDATA[]]></message></reason><output><![CDATA[]]></output></test-case><test-case id="115" name="tests/test_data_objects.py::test_count_entities" fullname="tests/test_data_objects.py::test_count_entities" methodname="test_count_entities" classname="tests/test_data_objects.py" runstate="Runnable" seed="1" result="Passed" label="" start-time="2024-11-26 08:28:09.760992" end-time="2024-11-26 08:28:09.761278" duration="0.000286" asserts="0"><properties><property name="python-version" value="3.9.6 (default, Oct  4 2024, 08:01:31) &#10;[Clang 16.0.0 (clang-1600.0.26.4)]" /><property name="fspath" value="tests/test_data_objects.py" /></properties><environment framework-version="3.6.2" clr-version="3.9.6 (default, Oct  4 2024, 08:01:31) &#10;[Clang 16.0.0 (clang-1600.0.26.4)]" os-version="24.1.0" platform="Darwin" cwd="/Users/omri.mendels/Library/CloudStorage/OneDrive-Microsoft/Projects/presidio/code/presidio-research" machine-name="arm64" user="" user-domain="" culture="en-US" uiculture="en-US" os-architecture="64bit" /><failure><message><![CDATA[]]></message><stack-trace><![CDATA[None]]></stack-trace></failure><reason><message><![CDATA[]]></message></reason><output><![CDATA[]]></output></test-case><test-case id="116" name="tests/test_data_objects.py::test_remove_unsupported_entities" fullname="tests/test_data_objects.py::test_remove_unsupported_entities" methodname="test_remove_unsupported_entities" classname="tests/test_data_objects.py" runstate="Runnable" seed="1" result="Passed" label="" start-time="2024-11-26 08:28:09.761535" end-time="2024-11-26 08:28:09.761817" duration="0.000282" asserts="0"><properties><property name="python-version" value="3.9.6 (default, Oct  4 2024, 08:01:31) &#10;[Clang 16.0.0 (clang-1600.0.26.4)]" /><property name="fspath" value="tests/test_data_objects.py" /></properties><environment framework-version="3.6.2" clr-version="3.9.6 (default, Oct  4 2024, 08:01:31) &#10;[Clang 16.0.0 (clang-1600.0.26.4)]" os-version="24.1.0" platform="Darwin" cwd="/Users/omri.mendels/Library/CloudStorage/OneDrive-Microsoft/Projects/presidio/code/presidio-research" machine-name="arm64" user="" user-domain="" culture="en-US" uiculture="en-US" os-architecture="64bit" /><failure><message><![CDATA[]]></message><stack-trace><![CDATA[None]]></stack-trace></failure><reason><message><![CDATA[]]></message></reason><output><![CDATA[]]></output></test-case><test-case id="117" name="tests/test_data_objects.py::test_to_conll" fullname="tests/test_data_objects.py::test_to_conll" methodname="test_to_conll" classname="tests/test_data_objects.py" runstate="Runnable" seed="1" result="Passed" label="" start-time="2024-11-26 08:28:09.762020" end-time="2024-11-26 08:28:10.229923" duration="0.467903" asserts="0"><properties><property name="python-version" value="3.9.6 (default, Oct  4 2024, 08:01:31) &#10;[Clang 16.0.0 (clang-1600.0.26.4)]" /><property name="fspath" value="tests/test_data_objects.py" /></properties><environment framework-version="3.6.2" clr-version="3.9.6 (default, Oct  4 2024, 08:01:31) &#10;[Clang 16.0.0 (clang-1600.0.26.4)]" os-version="24.1.0" platform="Darwin" cwd="/Users/omri.mendels/Library/CloudStorage/OneDrive-Microsoft/Projects/presidio/code/presidio-research" machine-name="arm64" user="" user-domain="" culture="en-US" uiculture="en-US" os-architecture="64bit" /><failure><message><![CDATA[]]></message><stack-trace><![CDATA[None]]></stack-trace></failure><reason><message><![CDATA[]]></message></reason><output><![CDATA[]]></output></test-case><test-case id="118" name="tests/test_data_objects.py::test_to_spacy_all_entities" fullname="tests/test_data_objects.py::test_to_spacy_all_entities" methodname="test_to_spacy_all_entities" classname="tests/test_data_objects.py" runstate="Runnable" seed="1" result="Passed" label="" start-time="2024-11-26 08:28:10.962767" end-time="2024-11-26 08:28:11.515474" duration="0.552707" asserts="0"><properties><property name="python-version" value="3.9.6 (default, Oct  4 2024, 08:01:31) &#10;[Clang 16.0.0 (clang-1600.0.26.4)]" /><property name="fspath" value="tests/test_data_objects.py" /></properties><environment framework-version="3.6.2" clr-version="3.9.6 (default, Oct  4 2024, 08:01:31) &#10;[Clang 16.0.0 (clang-1600.0.26.4)]" os-version="24.1.0" platform="Darwin" cwd="/Users/omri.mendels/Library/CloudStorage/OneDrive-Microsoft/Projects/presidio/code/presidio-research" machine-name="arm64" user="" user-domain="" culture="en-US" uiculture="en-US" os-architecture="64bit" /><failure><message><![CDATA[]]></message><stack-trace><![CDATA[None]]></stack-trace></failure><reason><message><![CDATA[]]></message></reason><output><![CDATA[]]></output></test-case><test-case id="119" name="tests/test_data_objects.py::test_to_spacy_all_entities_specific_entities" fullname="tests/test_data_objects.py::test_to_spacy_all_entities_specific_entities" methodname="test_to_spacy_all_entities_specific_entities" classname="tests/test_data_objects.py" runstate="Runnable" seed="1" result="Passed" label="" start-time="2024-11-26 08:28:11.515875" end-time="2024-11-26 08:28:11.745335" duration="0.22946" asserts="0"><properties><property name="python-version" value="3.9.6 (default, Oct  4 2024, 08:01:31) &#10;[Clang 16.0.0 (clang-1600.0.26.4)]" /><property name="fspath" value="tests/test_data_objects.py" /></properties><environment framework-version="3.6.2" clr-version="3.9.6 (default, Oct  4 2024, 08:01:31) &#10;[Clang 16.0.0 (clang-1600.0.26.4)]" os-version="24.1.0" platform="Darwin" cwd="/Users/omri.mendels/Library/CloudStorage/OneDrive-Microsoft/Projects/presidio/code/presidio-research" machine-name="arm64" user="" user-domain="" culture="en-US" uiculture="en-US" os-architecture="64bit" /><failure><message><![CDATA[]]></message><stack-trace><![CDATA[None]]></stack-trace></failure><reason><message><![CDATA[]]></message></reason><output><![CDATA[]]></output></test-case><test-case id="120" name="tests/test_data_objects.py::test_to_spacy_file_and_back" fullname="tests/test_data_objects.py::test_to_spacy_file_and_back" methodname="test_to_spacy_file_and_back" classname="tests/test_data_objects.py" runstate="Runnable" seed="1" result="Passed" label="" start-time="2024-11-26 08:28:11.745640" end-time="2024-11-26 08:28:12.489263" duration="0.743623" asserts="0"><properties><property name="python-version" value="3.9.6 (default, Oct  4 2024, 08:01:31) &#10;[Clang 16.0.0 (clang-1600.0.26.4)]" /><property name="fspath" value="tests/test_data_objects.py" /></properties><environment framework-version="3.6.2" clr-version="3.9.6 (default, Oct  4 2024, 08:01:31) &#10;[Clang 16.0.0 (clang-1600.0.26.4)]" os-version="24.1.0" platform="Darwin" cwd="/Users/omri.mendels/Library/CloudStorage/OneDrive-Microsoft/Projects/presidio/code/presidio-research" machine-name="arm64" user="" user-domain="" culture="en-US" uiculture="en-US" os-architecture="64bit" /><failure><message><![CDATA[]]></message><stack-trace><![CDATA[None]]></stack-trace></failure><reason><message><![CDATA[]]></message></reason><output><![CDATA[]]></output></test-case><test-case id="121" name="tests/test_data_objects.py::test_faker_spans_result_to_input_sample" fullname="tests/test_data_objects.py::test_faker_spans_result_to_input_sample" methodname="test_faker_spans_result_to_input_sample" classname="tests/test_data_objects.py" runstate="Runnable" seed="1" result="Passed" label="" start-time="2024-11-26 08:28:12.489602" end-time="2024-11-26 08:28:12.489917" duration="0.000315" asserts="0"><properties><property name="python-version" value="3.9.6 (default, Oct  4 2024, 08:01:31) &#10;[Clang 16.0.0 (clang-1600.0.26.4)]" /><property name="fspath" value="tests/test_data_objects.py" /></properties><environment framework-version="3.6.2" clr-version="3.9.6 (default, Oct  4 2024, 08:01:31) &#10;[Clang 16.0.0 (clang-1600.0.26.4)]" os-version="24.1.0" platform="Darwin" cwd="/Users/omri.mendels/Library/CloudStorage/OneDrive-Microsoft/Projects/presidio/code/presidio-research" machine-name="arm64" user="" user-domain="" culture="en-US" uiculture="en-US" os-architecture="64bit" /><failure><message><![CDATA[]]></message><stack-trace><![CDATA[None]]></stack-trace></failure><reason><message><![CDATA[]]></message></reason><output><![CDATA[]]></output></test-case><test-case id="122" name="tests/test_data_objects.py::test_faker_spans_to_input_sample_with_tags" fullname="tests/test_data_objects.py::test_faker_spans_to_input_sample_with_tags" methodname="test_faker_spans_to_input_sample_with_tags" classname="tests/test_data_objects.py" runstate="Runnable" seed="1" result="Passed" label="" start-time="2024-11-26 08:28:12.490158" end-time="2024-11-26 08:28:12.493570" duration="0.003412" asserts="0"><properties><property name="python-version" value="3.9.6 (default, Oct  4 2024, 08:01:31) &#10;[Clang 16.0.0 (clang-1600.0.26.4)]" /><property name="fspath" value="tests/test_data_objects.py" /></properties><environment framework-version="3.6.2" clr-version="3.9.6 (default, Oct  4 2024, 08:01:31) &#10;[Clang 16.0.0 (clang-1600.0.26.4)]" os-version="24.1.0" platform="Darwin" cwd="/Users/omri.mendels/Library/CloudStorage/OneDrive-Microsoft/Projects/presidio/code/presidio-research" machine-name="arm64" user="" user-domain="" culture="en-US" uiculture="en-US" os-architecture="64bit" /><failure><message><![CDATA[]]></message><stack-trace><![CDATA[None]]></stack-trace></failure><reason><message><![CDATA[]]></message></reason><output><![CDATA[]]></output></test-case><test-case id="123" name="tests/test_data_objects.py::test_from_spacy_doc" fullname="tests/test_data_objects.py::test_from_spacy_doc" methodname="test_from_spacy_doc" classname="tests/test_data_objects.py" runstate="Runnable" seed="1" result="Passed" label="" start-time="2024-11-26 08:28:12.493799" end-time="2024-11-26 08:28:12.744987" duration="0.251188" asserts="0"><properties><property name="python-version" value="3.9.6 (default, Oct  4 2024, 08:01:31) &#10;[Clang 16.0.0 (clang-1600.0.26.4)]" /><property name="fspath" value="tests/test_data_objects.py" /></properties><environment framework-version="3.6.2" clr-version="3.9.6 (default, Oct  4 2024, 08:01:31) &#10;[Clang 16.0.0 (clang-1600.0.26.4)]" os-version="24.1.0" platform="Darwin" cwd="/Users/omri.mendels/Library/CloudStorage/OneDrive-Microsoft/Projects/presidio/code/presidio-research" machine-name="arm64" user="" user-domain="" culture="en-US" uiculture="en-US" os-architecture="64bit" /><failure><message><![CDATA[]]></message><stack-trace><![CDATA[None]]></stack-trace></failure><reason><message><![CDATA[]]></message></reason><output><![CDATA[]]></output></test-case><test-case id="124" name="tests/test_data_objects.py::test_spans_intersection[150-153-160-165-0-True]" fullname="tests/test_data_objects.py::test_spans_intersection[150-153-160-165-0-True]" methodname="test_spans_intersection[150-153-160-165-0-True]" classname="tests/test_data_objects.py" runstate="Runnable" seed="1" result="Passed" label="" start-time="2024-11-26 08:28:12.745455" end-time="2024-11-26 08:28:12.745725" duration="0.00027" asserts="0"><properties><property name="python-version" value="3.9.6 (default, Oct  4 2024, 08:01:31) &#10;[Clang 16.0.0 (clang-1600.0.26.4)]" /><property name="fspath" value="tests/test_data_objects.py" /></properties><environment framework-version="3.6.2" clr-version="3.9.6 (default, Oct  4 2024, 08:01:31) &#10;[Clang 16.0.0 (clang-1600.0.26.4)]" os-version="24.1.0" platform="Darwin" cwd="/Users/omri.mendels/Library/CloudStorage/OneDrive-Microsoft/Projects/presidio/code/presidio-research" machine-name="arm64" user="" user-domain="" culture="en-US" uiculture="en-US" os-architecture="64bit" /><failure><message><![CDATA[]]></message><stack-trace><![CDATA[None]]></stack-trace></failure><reason><message><![CDATA[]]></message></reason><output><![CDATA[]]></output></test-case><test-case id="125" name="tests/test_data_objects.py::test_spans_intersection[150-153-150-153-3-True]" fullname="tests/test_data_objects.py::test_spans_intersection[150-153-150-153-3-True]" methodname="test_spans_intersection[150-153-150-153-3-True]" classname="tests/test_data_objects.py" runstate="Runnable" seed="1" result="Passed" label="" start-time="2024-11-26 08:28:12.746016" end-time="2024-11-26 08:28:12.746253" duration="0.000237" asserts="0"><properties><property name="python-version" value="3.9.6 (default, Oct  4 2024, 08:01:31) &#10;[Clang 16.0.0 (clang-1600.0.26.4)]" /><property name="fspath" value="tests/test_data_objects.py" /></properties><environment framework-version="3.6.2" clr-version="3.9.6 (default, Oct  4 2024, 08:01:31) &#10;[Clang 16.0.0 (clang-1600.0.26.4)]" os-version="24.1.0" platform="Darwin" cwd="/Users/omri.mendels/Library/CloudStorage/OneDrive-Microsoft/Projects/presidio/code/presidio-research" machine-name="arm64" user="" user-domain="" culture="en-US" uiculture="en-US" os-architecture="64bit" /><failure><message><![CDATA[]]></message><stack-trace><![CDATA[None]]></stack-trace></failure><reason><message><![CDATA[]]></message></reason><output><![CDATA[]]></output></test-case><test-case id="126" name="tests/test_data_objects.py::test_spans_intersection[150-153-152-154-1-True]" fullname="tests/test_data_objects.py::test_spans_intersection[150-153-152-154-1-True]" methodname="test_spans_intersection[150-153-152-154-1-True]" classname="tests/test_data_objects.py" runstate="Runnable" seed="1" result="Passed" label="" start-time="2024-11-26 08:28:12.746540" end-time="2024-11-26 08:28:12.746781" duration="0.000241" asserts="0"><properties><property name="python-version" value="3.9.6 (default, Oct  4 2024, 08:01:31) &#10;[Clang 16.0.0 (clang-1600.0.26.4)]" /><property name="fspath" value="tests/test_data_objects.py" /></properties><environment framework-version="3.6.2" clr-version="3.9.6 (default, Oct  4 2024, 08:01:31) &#10;[Clang 16.0.0 (clang-1600.0.26.4)]" os-version="24.1.0" platform="Darwin" cwd="/Users/omri.mendels/Library/CloudStorage/OneDrive-Microsoft/Projects/presidio/code/presidio-research" machine-name="arm64" user="" user-domain="" culture="en-US" uiculture="en-US" os-architecture="64bit" /><failure><message><![CDATA[]]></message><stack-trace><![CDATA[None]]></stack-trace></failure><reason><message><![CDATA[]]></message></reason><output><![CDATA[]]></output></test-case><test-case id="127" name="tests/test_data_objects.py::test_spans_intersection[150-153-100-151-1-True]" fullname="tests/test_data_objects.py::test_spans_intersection[150-153-100-151-1-True]" methodname="test_spans_intersection[150-153-100-151-1-True]" classname="tests/test_data_objects.py" runstate="Runnable" seed="1" result="Passed" label="" start-time="2024-11-26 08:28:12.747050" end-time="2024-11-26 08:28:12.747289" duration="0.000239" asserts="0"><properties><property name="python-version" value="3.9.6 (default, Oct  4 2024, 08:01:31) &#10;[Clang 16.0.0 (clang-1600.0.26.4)]" /><property name="fspath" value="tests/test_data_objects.py" /></properties><environment framework-version="3.6.2" clr-version="3.9.6 (default, Oct  4 2024, 08:01:31) &#10;[Clang 16.0.0 (clang-1600.0.26.4)]" os-version="24.1.0" platform="Darwin" cwd="/Users/omri.mendels/Library/CloudStorage/OneDrive-Microsoft/Projects/presidio/code/presidio-research" machine-name="arm64" user="" user-domain="" culture="en-US" uiculture="en-US" os-architecture="64bit" /><failure><message><![CDATA[]]></message><stack-trace><![CDATA[None]]></stack-trace></failure><reason><message><![CDATA[]]></message></reason><output><![CDATA[]]></output></test-case><test-case id="128" name="tests/test_data_objects.py::test_spans_intersection[150-153-100-151-0-False]" fullname="tests/test_data_objects.py::test_spans_intersection[150-153-100-151-0-False]" methodname="test_spans_intersection[150-153-100-151-0-False]" classname="tests/test_data_objects.py" runstate="Runnable" seed="1" result="Passed" label="" start-time="2024-11-26 08:28:12.747561" end-time="2024-11-26 08:28:12.747807" duration="0.000246" asserts="0"><properties><property name="python-version" value="3.9.6 (default, Oct  4 2024, 08:01:31) &#10;[Clang 16.0.0 (clang-1600.0.26.4)]" /><property name="fspath" value="tests/test_data_objects.py" /></properties><environment framework-version="3.6.2" clr-version="3.9.6 (default, Oct  4 2024, 08:01:31) &#10;[Clang 16.0.0 (clang-1600.0.26.4)]" os-version="24.1.0" platform="Darwin" cwd="/Users/omri.mendels/Library/CloudStorage/OneDrive-Microsoft/Projects/presidio/code/presidio-research" machine-name="arm64" user="" user-domain="" culture="en-US" uiculture="en-US" os-architecture="64bit" /><failure><message><![CDATA[]]></message><stack-trace><![CDATA[None]]></stack-trace></failure><reason><message><![CDATA[]]></message></reason><output><![CDATA[]]></output></test-case><environment framework-version="3.6.2" clr-version="3.9.6 (default, Oct  4 2024, 08:01:31) &#10;[Clang 16.0.0 (clang-1600.0.26.4)]" os-version="24.1.0" platform="Darwin" cwd="/Users/omri.mendels/Library/CloudStorage/OneDrive-Microsoft/Projects/presidio/code/presidio-research" machine-name="arm64" user="" user-domain="" culture="en-US" uiculture="en-US" os-architecture="64bit" /></test-suite><test-suite id="tests/test_recognizers_template_join_csv.py" name="tests/test_recognizers_template_join_csv.py" fullname="tests/test_recognizers_template_join_csv.py" methodname="" classname="" runstate="Runnable" type="Assembly" testcasecount="3" result="Passed" label="" start-time="2024-11-26 08:29:17.600107" end-time="2024-11-26 08:29:21.236736" duration="3.636629" asserts="0" total="3" passed="3" failed="0" warnings="0" inconclusive="0" skipped="0"><properties><property name="python_version" value="3.9.6 (default, Oct  4 2024, 08:01:31) &#10;[Clang 16.0.0 (clang-1600.0.26.4)]" /></properties><test-case id="188" name="tests/test_recognizers_template_join_csv.py::test_pattern_recognizer[rocket-no-errors]" fullname="tests/test_recognizers_template_join_csv.py::test_pattern_recognizer[rocket-no-errors]" methodname="test_pattern_recognizer[rocket-no-errors]" classname="tests/test_recognizers_template_join_csv.py" runstate="Runnable" seed="1" result="Passed" label="Test generic pattern recognizer with a dataset generated from template, a CSV values file with common entities&#10;    and another CSV values file with a custom entity&#10;    :param pii_csv: input csv file location with the common entities&#10;    :param ext_csv: input csv file location with custom entities&#10;    :param utterances: template file location&#10;    :param entity_name: custom entity name&#10;    :param pattern: recognizer pattern&#10;    :param num_of_examples: number of samples to be used from dataset to test&#10;    :param acceptance_threshold: minimum precision/recall&#10;     allowed for tests to pass" start-time="2024-11-26 08:29:17.600107" end-time="2024-11-26 08:29:18.555374" duration="0.955267" asserts="0"><properties><property name="python-version" value="3.9.6 (default, Oct  4 2024, 08:01:31) &#10;[Clang 16.0.0 (clang-1600.0.26.4)]" /><property name="fspath" value="tests/test_recognizers_template_join_csv.py" /></properties><environment framework-version="3.6.2" clr-version="3.9.6 (default, Oct  4 2024, 08:01:31) &#10;[Clang 16.0.0 (clang-1600.0.26.4)]" os-version="24.1.0" platform="Darwin" cwd="/Users/omri.mendels/Library/CloudStorage/OneDrive-Microsoft/Projects/presidio/code/presidio-research" machine-name="arm64" user="" user-domain="" culture="en-US" uiculture="en-US" os-architecture="64bit" /><failure><message><![CDATA[]]></message><stack-trace><![CDATA[None]]></stack-trace></failure><reason><message><![CDATA[&#x1b;[33mWARNING &#x1b;[0m presidio-analyzer:ner_model_configuration.py:78 model_to_presidio_entity_mapping is missing from configuration, using default
&#x1b;[33mWARNING &#x1b;[0m presidio-analyzer:ner_model_configuration.py:84 low_score_entity_names is missing from configuration, using default
&#x1b;[33mWARNING &#x1b;[0m presidio-analyzer:ner_model_configuration.py:89 labels_to_ignore is missing from configuration, using default]]></message></reason><output><![CDATA[&#x1b;[33mWARNING &#x1b;[0m presidio-analyzer:ner_model_configuration.py:78 model_to_presidio_entity_mapping is missing from configuration, using default
&#x1b;[33mWARNING &#x1b;[0m presidio-analyzer:ner_model_configuration.py:84 low_score_entity_names is missing from configuration, using default
&#x1b;[33mWARNING &#x1b;[0m presidio-analyzer:ner_model_configuration.py:89 labels_to_ignore is missing from configuration, using default]]></output></test-case><test-case id="189" name="tests/test_recognizers_template_join_csv.py::test_pattern_recognizer[rocket-all-errors]" fullname="tests/test_recognizers_template_join_csv.py::test_pattern_recognizer[rocket-all-errors]" methodname="test_pattern_recognizer[rocket-all-errors]" classname="tests/test_recognizers_template_join_csv.py" runstate="Runnable" seed="1" result="Passed" label="Test generic pattern recognizer with a dataset generated from template, a CSV values file with common entities&#10;    and another CSV values file with a custom entity&#10;    :param pii_csv: input csv file location with the common entities&#10;    :param ext_csv: input csv file location with custom entities&#10;    :param utterances: template file location&#10;    :param entity_name: custom entity name&#10;    :param pattern: recognizer pattern&#10;    :param num_of_examples: number of samples to be used from dataset to test&#10;    :param acceptance_threshold: minimum precision/recall&#10;     allowed for tests to pass" start-time="2024-11-26 08:29:18.555868" end-time="2024-11-26 08:29:19.594557" duration="1.038689" asserts="0"><properties><property name="python-version" value="3.9.6 (default, Oct  4 2024, 08:01:31) &#10;[Clang 16.0.0 (clang-1600.0.26.4)]" /><property name="fspath" value="tests/test_recognizers_template_join_csv.py" /></properties><environment framework-version="3.6.2" clr-version="3.9.6 (default, Oct  4 2024, 08:01:31) &#10;[Clang 16.0.0 (clang-1600.0.26.4)]" os-version="24.1.0" platform="Darwin" cwd="/Users/omri.mendels/Library/CloudStorage/OneDrive-Microsoft/Projects/presidio/code/presidio-research" machine-name="arm64" user="" user-domain="" culture="en-US" uiculture="en-US" os-architecture="64bit" /><failure><message><![CDATA[]]></message><stack-trace><![CDATA[None]]></stack-trace></failure><reason><message><![CDATA[&#x1b;[33mWARNING &#x1b;[0m presidio-analyzer:ner_model_configuration.py:78 model_to_presidio_entity_mapping is missing from configuration, using default
&#x1b;[33mWARNING &#x1b;[0m presidio-analyzer:ner_model_configuration.py:84 low_score_entity_names is missing from configuration, using default
&#x1b;[33mWARNING &#x1b;[0m presidio-analyzer:ner_model_configuration.py:89 labels_to_ignore is missing from configuration, using default]]></message></reason><output><![CDATA[&#x1b;[33mWARNING &#x1b;[0m presidio-analyzer:ner_model_configuration.py:78 model_to_presidio_entity_mapping is missing from configuration, using default
&#x1b;[33mWARNING &#x1b;[0m presidio-analyzer:ner_model_configuration.py:84 low_score_entity_names is missing from configuration, using default
&#x1b;[33mWARNING &#x1b;[0m presidio-analyzer:ner_model_configuration.py:89 labels_to_ignore is missing from configuration, using default]]></output></test-case><test-case id="190" name="tests/test_recognizers_template_join_csv.py::test_pattern_recognizer[rocket-some-errors]" fullname="tests/test_recognizers_template_join_csv.py::test_pattern_recognizer[rocket-some-errors]" methodname="test_pattern_recognizer[rocket-some-errors]" classname="tests/test_recognizers_template_join_csv.py" runstate="Runnable" seed="1" result="Passed" label="Test generic pattern recognizer with a dataset generated from template, a CSV values file with common entities&#10;    and another CSV values file with a custom entity&#10;    :param pii_csv: input csv file location with the common entities&#10;    :param ext_csv: input csv file location with custom entities&#10;    :param utterances: template file location&#10;    :param entity_name: custom entity name&#10;    :param pattern: recognizer pattern&#10;    :param num_of_examples: number of samples to be used from dataset to test&#10;    :param acceptance_threshold: minimum precision/recall&#10;     allowed for tests to pass" start-time="2024-11-26 08:29:19.595156" end-time="2024-11-26 08:29:21.236736" duration="1.64158" asserts="0"><properties><property name="python-version" value="3.9.6 (default, Oct  4 2024, 08:01:31) &#10;[Clang 16.0.0 (clang-1600.0.26.4)]" /><property name="fspath" value="tests/test_recognizers_template_join_csv.py" /></properties><environment framework-version="3.6.2" clr-version="3.9.6 (default, Oct  4 2024, 08:01:31) &#10;[Clang 16.0.0 (clang-1600.0.26.4)]" os-version="24.1.0" platform="Darwin" cwd="/Users/omri.mendels/Library/CloudStorage/OneDrive-Microsoft/Projects/presidio/code/presidio-research" machine-name="arm64" user="" user-domain="" culture="en-US" uiculture="en-US" os-architecture="64bit" /><failure><message><![CDATA[]]></message><stack-trace><![CDATA[None]]></stack-trace></failure><reason><message><![CDATA[&#x1b;[33mWARNING &#x1b;[0m presidio-analyzer:ner_model_configuration.py:78 model_to_presidio_entity_mapping is missing from configuration, using default
&#x1b;[33mWARNING &#x1b;[0m presidio-analyzer:ner_model_configuration.py:84 low_score_entity_names is missing from configuration, using default
&#x1b;[33mWARNING &#x1b;[0m presidio-analyzer:ner_model_configuration.py:89 labels_to_ignore is missing from configuration, using default]]></message></reason><output><![CDATA[&#x1b;[33mWARNING &#x1b;[0m presidio-analyzer:ner_model_configuration.py:78 model_to_presidio_entity_mapping is missing from configuration, using default
&#x1b;[33mWARNING &#x1b;[0m presidio-analyzer:ner_model_configuration.py:84 low_score_entity_names is missing from configuration, using default
&#x1b;[33mWARNING &#x1b;[0m presidio-analyzer:ner_model_configuration.py:89 labels_to_ignore is missing from configuration, using default]]></output></test-case><environment framework-version="3.6.2" clr-version="3.9.6 (default, Oct  4 2024, 08:01:31) &#10;[Clang 16.0.0 (clang-1600.0.26.4)]" os-version="24.1.0" platform="Darwin" cwd="/Users/omri.mendels/Library/CloudStorage/OneDrive-Microsoft/Projects/presidio/code/presidio-research" machine-name="arm64" user="" user-domain="" culture="en-US" uiculture="en-US" os-architecture="64bit" /></test-suite><test-suite id="tests/test_flair_model.py" name="tests/test_flair_model.py" fullname="tests/test_flair_model.py" methodname="" classname="" runstate="Runnable" type="Assembly" testcasecount="1" result="Passed" label="" start-time="2024-11-26 08:28:13.230237" end-time="2024-11-26 08:28:40.335052" duration="27.104815" asserts="0" total="1" passed="1" failed="0" warnings="0" inconclusive="0" skipped="0"><properties><property name="python_version" value="3.9.6 (default, Oct  4 2024, 08:01:31) &#10;[Clang 16.0.0 (clang-1600.0.26.4)]" /></properties><test-case id="159" name="tests/test_flair_model.py::test_flair_simple" fullname="tests/test_flair_model.py::test_flair_simple" methodname="test_flair_simple" classname="tests/test_flair_model.py" runstate="Runnable" seed="1" result="Passed" label="" start-time="2024-11-26 08:28:13.230237" end-time="2024-11-26 08:28:40.335052" duration="27.104815" asserts="0"><properties><property name="python-version" value="3.9.6 (default, Oct  4 2024, 08:01:31) &#10;[Clang 16.0.0 (clang-1600.0.26.4)]" /><property name="fspath" value="tests/test_flair_model.py" /></properties><environment framework-version="3.6.2" clr-version="3.9.6 (default, Oct  4 2024, 08:01:31) &#10;[Clang 16.0.0 (clang-1600.0.26.4)]" os-version="24.1.0" platform="Darwin" cwd="/Users/omri.mendels/Library/CloudStorage/OneDrive-Microsoft/Projects/presidio/code/presidio-research" machine-name="arm64" user="" user-domain="" culture="en-US" uiculture="en-US" os-architecture="64bit" /><failure><message><![CDATA[]]></message><stack-trace><![CDATA[None]]></stack-trace></failure><reason><message><![CDATA[]]></message></reason><output><![CDATA[]]></output></test-case><environment framework-version="3.6.2" clr-version="3.9.6 (default, Oct  4 2024, 08:01:31) &#10;[Clang 16.0.0 (clang-1600.0.26.4)]" os-version="24.1.0" platform="Darwin" cwd="/Users/omri.mendels/Library/CloudStorage/OneDrive-Microsoft/Projects/presidio/code/presidio-research" machine-name="arm64" user="" user-domain="" culture="en-US" uiculture="en-US" os-architecture="64bit" /></test-suite><test-suite id="tests/test_providers.py" name="tests/test_providers.py" fullname="tests/test_providers.py" methodname="" classname="" runstate="Runnable" type="Assembly" testcasecount="3" result="Passed" label="" start-time="2024-11-26 08:29:00.461947" end-time="2024-11-26 08:29:03.934973" duration="3.473026" asserts="0" total="3" passed="3" failed="0" warnings="0" inconclusive="0" skipped="0"><properties><property name="python_version" value="3.9.6 (default, Oct  4 2024, 08:01:31) &#10;[Clang 16.0.0 (clang-1600.0.26.4)]" /></properties><test-case id="182" name="tests/test_providers.py::test_nationality_provider" fullname="tests/test_providers.py::test_nationality_provider" methodname="test_nationality_provider" classname="tests/test_providers.py" runstate="Runnable" seed="1" result="Passed" label="" start-time="2024-11-26 08:29:00.461947" end-time="2024-11-26 08:29:00.525699" duration="0.063752" asserts="0"><properties><property name="python-version" value="3.9.6 (default, Oct  4 2024, 08:01:31) &#10;[Clang 16.0.0 (clang-1600.0.26.4)]" /><property name="fspath" value="tests/test_providers.py" /></properties><environment framework-version="3.6.2" clr-version="3.9.6 (default, Oct  4 2024, 08:01:31) &#10;[Clang 16.0.0 (clang-1600.0.26.4)]" os-version="24.1.0" platform="Darwin" cwd="/Users/omri.mendels/Library/CloudStorage/OneDrive-Microsoft/Projects/presidio/code/presidio-research" machine-name="arm64" user="" user-domain="" culture="en-US" uiculture="en-US" os-architecture="64bit" /><failure><message><![CDATA[]]></message><stack-trace><![CDATA[None]]></stack-trace></failure><reason><message><![CDATA[]]></message></reason><output><![CDATA[]]></output></test-case><test-case id="183" name="tests/test_providers.py::test_organization_provider" fullname="tests/test_providers.py::test_organization_provider" methodname="test_organization_provider" classname="tests/test_providers.py" runstate="Runnable" seed="1" result="Passed" label="" start-time="2024-11-26 08:29:00.525938" end-time="2024-11-26 08:29:00.587217" duration="0.061279" asserts="0"><properties><property name="python-version" value="3.9.6 (default, Oct  4 2024, 08:01:31) &#10;[Clang 16.0.0 (clang-1600.0.26.4)]" /><property name="fspath" value="tests/test_providers.py" /></properties><environment framework-version="3.6.2" clr-version="3.9.6 (default, Oct  4 2024, 08:01:31) &#10;[Clang 16.0.0 (clang-1600.0.26.4)]" os-version="24.1.0" platform="Darwin" cwd="/Users/omri.mendels/Library/CloudStorage/OneDrive-Microsoft/Projects/presidio/code/presidio-research" machine-name="arm64" user="" user-domain="" culture="en-US" uiculture="en-US" os-architecture="64bit" /><failure><message><![CDATA[]]></message><stack-trace><![CDATA[None]]></stack-trace></failure><reason><message><![CDATA[]]></message></reason><output><![CDATA[]]></output></test-case><test-case id="184" name="tests/test_providers.py::test_hospital_provider" fullname="tests/test_providers.py::test_hospital_provider" methodname="test_hospital_provider" classname="tests/test_providers.py" runstate="Runnable" seed="1" result="Passed" label="" start-time="2024-11-26 08:29:00.587482" end-time="2024-11-26 08:29:03.934973" duration="3.347491" asserts="0"><properties><property name="python-version" value="3.9.6 (default, Oct  4 2024, 08:01:31) &#10;[Clang 16.0.0 (clang-1600.0.26.4)]" /><property name="fspath" value="tests/test_providers.py" /></properties><environment framework-version="3.6.2" clr-version="3.9.6 (default, Oct  4 2024, 08:01:31) &#10;[Clang 16.0.0 (clang-1600.0.26.4)]" os-version="24.1.0" platform="Darwin" cwd="/Users/omri.mendels/Library/CloudStorage/OneDrive-Microsoft/Projects/presidio/code/presidio-research" machine-name="arm64" user="" user-domain="" culture="en-US" uiculture="en-US" os-architecture="64bit" /><failure><message><![CDATA[]]></message><stack-trace><![CDATA[None]]></stack-trace></failure><reason><message><![CDATA[]]></message></reason><output><![CDATA[]]></output></test-case><environment framework-version="3.6.2" clr-version="3.9.6 (default, Oct  4 2024, 08:01:31) &#10;[Clang 16.0.0 (clang-1600.0.26.4)]" os-version="24.1.0" platform="Darwin" cwd="/Users/omri.mendels/Library/CloudStorage/OneDrive-Microsoft/Projects/presidio/code/presidio-research" machine-name="arm64" user="" user-domain="" culture="en-US" uiculture="en-US" os-architecture="64bit" /></test-suite><test-suite id="tests/test_span_generator.py" name="tests/test_span_generator.py" fullname="tests/test_span_generator.py" methodname="" classname="" runstate="Runnable" type="Assembly" testcasecount="12" result="Passed" label="" start-time="2024-11-26 08:29:44.840947" end-time="2024-11-26 08:29:44.846819" duration="0.005872" asserts="0" total="12" passed="12" failed="0" warnings="0" inconclusive="0" skipped="0"><properties><property name="python_version" value="3.9.6 (default, Oct  4 2024, 08:01:31) &#10;[Clang 16.0.0 (clang-1600.0.26.4)]" /></properties><test-case id="201" name="tests/test_span_generator.py::test_one_replacement[My name is {{foo}}-My name is bar]" fullname="tests/test_span_generator.py::test_one_replacement[My name is {{foo}}-My name is bar]" methodname="test_one_replacement[My name is {{foo}}-My name is bar]" classname="tests/test_span_generator.py" runstate="Runnable" seed="1" result="Passed" label="" start-time="2024-11-26 08:29:44.840947" end-time="2024-11-26 08:29:44.841226" duration="0.000279" asserts="0"><properties><property name="python-version" value="3.9.6 (default, Oct  4 2024, 08:01:31) &#10;[Clang 16.0.0 (clang-1600.0.26.4)]" /><property name="fspath" value="tests/test_span_generator.py" /></properties><environment framework-version="3.6.2" clr-version="3.9.6 (default, Oct  4 2024, 08:01:31) &#10;[Clang 16.0.0 (clang-1600.0.26.4)]" os-version="24.1.0" platform="Darwin" cwd="/Users/omri.mendels/Library/CloudStorage/OneDrive-Microsoft/Projects/presidio/code/presidio-research" machine-name="arm64" user="" user-domain="" culture="en-US" uiculture="en-US" os-architecture="64bit" /><failure><message><![CDATA[]]></message><stack-trace><![CDATA[None]]></stack-trace></failure><reason><message><![CDATA[]]></message></reason><output><![CDATA[]]></output></test-case><test-case id="202" name="tests/test_span_generator.py::test_one_replacement[My name is {{  foo   }}-My name is bar]" fullname="tests/test_span_generator.py::test_one_replacement[My name is {{  foo   }}-My name is bar]" methodname="test_one_replacement[My name is {{  foo   }}-My name is bar]" classname="tests/test_span_generator.py" runstate="Runnable" seed="1" result="Passed" label="" start-time="2024-11-26 08:29:44.841497" end-time="2024-11-26 08:29:44.841723" duration="0.000226" asserts="0"><properties><property name="python-version" value="3.9.6 (default, Oct  4 2024, 08:01:31) &#10;[Clang 16.0.0 (clang-1600.0.26.4)]" /><property name="fspath" value="tests/test_span_generator.py" /></properties><environment framework-version="3.6.2" clr-version="3.9.6 (default, Oct  4 2024, 08:01:31) &#10;[Clang 16.0.0 (clang-1600.0.26.4)]" os-version="24.1.0" platform="Darwin" cwd="/Users/omri.mendels/Library/CloudStorage/OneDrive-Microsoft/Projects/presidio/code/presidio-research" machine-name="arm64" user="" user-domain="" culture="en-US" uiculture="en-US" os-architecture="64bit" /><failure><message><![CDATA[]]></message><stack-trace><![CDATA[None]]></stack-trace></failure><reason><message><![CDATA[]]></message></reason><output><![CDATA[]]></output></test-case><test-case id="203" name="tests/test_span_generator.py::test_one_replacement[my name is {{foofoofoo}}-my name is bar]" fullname="tests/test_span_generator.py::test_one_replacement[my name is {{foofoofoo}}-my name is bar]" methodname="test_one_replacement[my name is {{foofoofoo}}-my name is bar]" classname="tests/test_span_generator.py" runstate="Runnable" seed="1" result="Passed" label="" start-time="2024-11-26 08:29:44.841947" end-time="2024-11-26 08:29:44.842178" duration="0.000231" asserts="0"><properties><property name="python-version" value="3.9.6 (default, Oct  4 2024, 08:01:31) &#10;[Clang 16.0.0 (clang-1600.0.26.4)]" /><property name="fspath" value="tests/test_span_generator.py" /></properties><environment framework-version="3.6.2" clr-version="3.9.6 (default, Oct  4 2024, 08:01:31) &#10;[Clang 16.0.0 (clang-1600.0.26.4)]" os-version="24.1.0" platform="Darwin" cwd="/Users/omri.mendels/Library/CloudStorage/OneDrive-Microsoft/Projects/presidio/code/presidio-research" machine-name="arm64" user="" user-domain="" culture="en-US" uiculture="en-US" os-architecture="64bit" /><failure><message><![CDATA[]]></message><stack-trace><![CDATA[None]]></stack-trace></failure><reason><message><![CDATA[]]></message></reason><output><![CDATA[]]></output></test-case><test-case id="204" name="tests/test_span_generator.py::test_one_replacement[my name is {{FOO}}-my name is bar]" fullname="tests/test_span_generator.py::test_one_replacement[my name is {{FOO}}-my name is bar]" methodname="test_one_replacement[my name is {{FOO}}-my name is bar]" classname="tests/test_span_generator.py" runstate="Runnable" seed="1" result="Passed" label="" start-time="2024-11-26 08:29:44.842412" end-time="2024-11-26 08:29:44.842639" duration="0.000227" asserts="0"><properties><property name="python-version" value="3.9.6 (default, Oct  4 2024, 08:01:31) &#10;[Clang 16.0.0 (clang-1600.0.26.4)]" /><property name="fspath" value="tests/test_span_generator.py" /></properties><environment framework-version="3.6.2" clr-version="3.9.6 (default, Oct  4 2024, 08:01:31) &#10;[Clang 16.0.0 (clang-1600.0.26.4)]" os-version="24.1.0" platform="Darwin" cwd="/Users/omri.mendels/Library/CloudStorage/OneDrive-Microsoft/Projects/presidio/code/presidio-research" machine-name="arm64" user="" user-domain="" culture="en-US" uiculture="en-US" os-architecture="64bit" /><failure><message><![CDATA[]]></message><stack-trace><![CDATA[None]]></stack-trace></failure><reason><message><![CDATA[]]></message></reason><output><![CDATA[]]></output></test-case><test-case id="205" name="tests/test_span_generator.py::test_multiple_replacements" fullname="tests/test_span_generator.py::test_multiple_replacements" methodname="test_multiple_replacements" classname="tests/test_span_generator.py" runstate="Runnable" seed="1" result="Passed" label="" start-time="2024-11-26 08:29:44.842829" end-time="2024-11-26 08:29:44.843061" duration="0.000232" asserts="0"><properties><property name="python-version" value="3.9.6 (default, Oct  4 2024, 08:01:31) &#10;[Clang 16.0.0 (clang-1600.0.26.4)]" /><property name="fspath" value="tests/test_span_generator.py" /></properties><environment framework-version="3.6.2" clr-version="3.9.6 (default, Oct  4 2024, 08:01:31) &#10;[Clang 16.0.0 (clang-1600.0.26.4)]" os-version="24.1.0" platform="Darwin" cwd="/Users/omri.mendels/Library/CloudStorage/OneDrive-Microsoft/Projects/presidio/code/presidio-research" machine-name="arm64" user="" user-domain="" culture="en-US" uiculture="en-US" os-architecture="64bit" /><failure><message><![CDATA[]]></message><stack-trace><![CDATA[None]]></stack-trace></failure><reason><message><![CDATA[]]></message></reason><output><![CDATA[]]></output></test-case><test-case id="206" name="tests/test_span_generator.py::test_spans_result_repr" fullname="tests/test_span_generator.py::test_spans_result_repr" methodname="test_spans_result_repr" classname="tests/test_span_generator.py" runstate="Runnable" seed="1" result="Passed" label="" start-time="2024-11-26 08:29:44.843233" end-time="2024-11-26 08:29:44.843474" duration="0.000241" asserts="0"><properties><property name="python-version" value="3.9.6 (default, Oct  4 2024, 08:01:31) &#10;[Clang 16.0.0 (clang-1600.0.26.4)]" /><property name="fspath" value="tests/test_span_generator.py" /></properties><environment framework-version="3.6.2" clr-version="3.9.6 (default, Oct  4 2024, 08:01:31) &#10;[Clang 16.0.0 (clang-1600.0.26.4)]" os-version="24.1.0" platform="Darwin" cwd="/Users/omri.mendels/Library/CloudStorage/OneDrive-Microsoft/Projects/presidio/code/presidio-research" machine-name="arm64" user="" user-domain="" culture="en-US" uiculture="en-US" os-architecture="64bit" /><failure><message><![CDATA[]]></message><stack-trace><![CDATA[None]]></stack-trace></failure><reason><message><![CDATA[]]></message></reason><output><![CDATA[]]></output></test-case><test-case id="207" name="tests/test_span_generator.py::test_no_replacements" fullname="tests/test_span_generator.py::test_no_replacements" methodname="test_no_replacements" classname="tests/test_span_generator.py" runstate="Runnable" seed="1" result="Passed" label="" start-time="2024-11-26 08:29:44.843654" end-time="2024-11-26 08:29:44.843857" duration="0.000203" asserts="0"><properties><property name="python-version" value="3.9.6 (default, Oct  4 2024, 08:01:31) &#10;[Clang 16.0.0 (clang-1600.0.26.4)]" /><property name="fspath" value="tests/test_span_generator.py" /></properties><environment framework-version="3.6.2" clr-version="3.9.6 (default, Oct  4 2024, 08:01:31) &#10;[Clang 16.0.0 (clang-1600.0.26.4)]" os-version="24.1.0" platform="Darwin" cwd="/Users/omri.mendels/Library/CloudStorage/OneDrive-Microsoft/Projects/presidio/code/presidio-research" machine-name="arm64" user="" user-domain="" culture="en-US" uiculture="en-US" os-architecture="64bit" /><failure><message><![CDATA[]]></message><stack-trace><![CDATA[None]]></stack-trace></failure><reason><message><![CDATA[]]></message></reason><output><![CDATA[]]></output></test-case><test-case id="208" name="tests/test_span_generator.py::test_without_spans" fullname="tests/test_span_generator.py::test_without_spans" methodname="test_without_spans" classname="tests/test_span_generator.py" runstate="Runnable" seed="1" result="Passed" label="" start-time="2024-11-26 08:29:44.844034" end-time="2024-11-26 08:29:44.844241" duration="0.000207" asserts="0"><properties><property name="python-version" value="3.9.6 (default, Oct  4 2024, 08:01:31) &#10;[Clang 16.0.0 (clang-1600.0.26.4)]" /><property name="fspath" value="tests/test_span_generator.py" /></properties><environment framework-version="3.6.2" clr-version="3.9.6 (default, Oct  4 2024, 08:01:31) &#10;[Clang 16.0.0 (clang-1600.0.26.4)]" os-version="24.1.0" platform="Darwin" cwd="/Users/omri.mendels/Library/CloudStorage/OneDrive-Microsoft/Projects/presidio/code/presidio-research" machine-name="arm64" user="" user-domain="" culture="en-US" uiculture="en-US" os-architecture="64bit" /><failure><message><![CDATA[]]></message><stack-trace><![CDATA[None]]></stack-trace></failure><reason><message><![CDATA[]]></message></reason><output><![CDATA[]]></output></test-case><test-case id="209" name="tests/test_span_generator.py::test_generated_text_contains_spans_text" fullname="tests/test_span_generator.py::test_generated_text_contains_spans_text" methodname="test_generated_text_contains_spans_text" classname="tests/test_span_generator.py" runstate="Runnable" seed="1" result="Passed" label="" start-time="2024-11-26 08:29:44.844422" end-time="2024-11-26 08:29:44.844883" duration="0.000461" asserts="0"><properties><property name="python-version" value="3.9.6 (default, Oct  4 2024, 08:01:31) &#10;[Clang 16.0.0 (clang-1600.0.26.4)]" /><property name="fspath" value="tests/test_span_generator.py" /></properties><environment framework-version="3.6.2" clr-version="3.9.6 (default, Oct  4 2024, 08:01:31) &#10;[Clang 16.0.0 (clang-1600.0.26.4)]" os-version="24.1.0" platform="Darwin" cwd="/Users/omri.mendels/Library/CloudStorage/OneDrive-Microsoft/Projects/presidio/code/presidio-research" machine-name="arm64" user="" user-domain="" culture="en-US" uiculture="en-US" os-architecture="64bit" /><failure><message><![CDATA[]]></message><stack-trace><![CDATA[None]]></stack-trace></failure><reason><message><![CDATA[]]></message></reason><output><![CDATA[]]></output></test-case><test-case id="210" name="tests/test_span_generator.py::test_generated_text_duplicate_types_returns_different_results[{{name}} My name is {{name}}- My name is ]" fullname="tests/test_span_generator.py::test_generated_text_duplicate_types_returns_different_results[{{name}} My name is {{name}}- My name is ]" methodname="test_generated_text_duplicate_types_returns_different_results[{{name}} My name is {{name}}- My name is ]" classname="tests/test_span_generator.py" runstate="Runnable" seed="1" result="Passed" label="" start-time="2024-11-26 08:29:44.845113" end-time="2024-11-26 08:29:44.845488" duration="0.000375" asserts="0"><properties><property name="python-version" value="3.9.6 (default, Oct  4 2024, 08:01:31) &#10;[Clang 16.0.0 (clang-1600.0.26.4)]" /><property name="fspath" value="tests/test_span_generator.py" /></properties><environment framework-version="3.6.2" clr-version="3.9.6 (default, Oct  4 2024, 08:01:31) &#10;[Clang 16.0.0 (clang-1600.0.26.4)]" os-version="24.1.0" platform="Darwin" cwd="/Users/omri.mendels/Library/CloudStorage/OneDrive-Microsoft/Projects/presidio/code/presidio-research" machine-name="arm64" user="" user-domain="" culture="en-US" uiculture="en-US" os-architecture="64bit" /><failure><message><![CDATA[]]></message><stack-trace><![CDATA[None]]></stack-trace></failure><reason><message><![CDATA[]]></message></reason><output><![CDATA[]]></output></test-case><test-case id="211" name="tests/test_span_generator.py::test_generated_text_duplicate_types_returns_different_results[a b {{name}}{{name}}{{name}}-a b ]" fullname="tests/test_span_generator.py::test_generated_text_duplicate_types_returns_different_results[a b {{name}}{{name}}{{name}}-a b ]" methodname="test_generated_text_duplicate_types_returns_different_results[a b {{name}}{{name}}{{name}}-a b ]" classname="tests/test_span_generator.py" runstate="Runnable" seed="1" result="Passed" label="" start-time="2024-11-26 08:29:44.845712" end-time="2024-11-26 08:29:44.846153" duration="0.000441" asserts="0"><properties><property name="python-version" value="3.9.6 (default, Oct  4 2024, 08:01:31) &#10;[Clang 16.0.0 (clang-1600.0.26.4)]" /><property name="fspath" value="tests/test_span_generator.py" /></properties><environment framework-version="3.6.2" clr-version="3.9.6 (default, Oct  4 2024, 08:01:31) &#10;[Clang 16.0.0 (clang-1600.0.26.4)]" os-version="24.1.0" platform="Darwin" cwd="/Users/omri.mendels/Library/CloudStorage/OneDrive-Microsoft/Projects/presidio/code/presidio-research" machine-name="arm64" user="" user-domain="" culture="en-US" uiculture="en-US" os-architecture="64bit" /><failure><message><![CDATA[]]></message><stack-trace><![CDATA[None]]></stack-trace></failure><reason><message><![CDATA[]]></message></reason><output><![CDATA[]]></output></test-case><test-case id="212" name="tests/test_span_generator.py::test_generated_text_duplicate_types_returns_different_results[...{{name}}{{name}} {{name}}...-... ...]" fullname="tests/test_span_generator.py::test_generated_text_duplicate_types_returns_different_results[...{{name}}{{name}} {{name}}...-... ...]" methodname="test_generated_text_duplicate_types_returns_different_results[...{{name}}{{name}} {{name}}...-... ...]" classname="tests/test_span_generator.py" runstate="Runnable" seed="1" result="Passed" label="" start-time="2024-11-26 08:29:44.846377" end-time="2024-11-26 08:29:44.846819" duration="0.000442" asserts="0"><properties><property name="python-version" value="3.9.6 (default, Oct  4 2024, 08:01:31) &#10;[Clang 16.0.0 (clang-1600.0.26.4)]" /><property name="fspath" value="tests/test_span_generator.py" /></properties><environment framework-version="3.6.2" clr-version="3.9.6 (default, Oct  4 2024, 08:01:31) &#10;[Clang 16.0.0 (clang-1600.0.26.4)]" os-version="24.1.0" platform="Darwin" cwd="/Users/omri.mendels/Library/CloudStorage/OneDrive-Microsoft/Projects/presidio/code/presidio-research" machine-name="arm64" user="" user-domain="" culture="en-US" uiculture="en-US" os-architecture="64bit" /><failure><message><![CDATA[]]></message><stack-trace><![CDATA[None]]></stack-trace></failure><reason><message><![CDATA[]]></message></reason><output><![CDATA[]]></output></test-case><environment framework-version="3.6.2" clr-version="3.9.6 (default, Oct  4 2024, 08:01:31) &#10;[Clang 16.0.0 (clang-1600.0.26.4)]" os-version="24.1.0" platform="Darwin" cwd="/Users/omri.mendels/Library/CloudStorage/OneDrive-Microsoft/Projects/presidio/code/presidio-research" machine-name="arm64" user="" user-domain="" culture="en-US" uiculture="en-US" os-architecture="64bit" /></test-suite></test-run>